Event[51]:
  Log Name: Application
  Source: Microsoft-Windows-COMRuntime
  Date: 2025-03-07T11:58:37.555
  Event ID: 10031
  Task: N/A
  Level: Error
  Opcode: Info
  Keyword: Classic
  User: N/A
  User Name: N/A
  Computer: ASP-OP-UPMKR3.ASPIAL.com
  Description: 
An unmarshaling policy check was performed when unmarshaling a custom marshaled object and the class {45FB4600-E6E8-4928-B25E-50476FF79425} was rejected

Event[52]:
  Log Name: Application
  Source: Microsoft-Windows-COMRuntime
  Date: 2025-03-07T11:54:39.989
  Event ID: 10031
  Task: N/A
  Level: Error
  Opcode: Info
  Keyword: Classic
  User: N/A
  User Name: N/A
  Computer: ASP-OP-UPMKR3.ASPIAL.com
  Description: 
An unmarshaling policy check was performed when unmarshaling a custom marshaled object and the class {45FB4600-E6E8-4928-B25E-50476FF79425} was rejected

Event[53]:
  Log Name: Application
  Source: Microsoft-Windows-COMRuntime
  Date: 2025-03-07T10:56:46.235
  Event ID: 10031
  Task: N/A
  Level: Error
  Opcode: Info
  Keyword: Classic
  User: N/A
  User Name: N/A
  Computer: ASP-OP-UPMKR3.ASPIAL.com
  Description: 
An unmarshaling policy check was performed when unmarshaling a custom marshaled object and the class {45FB4600-E6E8-4928-B25E-50476FF79425} was rejected

Event[54]:
  Log Name: Application
  Source: Microsoft-Windows-COMRuntime
  Date: 2025-03-07T10:34:38.182
  Event ID: 10031
  Task: N/A
  Level: Error
  Opcode: Info
  Keyword: Classic
  User: N/A
  User Name: N/A
  Computer: ASP-OP-UPMKR3.ASPIAL.com
  Description: 
An unmarshaling policy check was performed when unmarshaling a custom marshaled object and the class {45FB4600-E6E8-4928-B25E-50476FF79425} was rejected

Event[55]:
  Log Name: Application
  Source: Microsoft-Windows-COMRuntime
  Date: 2025-03-07T09:58:37.447
  Event ID: 10031
  Task: N/A
  Level: Error
  Opcode: Info
  Keyword: Classic
  User: N/A
  User Name: N/A
  Computer: ASP-OP-UPMKR3.ASPIAL.com
  Description: 
An unmarshaling policy check was performed when unmarshaling a custom marshaled object and the class {45FB4600-E6E8-4928-B25E-50476FF79425} was rejected

Event[56]:
  Log Name: Application
  Source: Microsoft-Windows-COMRuntime
  Date: 2025-03-07T09:54:38.475
  Event ID: 10031
  Task: N/A
  Level: Error
  Opcode: Info
  Keyword: Classic
  User: N/A
  User Name: N/A
  Computer: ASP-OP-UPMKR3.ASPIAL.com
  Description: 
An unmarshaling policy check was performed when unmarshaling a custom marshaled object and the class {45FB4600-E6E8-4928-B25E-50476FF79425} was rejected

Event[57]:
  Log Name: Application
  Source: Microsoft-Windows-COMRuntime
  Date: 2025-03-07T08:58:37.382
  Event ID: 10031
  Task: N/A
  Level: Error
  Opcode: Info
  Keyword: Classic
  User: N/A
  User Name: N/A
  Computer: ASP-OP-UPMKR3.ASPIAL.com
  Description: 
An unmarshaling policy check was performed when unmarshaling a custom marshaled object and the class {45FB4600-E6E8-4928-B25E-50476FF79425} was rejected

Event[58]:
  Log Name: Application
  Source: Microsoft-Windows-COMRuntime
  Date: 2025-03-07T08:31:38.863
  Event ID: 10031
  Task: N/A
  Level: Error
  Opcode: Info
  Keyword: Classic
  User: N/A
  User Name: N/A
  Computer: ASP-OP-UPMKR3.ASPIAL.com
  Description: 
An unmarshaling policy check was performed when unmarshaling a custom marshaled object and the class {45FB4600-E6E8-4928-B25E-50476FF79425} was rejected

Event[59]:
  Log Name: Application
  Source: Microsoft-Windows-COMRuntime
  Date: 2025-03-07T07:57:17.908
  Event ID: 10031
  Task: N/A
  Level: Error
  Opcode: Info
  Keyword: Classic
  User: N/A
  User Name: N/A
  Computer: ASP-OP-UPMKR3.ASPIAL.com
  Description: 
An unmarshaling policy check was performed when unmarshaling a custom marshaled object and the class {45FB4600-E6E8-4928-B25E-50476FF79425} was rejected

Event[60]:
  Log Name: Application
  Source: Microsoft-Windows-Perflib
  Date: 2025-03-07T07:56:35.342
  Event ID: 1008
  Task: N/A
  Level: Error
  Opcode: N/A
  Keyword: Classic
  User: N/A
  User Name: N/A
  Computer: ASP-OP-UPMKR3.ASPIAL.com
  Description: 
The Open Procedure for service "BITS" in DLL "C:\Windows\System32\bitsperf.dll" failed. Performance data for this service will not be available. The first four bytes (DWORD) of the Data section contains the error code.

Event[61]:
  Log Name: Application
  Source: pgagent-pg11
  Date: 2025-03-07T07:56:32.811
  Event ID: 0
  Task: N/A
  Level: Error
  Opcode: Info
  Keyword: Classic
  User: N/A
  User Name: N/A
  Computer: ASP-OP-UPMKR3.ASPIAL.com
  Description: 
Unsupported schema version: . Version 4 is required - please run pgagent_upgrade.sql.

Event[62]:
  Log Name: Application
  Source: pgagent-pg11
  Date: 2025-03-07T07:56:27.764
  Event ID: 0
  Task: N/A
  Level: Error
  Opcode: Info
  Keyword: Classic
  User: N/A
  User Name: N/A
  Computer: ASP-OP-UPMKR3.ASPIAL.com
  Description: 
Couldn't find the function 'pgagent_schema_version' - please run pgagent_upgrade.sql.

Event[63]:
  Log Name: Application
  Source: pgagent-pg11
  Date: 2025-03-07T07:56:27.764
  Event ID: 0
  Task: N/A
  Level: Error
  Opcode: Info
  Keyword: Classic
  User: N/A
  User Name: N/A
  Computer: ASP-OP-UPMKR3.ASPIAL.com
  Description: 
Could not find the table 'pgagent.pga_job'. Have you run pgagent.sql on this database?

Event[64]:
  Log Name: Application
  Source: Microsoft-Windows-COMRuntime
  Date: 2025-03-06T15:58:40.940
  Event ID: 10031
  Task: N/A
  Level: Error
  Opcode: Info
  Keyword: Classic
  User: N/A
  User Name: N/A
  Computer: ASP-OP-UPMKR3.ASPIAL.com
  Description: 
An unmarshaling policy check was performed when unmarshaling a custom marshaled object and the class {45FB4600-E6E8-4928-B25E-50476FF79425} was rejected

Event[65]:
  Log Name: Application
  Source: Microsoft-Windows-COMRuntime
  Date: 2025-03-06T15:56:45.084
  Event ID: 10031
  Task: N/A
  Level: Error
  Opcode: Info
  Keyword: Classic
  User: N/A
  User Name: N/A
  Computer: ASP-OP-UPMKR3.ASPIAL.com
  Description: 
An unmarshaling policy check was performed when unmarshaling a custom marshaled object and the class {45FB4600-E6E8-4928-B25E-50476FF79425} was rejected

Event[66]:
  Log Name: Application
  Source: Microsoft-Windows-COMRuntime
  Date: 2025-03-06T14:58:40.888
  Event ID: 10031
  Task: N/A
  Level: Error
  Opcode: Info
  Keyword: Classic
  User: N/A
  User Name: N/A
  Computer: ASP-OP-UPMKR3.ASPIAL.com
  Description: 
An unmarshaling policy check was performed when unmarshaling a custom marshaled object and the class {45FB4600-E6E8-4928-B25E-50476FF79425} was rejected

Event[67]:
  Log Name: Application
  Source: Microsoft-Windows-COMRuntime
  Date: 2025-03-06T14:37:41.918
  Event ID: 10031
  Task: N/A
  Level: Error
  Opcode: Info
  Keyword: Classic
  User: N/A
  User Name: N/A
  Computer: ASP-OP-UPMKR3.ASPIAL.com
  Description: 
An unmarshaling policy check was performed when unmarshaling a custom marshaled object and the class {45FB4600-E6E8-4928-B25E-50476FF79425} was rejected

Event[68]:
  Log Name: Application
  Source: Microsoft-Windows-COMRuntime
  Date: 2025-03-06T13:58:40.839
  Event ID: 10031
  Task: N/A
  Level: Error
  Opcode: Info
  Keyword: Classic
  User: N/A
  User Name: N/A
  Computer: ASP-OP-UPMKR3.ASPIAL.com
  Description: 
An unmarshaling policy check was performed when unmarshaling a custom marshaled object and the class {45FB4600-E6E8-4928-B25E-50476FF79425} was rejected

Event[69]:
  Log Name: Application
  Source: Microsoft-Windows-COMRuntime
  Date: 2025-03-06T13:52:41.545
  Event ID: 10031
  Task: N/A
  Level: Error
  Opcode: Info
  Keyword: Classic
  User: N/A
  User Name: N/A
  Computer: ASP-OP-UPMKR3.ASPIAL.com
  Description: 
An unmarshaling policy check was performed when unmarshaling a custom marshaled object and the class {45FB4600-E6E8-4928-B25E-50476FF79425} was rejected

Event[70]:
  Log Name: Application
  Source: Microsoft-Windows-COMRuntime
  Date: 2025-03-06T12:58:40.782
  Event ID: 10031
  Task: N/A
  Level: Error
  Opcode: Info
  Keyword: Classic
  User: N/A
  User Name: N/A
  Computer: ASP-OP-UPMKR3.ASPIAL.com
  Description: 
An unmarshaling policy check was performed when unmarshaling a custom marshaled object and the class {45FB4600-E6E8-4928-B25E-50476FF79425} was rejected

Event[71]:
  Log Name: Application
  Source: Microsoft-Windows-COMRuntime
  Date: 2025-03-06T12:33:42.015
  Event ID: 10031
  Task: N/A
  Level: Error
  Opcode: Info
  Keyword: Classic
  User: N/A
  User Name: N/A
  Computer: ASP-OP-UPMKR3.ASPIAL.com
  Description: 
An unmarshaling policy check was performed when unmarshaling a custom marshaled object and the class {45FB4600-E6E8-4928-B25E-50476FF79425} was rejected

Event[72]:
  Log Name: Application
  Source: Microsoft-Windows-COMRuntime
  Date: 2025-03-06T11:58:40.709
  Event ID: 10031
  Task: N/A
  Level: Error
  Opcode: Info
  Keyword: Classic
  User: N/A
  User Name: N/A
  Computer: ASP-OP-UPMKR3.ASPIAL.com
  Description: 
An unmarshaling policy check was performed when unmarshaling a custom marshaled object and the class {45FB4600-E6E8-4928-B25E-50476FF79425} was rejected

Event[73]:
  Log Name: Application
  Source: Microsoft-Windows-COMRuntime
  Date: 2025-03-06T11:26:49.501
  Event ID: 10031
  Task: N/A
  Level: Error
  Opcode: Info
  Keyword: Classic
  User: N/A
  User Name: N/A
  Computer: ASP-OP-UPMKR3.ASPIAL.com
  Description: 
An unmarshaling policy check was performed when unmarshaling a custom marshaled object and the class {45FB4600-E6E8-4928-B25E-50476FF79425} was rejected

Event[74]:
  Log Name: Application
  Source: Microsoft-Windows-COMRuntime
  Date: 2025-03-06T10:58:40.817
  Event ID: 10031
  Task: N/A
  Level: Error
  Opcode: Info
  Keyword: Classic
  User: N/A
  User Name: N/A
  Computer: ASP-OP-UPMKR3.ASPIAL.com
  Description: 
An unmarshaling policy check was performed when unmarshaling a custom marshaled object and the class {45FB4600-E6E8-4928-B25E-50476FF79425} was rejected

Event[75]:
  Log Name: Application
  Source: Microsoft-Windows-COMRuntime
  Date: 2025-03-06T10:56:45.432
  Event ID: 10031
  Task: N/A
  Level: Error
  Opcode: Info
  Keyword: Classic
  User: N/A
  User Name: N/A
  Computer: ASP-OP-UPMKR3.ASPIAL.com
  Description: 
An unmarshaling policy check was performed when unmarshaling a custom marshaled object and the class {45FB4600-E6E8-4928-B25E-50476FF79425} was rejected

Event[76]:
  Log Name: Application
  Source: Microsoft-Windows-COMRuntime
  Date: 2025-03-06T09:58:40.621
  Event ID: 10031
  Task: N/A
  Level: Error
  Opcode: Info
  Keyword: Classic
  User: N/A
  User Name: N/A
  Computer: ASP-OP-UPMKR3.ASPIAL.com
  Description: 
An unmarshaling policy check was performed when unmarshaling a custom marshaled object and the class {45FB4600-E6E8-4928-B25E-50476FF79425} was rejected

Event[77]:
  Log Name: Application
  Source: Microsoft-Windows-COMRuntime
  Date: 2025-03-06T09:58:40.606
  Event ID: 10031
  Task: N/A
  Level: Error
  Opcode: Info
  Keyword: Classic
  User: N/A
  User Name: N/A
  Computer: ASP-OP-UPMKR3.ASPIAL.com
  Description: 
An unmarshaling policy check was performed when unmarshaling a custom marshaled object and the class {45FB4600-E6E8-4928-B25E-50476FF79425} was rejected

Event[78]:
  Log Name: Application
  Source: Microsoft-Windows-COMRuntime
  Date: 2025-03-06T08:58:40.551
  Event ID: 10031
  Task: N/A
  Level: Error
  Opcode: Info
  Keyword: Classic
  User: N/A
  User Name: N/A
  Computer: ASP-OP-UPMKR3.ASPIAL.com
  Description: 
An unmarshaling policy check was performed when unmarshaling a custom marshaled object and the class {45FB4600-E6E8-4928-B25E-50476FF79425} was rejected

Event[79]:
  Log Name: Application
  Source: Microsoft-Windows-COMRuntime
  Date: 2025-03-06T08:43:41.168
  Event ID: 10031
  Task: N/A
  Level: Error
  Opcode: Info
  Keyword: Classic
  User: N/A
  User Name: N/A
  Computer: ASP-OP-UPMKR3.ASPIAL.com
  Description: 
An unmarshaling policy check was performed when unmarshaling a custom marshaled object and the class {45FB4600-E6E8-4928-B25E-50476FF79425} was rejected

Event[80]:
  Log Name: Application
  Source: Microsoft-Windows-COMRuntime
  Date: 2025-03-06T07:57:11.755
  Event ID: 10031
  Task: N/A
  Level: Error
  Opcode: Info
  Keyword: Classic
  User: N/A
  User Name: N/A
  Computer: ASP-OP-UPMKR3.ASPIAL.com
  Description: 
An unmarshaling policy check was performed when unmarshaling a custom marshaled object and the class {45FB4600-E6E8-4928-B25E-50476FF79425} was rejected

Event[81]:
  Log Name: Application
  Source: Microsoft-Windows-Perflib
  Date: 2025-03-06T07:56:29.948
  Event ID: 1008
  Task: N/A
  Level: Error
  Opcode: N/A
  Keyword: Classic
  User: N/A
  User Name: N/A
  Computer: ASP-OP-UPMKR3.ASPIAL.com
  Description: 
The Open Procedure for service "BITS" in DLL "C:\Windows\System32\bitsperf.dll" failed. Performance data for this service will not be available. The first four bytes (DWORD) of the Data section contains the error code.

Event[82]:
  Log Name: Application
  Source: pgagent-pg11
  Date: 2025-03-06T07:56:25.245
  Event ID: 0
  Task: N/A
  Level: Error
  Opcode: Info
  Keyword: Classic
  User: N/A
  User Name: N/A
  Computer: ASP-OP-UPMKR3.ASPIAL.com
  Description: 
Could not find the table 'pgagent.pga_job'. Have you run pgagent.sql on this database?

Event[83]:
  Log Name: Application
  Source: Microsoft-Windows-COMRuntime
  Date: 2025-03-05T15:58:22.637
  Event ID: 10031
  Task: N/A
  Level: Error
  Opcode: Info
  Keyword: Classic
  User: N/A
  User Name: N/A
  Computer: ASP-OP-UPMKR3.ASPIAL.com
  Description: 
An unmarshaling policy check was performed when unmarshaling a custom marshaled object and the class {45FB4600-E6E8-4928-B25E-50476FF79425} was rejected

Event[84]:
  Log Name: Application
  Source: Microsoft-Windows-COMRuntime
  Date: 2025-03-05T15:52:23.465
  Event ID: 10031
  Task: N/A
  Level: Error
  Opcode: Info
  Keyword: Classic
  User: N/A
  User Name: N/A
  Computer: ASP-OP-UPMKR3.ASPIAL.com
  Description: 
An unmarshaling policy check was performed when unmarshaling a custom marshaled object and the class {45FB4600-E6E8-4928-B25E-50476FF79425} was rejected

Event[85]:
  Log Name: Application
  Source: Microsoft-Windows-COMRuntime
  Date: 2025-03-05T14:58:22.559
  Event ID: 10031
  Task: N/A
  Level: Error
  Opcode: Info
  Keyword: Classic
  User: N/A
  User Name: N/A
  Computer: ASP-OP-UPMKR3.ASPIAL.com
  Description: 
An unmarshaling policy check was performed when unmarshaling a custom marshaled object and the class {45FB4600-E6E8-4928-B25E-50476FF79425} was rejected

Event[86]:
  Log Name: Application
  Source: Microsoft-Windows-COMRuntime
  Date: 2025-03-05T14:41:23.290
  Event ID: 10031
  Task: N/A
  Level: Error
  Opcode: Info
  Keyword: Classic
  User: N/A
  User Name: N/A
  Computer: ASP-OP-UPMKR3.ASPIAL.com
  Description: 
An unmarshaling policy check was performed when unmarshaling a custom marshaled object and the class {45FB4600-E6E8-4928-B25E-50476FF79425} was rejected

Event[87]:
  Log Name: Application
  Source: Microsoft-Windows-COMRuntime
  Date: 2025-03-05T13:58:22.515
  Event ID: 10031
  Task: N/A
  Level: Error
  Opcode: Info
  Keyword: Classic
  User: N/A
  User Name: N/A
  Computer: ASP-OP-UPMKR3.ASPIAL.com
  Description: 
An unmarshaling policy check was performed when unmarshaling a custom marshaled object and the class {45FB4600-E6E8-4928-B25E-50476FF79425} was rejected

Event[88]:
  Log Name: Application
  Source: Microsoft-Windows-COMRuntime
  Date: 2025-03-05T13:49:23.838
  Event ID: 10031
  Task: N/A
  Level: Error
  Opcode: Info
  Keyword: Classic
  User: N/A
  User Name: N/A
  Computer: ASP-OP-UPMKR3.ASPIAL.com
  Description: 
An unmarshaling policy check was performed when unmarshaling a custom marshaled object and the class {45FB4600-E6E8-4928-B25E-50476FF79425} was rejected

Event[89]:
  Log Name: Application
  Source: Microsoft-Windows-COMRuntime
  Date: 2025-03-05T12:58:22.474
  Event ID: 10031
  Task: N/A
  Level: Error
  Opcode: Info
  Keyword: Classic
  User: N/A
  User Name: N/A
  Computer: ASP-OP-UPMKR3.ASPIAL.com
  Description: 
An unmarshaling policy check was performed when unmarshaling a custom marshaled object and the class {45FB4600-E6E8-4928-B25E-50476FF79425} was rejected

Event[90]:
  Log Name: Application
  Source: Microsoft-Windows-COMRuntime
  Date: 2025-03-05T12:44:12.859
  Event ID: 10031
  Task: N/A
  Level: Error
  Opcode: Info
  Keyword: Classic
  User: N/A
  User Name: N/A
  Computer: ASP-OP-UPMKR3.ASPIAL.com
  Description: 
An unmarshaling policy check was performed when unmarshaling a custom marshaled object and the class {45FB4600-E6E8-4928-B25E-50476FF79425} was rejected

Event[91]:
  Log Name: Application
  Source: Microsoft-Windows-COMRuntime
  Date: 2025-03-05T11:58:22.408
  Event ID: 10031
  Task: N/A
  Level: Error
  Opcode: Info
  Keyword: Classic
  User: N/A
  User Name: N/A
  Computer: ASP-OP-UPMKR3.ASPIAL.com
  Description: 
An unmarshaling policy check was performed when unmarshaling a custom marshaled object and the class {45FB4600-E6E8-4928-B25E-50476FF79425} was rejected

Event[92]:
  Log Name: Application
  Source: Microsoft-Windows-COMRuntime
  Date: 2025-03-05T11:47:23.732
  Event ID: 10031
  Task: N/A
  Level: Error
  Opcode: Info
  Keyword: Classic
  User: N/A
  User Name: N/A
  Computer: ASP-OP-UPMKR3.ASPIAL.com
  Description: 
An unmarshaling policy check was performed when unmarshaling a custom marshaled object and the class {45FB4600-E6E8-4928-B25E-50476FF79425} was rejected

Event[93]:
  Log Name: Application
  Source: Microsoft-Windows-COMRuntime
  Date: 2025-03-05T10:58:22.362
  Event ID: 10031
  Task: N/A
  Level: Error
  Opcode: Info
  Keyword: Classic
  User: N/A
  User Name: N/A
  Computer: ASP-OP-UPMKR3.ASPIAL.com
  Description: 
An unmarshaling policy check was performed when unmarshaling a custom marshaled object and the class {45FB4600-E6E8-4928-B25E-50476FF79425} was rejected

Event[94]:
  Log Name: Application
  Source: Microsoft-Windows-COMRuntime
  Date: 2025-03-05T10:30:23.099
  Event ID: 10031
  Task: N/A
  Level: Error
  Opcode: Info
  Keyword: Classic
  User: N/A
  User Name: N/A
  Computer: ASP-OP-UPMKR3.ASPIAL.com
  Description: 
An unmarshaling policy check was performed when unmarshaling a custom marshaled object and the class {45FB4600-E6E8-4928-B25E-50476FF79425} was rejected

Event[95]:
  Log Name: Application
  Source: Microsoft-Windows-COMRuntime
  Date: 2025-03-05T09:58:22.318
  Event ID: 10031
  Task: N/A
  Level: Error
  Opcode: Info
  Keyword: Classic
  User: N/A
  User Name: N/A
  Computer: ASP-OP-UPMKR3.ASPIAL.com
  Description: 
An unmarshaling policy check was performed when unmarshaling a custom marshaled object and the class {45FB4600-E6E8-4928-B25E-50476FF79425} was rejected

Event[96]:
  Log Name: Application
  Source: Microsoft-Windows-COMRuntime
  Date: 2025-03-05T09:56:27.077
  Event ID: 10031
  Task: N/A
  Level: Error
  Opcode: Info
  Keyword: Classic
  User: N/A
  User Name: N/A
  Computer: ASP-OP-UPMKR3.ASPIAL.com
  Description: 
An unmarshaling policy check was performed when unmarshaling a custom marshaled object and the class {45FB4600-E6E8-4928-B25E-50476FF79425} was rejected

Event[97]:
  Log Name: Application
  Source: Microsoft-Windows-COMRuntime
  Date: 2025-03-05T08:58:22.453
  Event ID: 10031
  Task: N/A
  Level: Error
  Opcode: Info
  Keyword: Classic
  User: N/A
  User Name: N/A
  Computer: ASP-OP-UPMKR3.ASPIAL.com
  Description: 
An unmarshaling policy check was performed when unmarshaling a custom marshaled object and the class {45FB4600-E6E8-4928-B25E-50476FF79425} was rejected

Event[98]:
  Log Name: Application
  Source: Microsoft-Windows-COMRuntime
  Date: 2025-03-05T08:48:23.767
  Event ID: 10031
  Task: N/A
  Level: Error
  Opcode: Info
  Keyword: Classic
  User: N/A
  User Name: N/A
  Computer: ASP-OP-UPMKR3.ASPIAL.com
  Description: 
An unmarshaling policy check was performed when unmarshaling a custom marshaled object and the class {45FB4600-E6E8-4928-B25E-50476FF79425} was rejected

Event[99]:
  Log Name: Application
  Source: Microsoft-Windows-COMRuntime
  Date: 2025-03-05T07:57:03.249
  Event ID: 10031
  Task: N/A
  Level: Error
  Opcode: Info
  Keyword: Classic
  User: N/A
  User Name: N/A
  Computer: ASP-OP-UPMKR3.ASPIAL.com
  Description: 
An unmarshaling policy check was performed when unmarshaling a custom marshaled object and the class {45FB4600-E6E8-4928-B25E-50476FF79425} was rejected


--------------------------------------- Actual shadows details -----------------------------------
vssadmin 1.1 - Volume Shadow Copy Service administrative command-line tool
(C) Copyright 2001-2013 Microsoft Corp.

No items found that satisfy the query.

--------------------------------------------------------------------------------------------------
Script execution finished at Tue 03/11/2025 17:57:48.74 
--------------------------------------------------------------------------------------------------
