Event[74]:
  Log Name: System
  Source: Microsoft-Windows-DistributedCOM
  Date: 2025-02-07T14:51:04.268
  Event ID: 10016
  Task: N/A
  Level: Error
  Opcode: Info
  Keyword: Classic
  User: S-1-5-21-448539723-879983540-682003330-32723
  User Name: ASPIAL\adam_chang
  Computer: ASP-OP-DPMKRE1.ASPIAL.com
  Description: 
The application-specific permission settings do not grant Local Activation permission for the COM Server application with CLSID 
{D63B10C5-BB46-4990-A94F-E40B9D520160}
 and APPID 
{9CA88EE3-ACB7-47C8-AFC4-AB702511C276}
 to the user ASPIAL\adam_chang SID (S-1-5-21-448539723-879983540-682003330-32723) from address LocalHost (Using LRPC) running in the application container Unavailable SID (Unavailable). This security permission can be modified using the Component Services administrative tool.

Event[75]:
  Log Name: System
  Source: Microsoft-Windows-DistributedCOM
  Date: 2025-02-07T14:51:03.533
  Event ID: 10016
  Task: N/A
  Level: Error
  Opcode: Info
  Keyword: Classic
  User: S-1-5-21-448539723-879983540-682003330-32723
  User Name: ASPIAL\adam_chang
  Computer: ASP-OP-DPMKRE1.ASPIAL.com
  Description: 
The application-specific permission settings do not grant Local Activation permission for the COM Server application with CLSID 
{D63B10C5-BB46-4990-A94F-E40B9D520160}
 and APPID 
{9CA88EE3-ACB7-47C8-AFC4-AB702511C276}
 to the user ASPIAL\adam_chang SID (S-1-5-21-448539723-879983540-682003330-32723) from address LocalHost (Using LRPC) running in the application container Unavailable SID (Unavailable). This security permission can be modified using the Component Services administrative tool.

Event[76]:
  Log Name: System
  Source: Microsoft-Windows-DistributedCOM
  Date: 2025-02-07T14:51:02.892
  Event ID: 10016
  Task: N/A
  Level: Error
  Opcode: Info
  Keyword: Classic
  User: S-1-5-21-448539723-879983540-682003330-32723
  User Name: ASPIAL\adam_chang
  Computer: ASP-OP-DPMKRE1.ASPIAL.com
  Description: 
The application-specific permission settings do not grant Local Activation permission for the COM Server application with CLSID 
{D63B10C5-BB46-4990-A94F-E40B9D520160}
 and APPID 
{9CA88EE3-ACB7-47C8-AFC4-AB702511C276}
 to the user ASPIAL\adam_chang SID (S-1-5-21-448539723-879983540-682003330-32723) from address LocalHost (Using LRPC) running in the application container Unavailable SID (Unavailable). This security permission can be modified using the Component Services administrative tool.

Event[77]:
  Log Name: System
  Source: Microsoft-Windows-DistributedCOM
  Date: 2025-02-07T14:51:02.205
  Event ID: 10016
  Task: N/A
  Level: Error
  Opcode: Info
  Keyword: Classic
  User: S-1-5-21-448539723-879983540-682003330-32723
  User Name: ASPIAL\adam_chang
  Computer: ASP-OP-DPMKRE1.ASPIAL.com
  Description: 
The application-specific permission settings do not grant Local Activation permission for the COM Server application with CLSID 
{D63B10C5-BB46-4990-A94F-E40B9D520160}
 and APPID 
{9CA88EE3-ACB7-47C8-AFC4-AB702511C276}
 to the user ASPIAL\adam_chang SID (S-1-5-21-448539723-879983540-682003330-32723) from address LocalHost (Using LRPC) running in the application container Unavailable SID (Unavailable). This security permission can be modified using the Component Services administrative tool.

Event[78]:
  Log Name: System
  Source: Microsoft-Windows-DistributedCOM
  Date: 2025-02-07T14:51:01.596
  Event ID: 10016
  Task: N/A
  Level: Error
  Opcode: Info
  Keyword: Classic
  User: S-1-5-21-448539723-879983540-682003330-32723
  User Name: ASPIAL\adam_chang
  Computer: ASP-OP-DPMKRE1.ASPIAL.com
  Description: 
The application-specific permission settings do not grant Local Activation permission for the COM Server application with CLSID 
{D63B10C5-BB46-4990-A94F-E40B9D520160}
 and APPID 
{9CA88EE3-ACB7-47C8-AFC4-AB702511C276}
 to the user ASPIAL\adam_chang SID (S-1-5-21-448539723-879983540-682003330-32723) from address LocalHost (Using LRPC) running in the application container Unavailable SID (Unavailable). This security permission can be modified using the Component Services administrative tool.

Event[79]:
  Log Name: System
  Source: Microsoft-Windows-DistributedCOM
  Date: 2025-02-07T14:50:05.709
  Event ID: 10016
  Task: N/A
  Level: Error
  Opcode: Info
  Keyword: Classic
  User: S-1-5-21-448539723-879983540-682003330-32723
  User Name: ASPIAL\adam_chang
  Computer: ASP-OP-DPMKRE1.ASPIAL.com
  Description: 
The application-specific permission settings do not grant Local Activation permission for the COM Server application with CLSID 
{D63B10C5-BB46-4990-A94F-E40B9D520160}
 and APPID 
{9CA88EE3-ACB7-47C8-AFC4-AB702511C276}
 to the user ASPIAL\adam_chang SID (S-1-5-21-448539723-879983540-682003330-32723) from address LocalHost (Using LRPC) running in the application container Unavailable SID (Unavailable). This security permission can be modified using the Component Services administrative tool.

Event[80]:
  Log Name: System
  Source: Microsoft-Windows-DistributedCOM
  Date: 2025-02-07T14:50:04.990
  Event ID: 10016
  Task: N/A
  Level: Error
  Opcode: Info
  Keyword: Classic
  User: S-1-5-21-448539723-879983540-682003330-32723
  User Name: ASPIAL\adam_chang
  Computer: ASP-OP-DPMKRE1.ASPIAL.com
  Description: 
The application-specific permission settings do not grant Local Activation permission for the COM Server application with CLSID 
{D63B10C5-BB46-4990-A94F-E40B9D520160}
 and APPID 
{9CA88EE3-ACB7-47C8-AFC4-AB702511C276}
 to the user ASPIAL\adam_chang SID (S-1-5-21-448539723-879983540-682003330-32723) from address LocalHost (Using LRPC) running in the application container Unavailable SID (Unavailable). This security permission can be modified using the Component Services administrative tool.

Event[81]:
  Log Name: System
  Source: Microsoft-Windows-DistributedCOM
  Date: 2025-02-07T14:50:04.303
  Event ID: 10016
  Task: N/A
  Level: Error
  Opcode: Info
  Keyword: Classic
  User: S-1-5-21-448539723-879983540-682003330-32723
  User Name: ASPIAL\adam_chang
  Computer: ASP-OP-DPMKRE1.ASPIAL.com
  Description: 
The application-specific permission settings do not grant Local Activation permission for the COM Server application with CLSID 
{D63B10C5-BB46-4990-A94F-E40B9D520160}
 and APPID 
{9CA88EE3-ACB7-47C8-AFC4-AB702511C276}
 to the user ASPIAL\adam_chang SID (S-1-5-21-448539723-879983540-682003330-32723) from address LocalHost (Using LRPC) running in the application container Unavailable SID (Unavailable). This security permission can be modified using the Component Services administrative tool.

Event[82]:
  Log Name: System
  Source: Microsoft-Windows-DistributedCOM
  Date: 2025-02-07T14:50:03.615
  Event ID: 10016
  Task: N/A
  Level: Error
  Opcode: Info
  Keyword: Classic
  User: S-1-5-21-448539723-879983540-682003330-32723
  User Name: ASPIAL\adam_chang
  Computer: ASP-OP-DPMKRE1.ASPIAL.com
  Description: 
The application-specific permission settings do not grant Local Activation permission for the COM Server application with CLSID 
{D63B10C5-BB46-4990-A94F-E40B9D520160}
 and APPID 
{9CA88EE3-ACB7-47C8-AFC4-AB702511C276}
 to the user ASPIAL\adam_chang SID (S-1-5-21-448539723-879983540-682003330-32723) from address LocalHost (Using LRPC) running in the application container Unavailable SID (Unavailable). This security permission can be modified using the Component Services administrative tool.

Event[83]:
  Log Name: System
  Source: Microsoft-Windows-DistributedCOM
  Date: 2025-02-07T14:50:02.928
  Event ID: 10016
  Task: N/A
  Level: Error
  Opcode: Info
  Keyword: Classic
  User: S-1-5-21-448539723-879983540-682003330-32723
  User Name: ASPIAL\adam_chang
  Computer: ASP-OP-DPMKRE1.ASPIAL.com
  Description: 
The application-specific permission settings do not grant Local Activation permission for the COM Server application with CLSID 
{D63B10C5-BB46-4990-A94F-E40B9D520160}
 and APPID 
{9CA88EE3-ACB7-47C8-AFC4-AB702511C276}
 to the user ASPIAL\adam_chang SID (S-1-5-21-448539723-879983540-682003330-32723) from address LocalHost (Using LRPC) running in the application container Unavailable SID (Unavailable). This security permission can be modified using the Component Services administrative tool.

Event[84]:
  Log Name: System
  Source: Microsoft-Windows-DistributedCOM
  Date: 2025-02-07T14:50:02.209
  Event ID: 10016
  Task: N/A
  Level: Error
  Opcode: Info
  Keyword: Classic
  User: S-1-5-21-448539723-879983540-682003330-32723
  User Name: ASPIAL\adam_chang
  Computer: ASP-OP-DPMKRE1.ASPIAL.com
  Description: 
The application-specific permission settings do not grant Local Activation permission for the COM Server application with CLSID 
{D63B10C5-BB46-4990-A94F-E40B9D520160}
 and APPID 
{9CA88EE3-ACB7-47C8-AFC4-AB702511C276}
 to the user ASPIAL\adam_chang SID (S-1-5-21-448539723-879983540-682003330-32723) from address LocalHost (Using LRPC) running in the application container Unavailable SID (Unavailable). This security permission can be modified using the Component Services administrative tool.

Event[85]:
  Log Name: System
  Source: Microsoft-Windows-DistributedCOM
  Date: 2025-02-07T14:50:01.584
  Event ID: 10016
  Task: N/A
  Level: Error
  Opcode: Info
  Keyword: Classic
  User: S-1-5-21-448539723-879983540-682003330-32723
  User Name: ASPIAL\adam_chang
  Computer: ASP-OP-DPMKRE1.ASPIAL.com
  Description: 
The application-specific permission settings do not grant Local Activation permission for the COM Server application with CLSID 
{D63B10C5-BB46-4990-A94F-E40B9D520160}
 and APPID 
{9CA88EE3-ACB7-47C8-AFC4-AB702511C276}
 to the user ASPIAL\adam_chang SID (S-1-5-21-448539723-879983540-682003330-32723) from address LocalHost (Using LRPC) running in the application container Unavailable SID (Unavailable). This security permission can be modified using the Component Services administrative tool.

Event[86]:
  Log Name: System
  Source: Microsoft-Windows-DistributedCOM
  Date: 2025-02-07T14:49:01.584
  Event ID: 10016
  Task: N/A
  Level: Error
  Opcode: Info
  Keyword: Classic
  User: S-1-5-21-448539723-879983540-682003330-32723
  User Name: ASPIAL\adam_chang
  Computer: ASP-OP-DPMKRE1.ASPIAL.com
  Description: 
The application-specific permission settings do not grant Local Activation permission for the COM Server application with CLSID 
{D63B10C5-BB46-4990-A94F-E40B9D520160}
 and APPID 
{9CA88EE3-ACB7-47C8-AFC4-AB702511C276}
 to the user ASPIAL\adam_chang SID (S-1-5-21-448539723-879983540-682003330-32723) from address LocalHost (Using LRPC) running in the application container Unavailable SID (Unavailable). This security permission can be modified using the Component Services administrative tool.

Event[87]:
  Log Name: System
  Source: Microsoft-Windows-DistributedCOM
  Date: 2025-02-07T14:48:05.713
  Event ID: 10016
  Task: N/A
  Level: Error
  Opcode: Info
  Keyword: Classic
  User: S-1-5-21-448539723-879983540-682003330-32723
  User Name: ASPIAL\adam_chang
  Computer: ASP-OP-DPMKRE1.ASPIAL.com
  Description: 
The application-specific permission settings do not grant Local Activation permission for the COM Server application with CLSID 
{D63B10C5-BB46-4990-A94F-E40B9D520160}
 and APPID 
{9CA88EE3-ACB7-47C8-AFC4-AB702511C276}
 to the user ASPIAL\adam_chang SID (S-1-5-21-448539723-879983540-682003330-32723) from address LocalHost (Using LRPC) running in the application container Unavailable SID (Unavailable). This security permission can be modified using the Component Services administrative tool.

Event[88]:
  Log Name: System
  Source: Microsoft-Windows-DistributedCOM
  Date: 2025-02-07T14:48:04.916
  Event ID: 10016
  Task: N/A
  Level: Error
  Opcode: Info
  Keyword: Classic
  User: S-1-5-21-448539723-879983540-682003330-32723
  User Name: ASPIAL\adam_chang
  Computer: ASP-OP-DPMKRE1.ASPIAL.com
  Description: 
The application-specific permission settings do not grant Local Activation permission for the COM Server application with CLSID 
{D63B10C5-BB46-4990-A94F-E40B9D520160}
 and APPID 
{9CA88EE3-ACB7-47C8-AFC4-AB702511C276}
 to the user ASPIAL\adam_chang SID (S-1-5-21-448539723-879983540-682003330-32723) from address LocalHost (Using LRPC) running in the application container Unavailable SID (Unavailable). This security permission can be modified using the Component Services administrative tool.

Event[89]:
  Log Name: System
  Source: Microsoft-Windows-DistributedCOM
  Date: 2025-02-07T14:48:04.276
  Event ID: 10016
  Task: N/A
  Level: Error
  Opcode: Info
  Keyword: Classic
  User: S-1-5-21-448539723-879983540-682003330-32723
  User Name: ASPIAL\adam_chang
  Computer: ASP-OP-DPMKRE1.ASPIAL.com
  Description: 
The application-specific permission settings do not grant Local Activation permission for the COM Server application with CLSID 
{D63B10C5-BB46-4990-A94F-E40B9D520160}
 and APPID 
{9CA88EE3-ACB7-47C8-AFC4-AB702511C276}
 to the user ASPIAL\adam_chang SID (S-1-5-21-448539723-879983540-682003330-32723) from address LocalHost (Using LRPC) running in the application container Unavailable SID (Unavailable). This security permission can be modified using the Component Services administrative tool.

Event[90]:
  Log Name: System
  Source: Microsoft-Windows-DistributedCOM
  Date: 2025-02-07T14:48:03.604
  Event ID: 10016
  Task: N/A
  Level: Error
  Opcode: Info
  Keyword: Classic
  User: S-1-5-21-448539723-879983540-682003330-32723
  User Name: ASPIAL\adam_chang
  Computer: ASP-OP-DPMKRE1.ASPIAL.com
  Description: 
The application-specific permission settings do not grant Local Activation permission for the COM Server application with CLSID 
{D63B10C5-BB46-4990-A94F-E40B9D520160}
 and APPID 
{9CA88EE3-ACB7-47C8-AFC4-AB702511C276}
 to the user ASPIAL\adam_chang SID (S-1-5-21-448539723-879983540-682003330-32723) from address LocalHost (Using LRPC) running in the application container Unavailable SID (Unavailable). This security permission can be modified using the Component Services administrative tool.

Event[91]:
  Log Name: System
  Source: Microsoft-Windows-DistributedCOM
  Date: 2025-02-07T14:48:02.916
  Event ID: 10016
  Task: N/A
  Level: Error
  Opcode: Info
  Keyword: Classic
  User: S-1-5-21-448539723-879983540-682003330-32723
  User Name: ASPIAL\adam_chang
  Computer: ASP-OP-DPMKRE1.ASPIAL.com
  Description: 
The application-specific permission settings do not grant Local Activation permission for the COM Server application with CLSID 
{D63B10C5-BB46-4990-A94F-E40B9D520160}
 and APPID 
{9CA88EE3-ACB7-47C8-AFC4-AB702511C276}
 to the user ASPIAL\adam_chang SID (S-1-5-21-448539723-879983540-682003330-32723) from address LocalHost (Using LRPC) running in the application container Unavailable SID (Unavailable). This security permission can be modified using the Component Services administrative tool.

Event[92]:
  Log Name: System
  Source: Microsoft-Windows-DistributedCOM
  Date: 2025-02-07T14:48:02.244
  Event ID: 10016
  Task: N/A
  Level: Error
  Opcode: Info
  Keyword: Classic
  User: S-1-5-21-448539723-879983540-682003330-32723
  User Name: ASPIAL\adam_chang
  Computer: ASP-OP-DPMKRE1.ASPIAL.com
  Description: 
The application-specific permission settings do not grant Local Activation permission for the COM Server application with CLSID 
{D63B10C5-BB46-4990-A94F-E40B9D520160}
 and APPID 
{9CA88EE3-ACB7-47C8-AFC4-AB702511C276}
 to the user ASPIAL\adam_chang SID (S-1-5-21-448539723-879983540-682003330-32723) from address LocalHost (Using LRPC) running in the application container Unavailable SID (Unavailable). This security permission can be modified using the Component Services administrative tool.

Event[93]:
  Log Name: System
  Source: Microsoft-Windows-DistributedCOM
  Date: 2025-02-07T14:48:01.604
  Event ID: 10016
  Task: N/A
  Level: Error
  Opcode: Info
  Keyword: Classic
  User: S-1-5-21-448539723-879983540-682003330-32723
  User Name: ASPIAL\adam_chang
  Computer: ASP-OP-DPMKRE1.ASPIAL.com
  Description: 
The application-specific permission settings do not grant Local Activation permission for the COM Server application with CLSID 
{D63B10C5-BB46-4990-A94F-E40B9D520160}
 and APPID 
{9CA88EE3-ACB7-47C8-AFC4-AB702511C276}
 to the user ASPIAL\adam_chang SID (S-1-5-21-448539723-879983540-682003330-32723) from address LocalHost (Using LRPC) running in the application container Unavailable SID (Unavailable). This security permission can be modified using the Component Services administrative tool.

Event[94]:
  Log Name: System
  Source: Microsoft-Windows-DistributedCOM
  Date: 2025-02-07T14:47:05.719
  Event ID: 10016
  Task: N/A
  Level: Error
  Opcode: Info
  Keyword: Classic
  User: S-1-5-21-448539723-879983540-682003330-32723
  User Name: ASPIAL\adam_chang
  Computer: ASP-OP-DPMKRE1.ASPIAL.com
  Description: 
The application-specific permission settings do not grant Local Activation permission for the COM Server application with CLSID 
{D63B10C5-BB46-4990-A94F-E40B9D520160}
 and APPID 
{9CA88EE3-ACB7-47C8-AFC4-AB702511C276}
 to the user ASPIAL\adam_chang SID (S-1-5-21-448539723-879983540-682003330-32723) from address LocalHost (Using LRPC) running in the application container Unavailable SID (Unavailable). This security permission can be modified using the Component Services administrative tool.

Event[95]:
  Log Name: System
  Source: Microsoft-Windows-DistributedCOM
  Date: 2025-02-07T14:47:04.953
  Event ID: 10016
  Task: N/A
  Level: Error
  Opcode: Info
  Keyword: Classic
  User: S-1-5-21-448539723-879983540-682003330-32723
  User Name: ASPIAL\adam_chang
  Computer: ASP-OP-DPMKRE1.ASPIAL.com
  Description: 
The application-specific permission settings do not grant Local Activation permission for the COM Server application with CLSID 
{D63B10C5-BB46-4990-A94F-E40B9D520160}
 and APPID 
{9CA88EE3-ACB7-47C8-AFC4-AB702511C276}
 to the user ASPIAL\adam_chang SID (S-1-5-21-448539723-879983540-682003330-32723) from address LocalHost (Using LRPC) running in the application container Unavailable SID (Unavailable). This security permission can be modified using the Component Services administrative tool.

Event[96]:
  Log Name: System
  Source: Microsoft-Windows-DistributedCOM
  Date: 2025-02-07T14:47:04.266
  Event ID: 10016
  Task: N/A
  Level: Error
  Opcode: Info
  Keyword: Classic
  User: S-1-5-21-448539723-879983540-682003330-32723
  User Name: ASPIAL\adam_chang
  Computer: ASP-OP-DPMKRE1.ASPIAL.com
  Description: 
The application-specific permission settings do not grant Local Activation permission for the COM Server application with CLSID 
{D63B10C5-BB46-4990-A94F-E40B9D520160}
 and APPID 
{9CA88EE3-ACB7-47C8-AFC4-AB702511C276}
 to the user ASPIAL\adam_chang SID (S-1-5-21-448539723-879983540-682003330-32723) from address LocalHost (Using LRPC) running in the application container Unavailable SID (Unavailable). This security permission can be modified using the Component Services administrative tool.

Event[97]:
  Log Name: System
  Source: Microsoft-Windows-DistributedCOM
  Date: 2025-02-07T14:47:03.578
  Event ID: 10016
  Task: N/A
  Level: Error
  Opcode: Info
  Keyword: Classic
  User: S-1-5-21-448539723-879983540-682003330-32723
  User Name: ASPIAL\adam_chang
  Computer: ASP-OP-DPMKRE1.ASPIAL.com
  Description: 
The application-specific permission settings do not grant Local Activation permission for the COM Server application with CLSID 
{D63B10C5-BB46-4990-A94F-E40B9D520160}
 and APPID 
{9CA88EE3-ACB7-47C8-AFC4-AB702511C276}
 to the user ASPIAL\adam_chang SID (S-1-5-21-448539723-879983540-682003330-32723) from address LocalHost (Using LRPC) running in the application container Unavailable SID (Unavailable). This security permission can be modified using the Component Services administrative tool.

Event[98]:
  Log Name: System
  Source: Microsoft-Windows-DistributedCOM
  Date: 2025-02-07T14:47:02.891
  Event ID: 10016
  Task: N/A
  Level: Error
  Opcode: Info
  Keyword: Classic
  User: S-1-5-21-448539723-879983540-682003330-32723
  User Name: ASPIAL\adam_chang
  Computer: ASP-OP-DPMKRE1.ASPIAL.com
  Description: 
The application-specific permission settings do not grant Local Activation permission for the COM Server application with CLSID 
{D63B10C5-BB46-4990-A94F-E40B9D520160}
 and APPID 
{9CA88EE3-ACB7-47C8-AFC4-AB702511C276}
 to the user ASPIAL\adam_chang SID (S-1-5-21-448539723-879983540-682003330-32723) from address LocalHost (Using LRPC) running in the application container Unavailable SID (Unavailable). This security permission can be modified using the Component Services administrative tool.

Event[99]:
  Log Name: System
  Source: Microsoft-Windows-DistributedCOM
  Date: 2025-02-07T14:47:02.219
  Event ID: 10016
  Task: N/A
  Level: Error
  Opcode: Info
  Keyword: Classic
  User: S-1-5-21-448539723-879983540-682003330-32723
  User Name: ASPIAL\adam_chang
  Computer: ASP-OP-DPMKRE1.ASPIAL.com
  Description: 
The application-specific permission settings do not grant Local Activation permission for the COM Server application with CLSID 
{D63B10C5-BB46-4990-A94F-E40B9D520160}
 and APPID 
{9CA88EE3-ACB7-47C8-AFC4-AB702511C276}
 to the user ASPIAL\adam_chang SID (S-1-5-21-448539723-879983540-682003330-32723) from address LocalHost (Using LRPC) running in the application container Unavailable SID (Unavailable). This security permission can be modified using the Component Services administrative tool.


--------------------------- 100 latest errors in Application eventlog ----------------------------
Event[0]:
  Log Name: Application
  Source: PHP-7.4.33
  Date: 2025-03-11T17:46:03.125
  Event ID: 4
  Task: Devices
  Level: Error
  Opcode: N/A
  Keyword: Classic
  User: N/A
  User Name: N/A
  Computer: ASP-OP-DPMKRE1.ASPIAL.com
  Description: 
N/A

Event[1]:
  Log Name: Application
  Source: PHP-7.4.33
  Date: 2025-03-11T17:46:03.109
  Event ID: 4
  Task: Devices
  Level: Error
  Opcode: N/A
  Keyword: Classic
  User: N/A
  User Name: N/A
  Computer: ASP-OP-DPMKRE1.ASPIAL.com
  Description: 
N/A

Event[2]:
  Log Name: Application
  Source: PHP-7.4.33
  Date: 2025-03-11T17:46:02.938
  Event ID: 4
  Task: Devices
  Level: Error
  Opcode: N/A
  Keyword: Classic
  User: N/A
  User Name: N/A
  Computer: ASP-OP-DPMKRE1.ASPIAL.com
  Description: 
N/A

Event[3]:
  Log Name: Application
  Source: PHP-7.4.33
  Date: 2025-03-11T17:46:02.938
  Event ID: 4
  Task: Devices
  Level: Error
  Opcode: N/A
  Keyword: Classic
  User: N/A
  User Name: N/A
  Computer: ASP-OP-DPMKRE1.ASPIAL.com
  Description: 
N/A

Event[4]:
  Log Name: Application
  Source: PHP-7.4.33
  Date: 2025-03-11T17:46:02.454
  Event ID: 4
  Task: Devices
  Level: Error
  Opcode: N/A
  Keyword: Classic
  User: N/A
  User Name: N/A
  Computer: ASP-OP-DPMKRE1.ASPIAL.com
  Description: 
N/A

Event[5]:
  Log Name: Application
  Source: PHP-7.4.33
  Date: 2025-03-11T17:46:02.454
  Event ID: 4
  Task: Devices
  Level: Error
  Opcode: N/A
  Keyword: Classic
  User: N/A
  User Name: N/A
  Computer: ASP-OP-DPMKRE1.ASPIAL.com
  Description: 
N/A

Event[6]:
  Log Name: Application
  Source: PHP-7.4.33
  Date: 2025-03-11T17:46:02.267
  Event ID: 4
  Task: Devices
  Level: Error
  Opcode: N/A
  Keyword: Classic
  User: N/A
  User Name: N/A
  Computer: ASP-OP-DPMKRE1.ASPIAL.com
  Description: 
N/A

Event[7]:
  Log Name: Application
  Source: PHP-7.4.33
  Date: 2025-03-11T17:46:02.267
  Event ID: 4
  Task: Devices
  Level: Error
  Opcode: N/A
  Keyword: Classic
  User: N/A
  User Name: N/A
  Computer: ASP-OP-DPMKRE1.ASPIAL.com
  Description: 
N/A

Event[8]:
  Log Name: Application
  Source: PHP-7.4.33
  Date: 2025-03-11T17:46:01.814
  Event ID: 4
  Task: Devices
  Level: Error
  Opcode: N/A
  Keyword: Classic
  User: N/A
  User Name: N/A
  Computer: ASP-OP-DPMKRE1.ASPIAL.com
  Description: 
N/A

Event[9]:
  Log Name: Application
  Source: PHP-7.4.33
  Date: 2025-03-11T17:46:01.814
  Event ID: 4
  Task: Devices
  Level: Error
  Opcode: N/A
  Keyword: Classic
  User: N/A
  User Name: N/A
  Computer: ASP-OP-DPMKRE1.ASPIAL.com
  Description: 
N/A

Event[10]:
  Log Name: Application
  Source: PHP-7.4.33
  Date: 2025-03-11T17:46:01.646
  Event ID: 4
  Task: Devices
  Level: Error
  Opcode: N/A
  Keyword: Classic
  User: N/A
  User Name: N/A
  Computer: ASP-OP-DPMKRE1.ASPIAL.com
  Description: 
N/A

Event[11]:
  Log Name: Application
  Source: PHP-7.4.33
  Date: 2025-03-11T17:46:01.646
  Event ID: 4
  Task: Devices
  Level: Error
  Opcode: N/A
  Keyword: Classic
  User: N/A
  User Name: N/A
  Computer: ASP-OP-DPMKRE1.ASPIAL.com
  Description: 
N/A

Event[12]:
  Log Name: Application
  Source: PHP-7.4.33
  Date: 2025-03-11T17:45:03.093
  Event ID: 4
  Task: Devices
  Level: Error
  Opcode: N/A
  Keyword: Classic
  User: N/A
  User Name: N/A
  Computer: ASP-OP-DPMKRE1.ASPIAL.com
  Description: 
N/A

Event[13]:
  Log Name: Application
  Source: PHP-7.4.33
  Date: 2025-03-11T17:45:03.078
  Event ID: 4
  Task: Devices
  Level: Error
  Opcode: N/A
  Keyword: Classic
  User: N/A
  User Name: N/A
  Computer: ASP-OP-DPMKRE1.ASPIAL.com
  Description: 
N/A

Event[14]:
  Log Name: Application
  Source: PHP-7.4.33
  Date: 2025-03-11T17:45:02.922
  Event ID: 4
  Task: Devices
  Level: Error
  Opcode: N/A
  Keyword: Classic
  User: N/A
  User Name: N/A
  Computer: ASP-OP-DPMKRE1.ASPIAL.com
  Description: 
N/A

Event[15]:
  Log Name: Application
  Source: PHP-7.4.33
  Date: 2025-03-11T17:45:02.922
  Event ID: 4
  Task: Devices
  Level: Error
  Opcode: N/A
  Keyword: Classic
  User: N/A
  User Name: N/A
  Computer: ASP-OP-DPMKRE1.ASPIAL.com
  Description: 
N/A

Event[16]:
  Log Name: Application
  Source: PHP-7.4.33
  Date: 2025-03-11T17:45:02.475
  Event ID: 4
  Task: Devices
  Level: Error
  Opcode: N/A
  Keyword: Classic
  User: N/A
  User Name: N/A
  Computer: ASP-OP-DPMKRE1.ASPIAL.com
  Description: 
N/A

Event[17]:
  Log Name: Application
  Source: PHP-7.4.33
  Date: 2025-03-11T17:45:02.475
  Event ID: 4
  Task: Devices
  Level: Error
  Opcode: N/A
  Keyword: Classic
  User: N/A
  User Name: N/A
  Computer: ASP-OP-DPMKRE1.ASPIAL.com
  Description: 
N/A

Event[18]:
  Log Name: Application
  Source: PHP-7.4.33
  Date: 2025-03-11T17:45:02.288
  Event ID: 4
  Task: Devices
  Level: Error
  Opcode: N/A
  Keyword: Classic
  User: N/A
  User Name: N/A
  Computer: ASP-OP-DPMKRE1.ASPIAL.com
  Description: 
N/A

Event[19]:
  Log Name: Application
  Source: PHP-7.4.33
  Date: 2025-03-11T17:45:02.288
  Event ID: 4
  Task: Devices
  Level: Error
  Opcode: N/A
  Keyword: Classic
  User: N/A
  User Name: N/A
  Computer: ASP-OP-DPMKRE1.ASPIAL.com
  Description: 
N/A

Event[20]:
  Log Name: Application
  Source: PHP-7.4.33
  Date: 2025-03-11T17:45:01.835
  Event ID: 4
  Task: Devices
  Level: Error
  Opcode: N/A
  Keyword: Classic
  User: N/A
  User Name: N/A
  Computer: ASP-OP-DPMKRE1.ASPIAL.com
  Description: 
N/A

Event[21]:
  Log Name: Application
  Source: PHP-7.4.33
  Date: 2025-03-11T17:45:01.835
  Event ID: 4
  Task: Devices
  Level: Error
  Opcode: N/A
  Keyword: Classic
  User: N/A
  User Name: N/A
  Computer: ASP-OP-DPMKRE1.ASPIAL.com
  Description: 
N/A

Event[22]:
  Log Name: Application
  Source: PHP-7.4.33
  Date: 2025-03-11T17:45:01.645
  Event ID: 4
  Task: Devices
  Level: Error
  Opcode: N/A
  Keyword: Classic
  User: N/A
  User Name: N/A
  Computer: ASP-OP-DPMKRE1.ASPIAL.com
  Description: 
N/A

Event[23]:
  Log Name: Application
  Source: PHP-7.4.33
  Date: 2025-03-11T17:45:01.645
  Event ID: 4
  Task: Devices
  Level: Error
  Opcode: N/A
  Keyword: Classic
  User: N/A
  User Name: N/A
  Computer: ASP-OP-DPMKRE1.ASPIAL.com
  Description: 
N/A

Event[24]:
  Log Name: Application
  Source: PHP-7.4.33
  Date: 2025-03-11T17:44:03.056
  Event ID: 4
  Task: Devices
  Level: Error
  Opcode: N/A
  Keyword: Classic
  User: N/A
  User Name: N/A
  Computer: ASP-OP-DPMKRE1.ASPIAL.com
  Description: 
N/A

Event[25]:
  Log Name: Application
  Source: PHP-7.4.33
  Date: 2025-03-11T17:44:03.056
  Event ID: 4
  Task: Devices
  Level: Error
  Opcode: N/A
  Keyword: Classic
  User: N/A
  User Name: N/A
  Computer: ASP-OP-DPMKRE1.ASPIAL.com
  Description: 
N/A

Event[26]:
  Log Name: Application
  Source: PHP-7.4.33
  Date: 2025-03-11T17:44:02.884
  Event ID: 4
  Task: Devices
  Level: Error
  Opcode: N/A
  Keyword: Classic
  User: N/A
  User Name: N/A
  Computer: ASP-OP-DPMKRE1.ASPIAL.com
  Description: 
N/A

Event[27]:
  Log Name: Application
  Source: PHP-7.4.33
  Date: 2025-03-11T17:44:02.884
  Event ID: 4
  Task: Devices
  Level: Error
  Opcode: N/A
  Keyword: Classic
  User: N/A
  User Name: N/A
  Computer: ASP-OP-DPMKRE1.ASPIAL.com
  Description: 
N/A

Event[28]:
  Log Name: Application
  Source: PHP-7.4.33
  Date: 2025-03-11T17:44:02.441
  Event ID: 4
  Task: Devices
  Level: Error
  Opcode: N/A
  Keyword: Classic
  User: N/A
  User Name: N/A
  Computer: ASP-OP-DPMKRE1.ASPIAL.com
  Description: 
N/A

Event[29]:
  Log Name: Application
  Source: PHP-7.4.33
  Date: 2025-03-11T17:44:02.441
  Event ID: 4
  Task: Devices
  Level: Error
  Opcode: N/A
  Keyword: Classic
  User: N/A
  User Name: N/A
  Computer: ASP-OP-DPMKRE1.ASPIAL.com
  Description: 
N/A

Event[30]:
  Log Name: Application
  Source: PHP-7.4.33
  Date: 2025-03-11T17:44:02.269
  Event ID: 4
  Task: Devices
  Level: Error
  Opcode: N/A
  Keyword: Classic
  User: N/A
  User Name: N/A
  Computer: ASP-OP-DPMKRE1.ASPIAL.com
  Description: 
N/A

Event[31]:
  Log Name: Application
  Source: PHP-7.4.33
  Date: 2025-03-11T17:44:02.269
  Event ID: 4
  Task: Devices
  Level: Error
  Opcode: N/A
  Keyword: Classic
  User: N/A
  User Name: N/A
  Computer: ASP-OP-DPMKRE1.ASPIAL.com
  Description: 
N/A

Event[32]:
  Log Name: Application
  Source: PHP-7.4.33
  Date: 2025-03-11T17:44:01.800
  Event ID: 4
  Task: Devices
  Level: Error
  Opcode: N/A
  Keyword: Classic
  User: N/A
  User Name: N/A
  Computer: ASP-OP-DPMKRE1.ASPIAL.com
  Description: 
N/A

Event[33]:
  Log Name: Application
  Source: PHP-7.4.33
  Date: 2025-03-11T17:44:01.800
  Event ID: 4
  Task: Devices
  Level: Error
  Opcode: N/A
  Keyword: Classic
  User: N/A
  User Name: N/A
  Computer: ASP-OP-DPMKRE1.ASPIAL.com
  Description: 
N/A

Event[34]:
  Log Name: Application
  Source: PHP-7.4.33
  Date: 2025-03-11T17:44:01.642
  Event ID: 4
  Task: Devices
  Level: Error
  Opcode: N/A
  Keyword: Classic
  User: N/A
  User Name: N/A
  Computer: ASP-OP-DPMKRE1.ASPIAL.com
  Description: 
N/A

Event[35]:
  Log Name: Application
  Source: PHP-7.4.33
  Date: 2025-03-11T17:44:01.642
  Event ID: 4
  Task: Devices
  Level: Error
  Opcode: N/A
  Keyword: Classic
  User: N/A
  User Name: N/A
  Computer: ASP-OP-DPMKRE1.ASPIAL.com
  Description: 
N/A

Event[36]:
  Log Name: Application
  Source: PHP-7.4.33
  Date: 2025-03-11T17:43:03.041
  Event ID: 4
  Task: Devices
  Level: Error
  Opcode: N/A
  Keyword: Classic
  User: N/A
  User Name: N/A
  Computer: ASP-OP-DPMKRE1.ASPIAL.com
  Description: 
N/A

Event[37]:
  Log Name: Application
  Source: PHP-7.4.33
  Date: 2025-03-11T17:43:03.041
  Event ID: 4
  Task: Devices
  Level: Error
  Opcode: N/A
  Keyword: Classic
  User: N/A
  User Name: N/A
  Computer: ASP-OP-DPMKRE1.ASPIAL.com
  Description: 
N/A

Event[38]:
  Log Name: Application
  Source: PHP-7.4.33
  Date: 2025-03-11T17:43:02.869
  Event ID: 4
  Task: Devices
  Level: Error
  Opcode: N/A
  Keyword: Classic
  User: N/A
  User Name: N/A
  Computer: ASP-OP-DPMKRE1.ASPIAL.com
  Description: 
N/A

Event[39]:
  Log Name: Application
  Source: PHP-7.4.33
  Date: 2025-03-11T17:43:02.869
  Event ID: 4
  Task: Devices
  Level: Error
  Opcode: N/A
  Keyword: Classic
  User: N/A
  User Name: N/A
  Computer: ASP-OP-DPMKRE1.ASPIAL.com
  Description: 
N/A

Event[40]:
  Log Name: Application
  Source: PHP-7.4.33
  Date: 2025-03-11T17:43:02.444
  Event ID: 4
  Task: Devices
  Level: Error
  Opcode: N/A
  Keyword: Classic
  User: N/A
  User Name: N/A
  Computer: ASP-OP-DPMKRE1.ASPIAL.com
  Description: 
N/A

Event[41]:
  Log Name: Application
  Source: PHP-7.4.33
  Date: 2025-03-11T17:43:02.444
  Event ID: 4
  Task: Devices
  Level: Error
  Opcode: N/A
  Keyword: Classic
  User: N/A
  User Name: N/A
  Computer: ASP-OP-DPMKRE1.ASPIAL.com
  Description: 
N/A

Event[42]:
  Log Name: Application
  Source: PHP-7.4.33
  Date: 2025-03-11T17:43:02.272
  Event ID: 4
  Task: Devices
  Level: Error
  Opcode: N/A
  Keyword: Classic
  User: N/A
  User Name: N/A
  Computer: ASP-OP-DPMKRE1.ASPIAL.com
  Description: 
N/A

Event[43]:
  Log Name: Application
  Source: PHP-7.4.33
  Date: 2025-03-11T17:43:02.272
  Event ID: 4
  Task: Devices
  Level: Error
  Opcode: N/A
  Keyword: Classic
  User: N/A
  User Name: N/A
  Computer: ASP-OP-DPMKRE1.ASPIAL.com
  Description: 
N/A

Event[44]:
  Log Name: Application
  Source: PHP-7.4.33
  Date: 2025-03-11T17:43:01.819
  Event ID: 4
  Task: Devices
  Level: Error
  Opcode: N/A
  Keyword: Classic
  User: N/A
  User Name: N/A
  Computer: ASP-OP-DPMKRE1.ASPIAL.com
  Description: 
N/A

Event[45]:
  Log Name: Application
  Source: PHP-7.4.33
  Date: 2025-03-11T17:43:01.819
  Event ID: 4
  Task: Devices
  Level: Error
  Opcode: N/A
  Keyword: Classic
  User: N/A
  User Name: N/A
  Computer: ASP-OP-DPMKRE1.ASPIAL.com
  Description: 
N/A

Event[46]:
  Log Name: Application
  Source: PHP-7.4.33
  Date: 2025-03-11T17:43:01.645
  Event ID: 4
  Task: Devices
  Level: Error
  Opcode: N/A
  Keyword: Classic
  User: N/A
  User Name: N/A
  Computer: ASP-OP-DPMKRE1.ASPIAL.com
  Description: 
N/A

Event[47]:
  Log Name: Application
  Source: PHP-7.4.33
  Date: 2025-03-11T17:43:01.645
  Event ID: 4
  Task: Devices
  Level: Error
  Opcode: N/A
  Keyword: Classic
  User: N/A
  User Name: N/A
  Computer: ASP-OP-DPMKRE1.ASPIAL.com
  Description: 
N/A

Event[48]:
  Log Name: Application
  Source: PHP-7.4.33
  Date: 2025-03-11T17:42:03.195
  Event ID: 4
  Task: Devices
  Level: Error
  Opcode: N/A
  Keyword: Classic
  User: N/A
  User Name: N/A
  Computer: ASP-OP-DPMKRE1.ASPIAL.com
  Description: 
N/A

Event[49]:
  Log Name: Application
  Source: PHP-7.4.33
  Date: 2025-03-11T17:42:03.195
  Event ID: 4
  Task: Devices
  Level: Error
  Opcode: N/A
  Keyword: Classic
  User: N/A
  User Name: N/A
  Computer: ASP-OP-DPMKRE1.ASPIAL.com
  Description: 
N/A

Event[50]:
  Log Name: Application
  Source: PHP-7.4.33
  Date: 2025-03-11T17:42:03.023
  Event ID: 4
  Task: Devices
  Level: Error
  Opcode: N/A
  Keyword: Classic
  User: N/A
  User Name: N/A
  Computer: ASP-OP-DPMKRE1.ASPIAL.com
  Description: 
N/A

Event[51]:
  Log Name: Application
  Source: PHP-7.4.33
  Date: 2025-03-11T17:42:03.023
  Event ID: 4
  Task: Devices
  Level: Error
  Opcode: N/A
  Keyword: Classic
  User: N/A
  User Name: N/A
  Computer: ASP-OP-DPMKRE1.ASPIAL.com
  Description: 
N/A

Event[52]:
  Log Name: Application
  Source: PHP-7.4.33
  Date: 2025-03-11T17:42:02.579
  Event ID: 4
  Task: Devices
  Level: Error
  Opcode: N/A
  Keyword: Classic
  User: N/A
  User Name: N/A
  Computer: ASP-OP-DPMKRE1.ASPIAL.com
  Description: 
N/A

Event[53]:
  Log Name: Application
  Source: PHP-7.4.33
  Date: 2025-03-11T17:42:02.579
  Event ID: 4
  Task: Devices
  Level: Error
  Opcode: N/A
  Keyword: Classic
  User: N/A
  User Name: N/A
  Computer: ASP-OP-DPMKRE1.ASPIAL.com
  Description: 
N/A

Event[54]:
  Log Name: Application
  Source: PHP-7.4.33
  Date: 2025-03-11T17:42:02.407
  Event ID: 4
  Task: Devices
  Level: Error
  Opcode: N/A
  Keyword: Classic
  User: N/A
  User Name: N/A
  Computer: ASP-OP-DPMKRE1.ASPIAL.com
  Description: 
N/A

Event[55]:
  Log Name: Application
  Source: PHP-7.4.33
  Date: 2025-03-11T17:42:02.407
  Event ID: 4
  Task: Devices
  Level: Error
  Opcode: N/A
  Keyword: Classic
  User: N/A
  User Name: N/A
  Computer: ASP-OP-DPMKRE1.ASPIAL.com
  Description: 
N/A

Event[56]:
  Log Name: Application
  Source: PHP-7.4.33
  Date: 2025-03-11T17:42:01.970
  Event ID: 4
  Task: Devices
  Level: Error
  Opcode: N/A
  Keyword: Classic
  User: N/A
  User Name: N/A
  Computer: ASP-OP-DPMKRE1.ASPIAL.com
  Description: 
N/A

Event[57]:
  Log Name: Application
  Source: PHP-7.4.33
  Date: 2025-03-11T17:42:01.970
  Event ID: 4
  Task: Devices
  Level: Error
  Opcode: N/A
  Keyword: Classic
  User: N/A
  User Name: N/A
  Computer: ASP-OP-DPMKRE1.ASPIAL.com
  Description: 
N/A

Event[58]:
  Log Name: Application
  Source: PHP-7.4.33
  Date: 2025-03-11T17:42:01.798
  Event ID: 4
  Task: Devices
  Level: Error
  Opcode: N/A
  Keyword: Classic
  User: N/A
  User Name: N/A
  Computer: ASP-OP-DPMKRE1.ASPIAL.com
  Description: 
N/A

Event[59]:
  Log Name: Application
  Source: PHP-7.4.33
  Date: 2025-03-11T17:42:01.798
  Event ID: 4
  Task: Devices
  Level: Error
  Opcode: N/A
  Keyword: Classic
  User: N/A
  User Name: N/A
  Computer: ASP-OP-DPMKRE1.ASPIAL.com
  Description: 
N/A

Event[60]:
  Log Name: Application
  Source: PHP-7.4.33
  Date: 2025-03-11T17:41:03.278
  Event ID: 4
  Task: Devices
  Level: Error
  Opcode: N/A
  Keyword: Classic
  User: N/A
  User Name: N/A
  Computer: ASP-OP-DPMKRE1.ASPIAL.com
  Description: 
N/A

Event[61]:
  Log Name: Application
  Source: PHP-7.4.33
  Date: 2025-03-11T17:41:03.278
  Event ID: 4
  Task: Devices
  Level: Error
  Opcode: N/A
  Keyword: Classic
  User: N/A
  User Name: N/A
  Computer: ASP-OP-DPMKRE1.ASPIAL.com
  Description: 
N/A

Event[62]:
  Log Name: Application
  Source: PHP-7.4.33
  Date: 2025-03-11T17:41:03.106
  Event ID: 4
  Task: Devices
  Level: Error
  Opcode: N/A
  Keyword: Classic
  User: N/A
  User Name: N/A
  Computer: ASP-OP-DPMKRE1.ASPIAL.com
  Description: 
N/A

Event[63]:
  Log Name: Application
  Source: PHP-7.4.33
  Date: 2025-03-11T17:41:03.090
  Event ID: 4
  Task: Devices
  Level: Error
  Opcode: N/A
  Keyword: Classic
  User: N/A
  User Name: N/A
  Computer: ASP-OP-DPMKRE1.ASPIAL.com
  Description: 
N/A

Event[64]:
  Log Name: Application
  Source: PHP-7.4.33
  Date: 2025-03-11T17:41:02.643
  Event ID: 4
  Task: Devices
  Level: Error
  Opcode: N/A
  Keyword: Classic
  User: N/A
  User Name: N/A
  Computer: ASP-OP-DPMKRE1.ASPIAL.com
  Description: 
N/A

Event[65]:
  Log Name: Application
  Source: PHP-7.4.33
  Date: 2025-03-11T17:41:02.627
  Event ID: 4
  Task: Devices
  Level: Error
  Opcode: N/A
  Keyword: Classic
  User: N/A
  User Name: N/A
  Computer: ASP-OP-DPMKRE1.ASPIAL.com
  Description: 
N/A

Event[66]:
  Log Name: Application
  Source: PHP-7.4.33
  Date: 2025-03-11T17:41:02.466
  Event ID: 4
  Task: Devices
  Level: Error
  Opcode: N/A
  Keyword: Classic
  User: N/A
  User Name: N/A
  Computer: ASP-OP-DPMKRE1.ASPIAL.com
  Description: 
N/A

Event[67]:
  Log Name: Application
  Source: PHP-7.4.33
  Date: 2025-03-11T17:41:02.466
  Event ID: 4
  Task: Devices
  Level: Error
  Opcode: N/A
  Keyword: Classic
  User: N/A
  User Name: N/A
  Computer: ASP-OP-DPMKRE1.ASPIAL.com
  Description: 
N/A

Event[68]:
  Log Name: Application
  Source: PHP-7.4.33
  Date: 2025-03-11T17:41:01.856
  Event ID: 4
  Task: Devices
  Level: Error
  Opcode: N/A
  Keyword: Classic
  User: N/A
  User Name: N/A
  Computer: ASP-OP-DPMKRE1.ASPIAL.com
  Description: 
N/A

Event[69]:
  Log Name: Application
  Source: PHP-7.4.33
  Date: 2025-03-11T17:41:01.856
  Event ID: 4
  Task: Devices
  Level: Error
  Opcode: N/A
  Keyword: Classic
  User: N/A
  User Name: N/A
  Computer: ASP-OP-DPMKRE1.ASPIAL.com
  Description: 
N/A

Event[70]:
  Log Name: Application
  Source: PHP-7.4.33
  Date: 2025-03-11T17:41:01.682
  Event ID: 4
  Task: Devices
  Level: Error
  Opcode: N/A
  Keyword: Classic
  User: N/A
  User Name: N/A
  Computer: ASP-OP-DPMKRE1.ASPIAL.com
  Description: 
N/A

Event[71]:
  Log Name: Application
  Source: PHP-7.4.33
  Date: 2025-03-11T17:41:01.682
  Event ID: 4
  Task: Devices
  Level: Error
  Opcode: N/A
  Keyword: Classic
  User: N/A
  User Name: N/A
  Computer: ASP-OP-DPMKRE1.ASPIAL.com
  Description: 
N/A

Event[72]:
  Log Name: Application
  Source: PHP-7.4.33
  Date: 2025-03-11T17:40:03.270
  Event ID: 4
  Task: Devices
  Level: Error
  Opcode: N/A
  Keyword: Classic
  User: N/A
  User Name: N/A
  Computer: ASP-OP-DPMKRE1.ASPIAL.com
  Description: 
N/A

Event[73]:
  Log Name: Application
  Source: PHP-7.4.33
  Date: 2025-03-11T17:40:03.270
  Event ID: 4
  Task: Devices
  Level: Error
  Opcode: N/A
  Keyword: Classic
  User: N/A
  User Name: N/A
  Computer: ASP-OP-DPMKRE1.ASPIAL.com
  Description: 
N/A

Event[74]:
  Log Name: Application
  Source: PHP-7.4.33
  Date: 2025-03-11T17:40:03.083
  Event ID: 4
  Task: Devices
  Level: Error
  Opcode: N/A
  Keyword: Classic
  User: N/A
  User Name: N/A
  Computer: ASP-OP-DPMKRE1.ASPIAL.com
  Description: 
N/A

Event[75]:
  Log Name: Application
  Source: PHP-7.4.33
  Date: 2025-03-11T17:40:03.083
  Event ID: 4
  Task: Devices
  Level: Error
  Opcode: N/A
  Keyword: Classic
  User: N/A
  User Name: N/A
  Computer: ASP-OP-DPMKRE1.ASPIAL.com
  Description: 
N/A

Event[76]:
  Log Name: Application
  Source: PHP-7.4.33
  Date: 2025-03-11T17:40:02.624
  Event ID: 4
  Task: Devices
  Level: Error
  Opcode: N/A
  Keyword: Classic
  User: N/A
  User Name: N/A
  Computer: ASP-OP-DPMKRE1.ASPIAL.com
  Description: 
N/A

Event[77]:
  Log Name: Application
  Source: PHP-7.4.33
  Date: 2025-03-11T17:40:02.624
  Event ID: 4
  Task: Devices
  Level: Error
  Opcode: N/A
  Keyword: Classic
  User: N/A
  User Name: N/A
  Computer: ASP-OP-DPMKRE1.ASPIAL.com
  Description: 
N/A

Event[78]:
  Log Name: Application
  Source: PHP-7.4.33
  Date: 2025-03-11T17:40:02.449
  Event ID: 4
  Task: Devices
  Level: Error
  Opcode: N/A
  Keyword: Classic
  User: N/A
  User Name: N/A
  Computer: ASP-OP-DPMKRE1.ASPIAL.com
  Description: 
N/A

Event[79]:
  Log Name: Application
  Source: PHP-7.4.33
  Date: 2025-03-11T17:40:02.449
  Event ID: 4
  Task: Devices
  Level: Error
  Opcode: N/A
  Keyword: Classic
  User: N/A
  User Name: N/A
  Computer: ASP-OP-DPMKRE1.ASPIAL.com
  Description: 
N/A

Event[80]:
  Log Name: Application
  Source: PHP-7.4.33
  Date: 2025-03-11T17:40:01.918
  Event ID: 4
  Task: Devices
  Level: Error
  Opcode: N/A
  Keyword: Classic
  User: N/A
  User Name: N/A
  Computer: ASP-OP-DPMKRE1.ASPIAL.com
  Description: 
N/A

Event[81]:
  Log Name: Application
  Source: PHP-7.4.33
  Date: 2025-03-11T17:40:01.918
  Event ID: 4
  Task: Devices
  Level: Error
  Opcode: N/A
  Keyword: Classic
  User: N/A
  User Name: N/A
  Computer: ASP-OP-DPMKRE1.ASPIAL.com
  Description: 
N/A

Event[82]:
  Log Name: Application
  Source: PHP-7.4.33
  Date: 2025-03-11T17:40:01.649
  Event ID: 4
  Task: Devices
  Level: Error
  Opcode: N/A
  Keyword: Classic
  User: N/A
  User Name: N/A
  Computer: ASP-OP-DPMKRE1.ASPIAL.com
  Description: 
N/A

Event[83]:
  Log Name: Application
  Source: PHP-7.4.33
  Date: 2025-03-11T17:40:01.649
  Event ID: 4
  Task: Devices
  Level: Error
  Opcode: N/A
  Keyword: Classic
  User: N/A
  User Name: N/A
  Computer: ASP-OP-DPMKRE1.ASPIAL.com
  Description: 
N/A

Event[84]:
  Log Name: Application
  Source: PHP-7.4.33
  Date: 2025-03-11T17:39:03.059
  Event ID: 4
  Task: Devices
  Level: Error
  Opcode: N/A
  Keyword: Classic
  User: N/A
  User Name: N/A
  Computer: ASP-OP-DPMKRE1.ASPIAL.com
  Description: 
N/A

Event[85]:
  Log Name: Application
  Source: PHP-7.4.33
  Date: 2025-03-11T17:39:03.059
  Event ID: 4
  Task: Devices
  Level: Error
  Opcode: N/A
  Keyword: Classic
  User: N/A
  User Name: N/A
  Computer: ASP-OP-DPMKRE1.ASPIAL.com
  Description: 
N/A

Event[86]:
  Log Name: Application
  Source: PHP-7.4.33
  Date: 2025-03-11T17:39:02.887
  Event ID: 4
  Task: Devices
  Level: Error
  Opcode: N/A
  Keyword: Classic
  User: N/A
  User Name: N/A
  Computer: ASP-OP-DPMKRE1.ASPIAL.com
  Description: 
N/A

Event[87]:
  Log Name: Application
  Source: PHP-7.4.33
  Date: 2025-03-11T17:39:02.887
  Event ID: 4
  Task: Devices
  Level: Error
  Opcode: N/A
  Keyword: Classic
  User: N/A
  User Name: N/A
  Computer: ASP-OP-DPMKRE1.ASPIAL.com
  Description: 
N/A

Event[88]:
  Log Name: Application
  Source: PHP-7.4.33
  Date: 2025-03-11T17:39:02.439
  Event ID: 4
  Task: Devices
  Level: Error
  Opcode: N/A
  Keyword: Classic
  User: N/A
  User Name: N/A
  Computer: ASP-OP-DPMKRE1.ASPIAL.com
  Description: 
N/A

Event[89]:
  Log Name: Application
  Source: PHP-7.4.33
  Date: 2025-03-11T17:39:02.423
  Event ID: 4
  Task: Devices
  Level: Error
  Opcode: N/A
  Keyword: Classic
  User: N/A
  User Name: N/A
  Computer: ASP-OP-DPMKRE1.ASPIAL.com
  Description: 
N/A

Event[90]:
  Log Name: Application
  Source: PHP-7.4.33
  Date: 2025-03-11T17:39:02.251
  Event ID: 4
  Task: Devices
  Level: Error
  Opcode: N/A
  Keyword: Classic
  User: N/A
  User Name: N/A
  Computer: ASP-OP-DPMKRE1.ASPIAL.com
  Description: 
N/A

Event[91]:
  Log Name: Application
  Source: PHP-7.4.33
  Date: 2025-03-11T17:39:02.251
  Event ID: 4
  Task: Devices
  Level: Error
  Opcode: N/A
  Keyword: Classic
  User: N/A
  User Name: N/A
  Computer: ASP-OP-DPMKRE1.ASPIAL.com
  Description: 
N/A

Event[92]:
  Log Name: Application
  Source: PHP-7.4.33
  Date: 2025-03-11T17:39:01.829
  Event ID: 4
  Task: Devices
  Level: Error
  Opcode: N/A
  Keyword: Classic
  User: N/A
  User Name: N/A
  Computer: ASP-OP-DPMKRE1.ASPIAL.com
  Description: 
N/A

Event[93]:
  Log Name: Application
  Source: PHP-7.4.33
  Date: 2025-03-11T17:39:01.829
  Event ID: 4
  Task: Devices
  Level: Error
  Opcode: N/A
  Keyword: Classic
  User: N/A
  User Name: N/A
  Computer: ASP-OP-DPMKRE1.ASPIAL.com
  Description: 
N/A

Event[94]:
  Log Name: Application
  Source: PHP-7.4.33
  Date: 2025-03-11T17:39:01.655
  Event ID: 4
  Task: Devices
  Level: Error
  Opcode: N/A
  Keyword: Classic
  User: N/A
  User Name: N/A
  Computer: ASP-OP-DPMKRE1.ASPIAL.com
  Description: 
N/A

Event[95]:
  Log Name: Application
  Source: PHP-7.4.33
  Date: 2025-03-11T17:39:01.655
  Event ID: 4
  Task: Devices
  Level: Error
  Opcode: N/A
  Keyword: Classic
  User: N/A
  User Name: N/A
  Computer: ASP-OP-DPMKRE1.ASPIAL.com
  Description: 
N/A

Event[96]:
  Log Name: Application
  Source: PHP-7.4.33
  Date: 2025-03-11T17:38:03.084
  Event ID: 4
  Task: Devices
  Level: Error
  Opcode: N/A
  Keyword: Classic
  User: N/A
  User Name: N/A
  Computer: ASP-OP-DPMKRE1.ASPIAL.com
  Description: 
N/A

Event[97]:
  Log Name: Application
  Source: PHP-7.4.33
  Date: 2025-03-11T17:38:03.084
  Event ID: 4
  Task: Devices
  Level: Error
  Opcode: N/A
  Keyword: Classic
  User: N/A
  User Name: N/A
  Computer: ASP-OP-DPMKRE1.ASPIAL.com
  Description: 
N/A

Event[98]:
  Log Name: Application
  Source: PHP-7.4.33
  Date: 2025-03-11T17:38:02.912
  Event ID: 4
  Task: Devices
  Level: Error
  Opcode: N/A
  Keyword: Classic
  User: N/A
  User Name: N/A
  Computer: ASP-OP-DPMKRE1.ASPIAL.com
  Description: 
N/A

Event[99]:
  Log Name: Application
  Source: PHP-7.4.33
  Date: 2025-03-11T17:38:02.912
  Event ID: 4
  Task: Devices
  Level: Error
  Opcode: N/A
  Keyword: Classic
  User: N/A
  User Name: N/A
  Computer: ASP-OP-DPMKRE1.ASPIAL.com
  Description: 
N/A


--------------------------------------- Actual shadows details -----------------------------------
vssadmin 1.1 - Volume Shadow Copy Service administrative command-line tool
(C) Copyright 2001-2013 Microsoft Corp.

No items found that satisfy the query.

--------------------------------------------------------------------------------------------------
Script execution finished at Tue 03/11/2025 17:46:57.82 
--------------------------------------------------------------------------------------------------
