Event[9]:
  Log Name: System
  Source: Microsoft-Windows-DistributedCOM
  Date: 2025-02-21T17:15:01.034
  Event ID: 10016
  Task: N/A
  Level: Error
  Opcode: Info
  Keyword: Classic
  User: S-1-5-21-448539723-879983540-682003330-6613
  User Name: ASPIAL\cit_app
  Computer: ASP-OP-UMASTERAPP.ASPIAL.com
  Description: 
The application-specific permission settings do not grant Local Activation permission for the COM Server application with CLSID 
{D63B10C5-BB46-4990-A94F-E40B9D520160}
 and APPID 
{9CA88EE3-ACB7-47C8-AFC4-AB702511C276}
 to the user ASPIAL\cit_app SID (S-1-5-21-448539723-879983540-682003330-6613) from address LocalHost (Using LRPC) running in the application container Unavailable SID (Unavailable). This security permission can be modified using the Component Services administrative tool.

Event[10]:
  Log Name: System
  Source: Microsoft-Windows-DistributedCOM
  Date: 2025-02-21T17:12:52.827
  Event ID: 10016
  Task: N/A
  Level: Error
  Opcode: Info
  Keyword: Classic
  User: S-1-5-18
  User Name: NT AUTHORITY\SYSTEM
  Computer: ASP-OP-UMASTERAPP.ASPIAL.com
  Description: 
The application-specific permission settings do not grant Local Activation permission for the COM Server application with CLSID 
{8D8F4F83-3594-4F07-8369-FC3C3CAE4919}
 and APPID 
{F72671A9-012C-4725-9D2F-2A4D32D65169}
 to the user NT AUTHORITY\SYSTEM SID (S-1-5-18) from address LocalHost (Using LRPC) running in the application container Unavailable SID (Unavailable). This security permission can be modified using the Component Services administrative tool.

Event[11]:
  Log Name: System
  Source: Microsoft-Windows-DistributedCOM
  Date: 2025-02-21T16:53:11.295
  Event ID: 10016
  Task: N/A
  Level: Error
  Opcode: Info
  Keyword: Classic
  User: S-1-5-18
  User Name: NT AUTHORITY\SYSTEM
  Computer: ASP-OP-UMASTERAPP.ASPIAL.com
  Description: 
The application-specific permission settings do not grant Local Activation permission for the COM Server application with CLSID 
{8D8F4F83-3594-4F07-8369-FC3C3CAE4919}
 and APPID 
{F72671A9-012C-4725-9D2F-2A4D32D65169}
 to the user NT AUTHORITY\SYSTEM SID (S-1-5-18) from address LocalHost (Using LRPC) running in the application container Unavailable SID (Unavailable). This security permission can be modified using the Component Services administrative tool.

Event[12]:
  Log Name: System
  Source: Microsoft-Windows-DistributedCOM
  Date: 2025-02-21T15:23:00.743
  Event ID: 10010
  Task: N/A
  Level: Error
  Opcode: Info
  Keyword: Classic
  User: S-1-5-21-448539723-879983540-682003330-33179
  User Name: ASPIAL\yuwai_hnin
  Computer: ASP-OP-UMASTERAPP.ASPIAL.com
  Description: 
The server {9BA05972-F6A8-11CF-A442-00A0C90A8F39} did not register with DCOM within the required timeout.

Event[13]:
  Log Name: System
  Source: Microsoft-Windows-DistributedCOM
  Date: 2025-02-21T15:02:50.325
  Event ID: 10016
  Task: N/A
  Level: Error
  Opcode: Info
  Keyword: Classic
  User: S-1-5-18
  User Name: NT AUTHORITY\SYSTEM
  Computer: ASP-OP-UMASTERAPP.ASPIAL.com
  Description: 
The application-specific permission settings do not grant Local Activation permission for the COM Server application with CLSID 
{8D8F4F83-3594-4F07-8369-FC3C3CAE4919}
 and APPID 
{F72671A9-012C-4725-9D2F-2A4D32D65169}
 to the user NT AUTHORITY\SYSTEM SID (S-1-5-18) from address LocalHost (Using LRPC) running in the application container Unavailable SID (Unavailable). This security permission can be modified using the Component Services administrative tool.

Event[14]:
  Log Name: System
  Source: Microsoft-Windows-DistributedCOM
  Date: 2025-02-20T18:00:28.362
  Event ID: 10010
  Task: N/A
  Level: Error
  Opcode: Info
  Keyword: Classic
  User: S-1-5-21-448539723-879983540-682003330-33179
  User Name: ASPIAL\yuwai_hnin
  Computer: ASP-OP-UMASTERAPP.ASPIAL.com
  Description: 
The server {9BA05972-F6A8-11CF-A442-00A0C90A8F39} did not register with DCOM within the required timeout.

Event[15]:
  Log Name: System
  Source: Microsoft-Windows-DistributedCOM
  Date: 2025-02-20T17:52:00.422
  Event ID: 10016
  Task: N/A
  Level: Error
  Opcode: Info
  Keyword: Classic
  User: S-1-5-18
  User Name: NT AUTHORITY\SYSTEM
  Computer: ASP-OP-UMASTERAPP.ASPIAL.com
  Description: 
The application-specific permission settings do not grant Local Activation permission for the COM Server application with CLSID 
{8D8F4F83-3594-4F07-8369-FC3C3CAE4919}
 and APPID 
{F72671A9-012C-4725-9D2F-2A4D32D65169}
 to the user NT AUTHORITY\SYSTEM SID (S-1-5-18) from address LocalHost (Using LRPC) running in the application container Unavailable SID (Unavailable). This security permission can be modified using the Component Services administrative tool.

Event[16]:
  Log Name: System
  Source: Microsoft-Windows-DistributedCOM
  Date: 2025-02-20T00:23:35.219
  Event ID: 10016
  Task: N/A
  Level: Error
  Opcode: Info
  Keyword: Classic
  User: S-1-5-18
  User Name: NT AUTHORITY\SYSTEM
  Computer: ASP-OP-UMASTERAPP.ASPIAL.com
  Description: 
The application-specific permission settings do not grant Local Activation permission for the COM Server application with CLSID 
{8D8F4F83-3594-4F07-8369-FC3C3CAE4919}
 and APPID 
{F72671A9-012C-4725-9D2F-2A4D32D65169}
 to the user NT AUTHORITY\SYSTEM SID (S-1-5-18) from address LocalHost (Using LRPC) running in the application container Unavailable SID (Unavailable). This security permission can be modified using the Component Services administrative tool.

Event[17]:
  Log Name: System
  Source: Microsoft-Windows-DistributedCOM
  Date: 2025-02-19T16:53:43.160
  Event ID: 10016
  Task: N/A
  Level: Error
  Opcode: Info
  Keyword: Classic
  User: S-1-5-18
  User Name: NT AUTHORITY\SYSTEM
  Computer: ASP-OP-UMASTERAPP.ASPIAL.com
  Description: 
The application-specific permission settings do not grant Local Activation permission for the COM Server application with CLSID 
{8D8F4F83-3594-4F07-8369-FC3C3CAE4919}
 and APPID 
{F72671A9-012C-4725-9D2F-2A4D32D65169}
 to the user NT AUTHORITY\SYSTEM SID (S-1-5-18) from address LocalHost (Using LRPC) running in the application container Unavailable SID (Unavailable). This security permission can be modified using the Component Services administrative tool.

Event[18]:
  Log Name: System
  Source: Microsoft-Windows-DistributedCOM
  Date: 2025-02-19T12:02:08.751
  Event ID: 10016
  Task: N/A
  Level: Error
  Opcode: Info
  Keyword: Classic
  User: S-1-5-18
  User Name: NT AUTHORITY\SYSTEM
  Computer: ASP-OP-UMASTERAPP.ASPIAL.com
  Description: 
The application-specific permission settings do not grant Local Activation permission for the COM Server application with CLSID 
{8D8F4F83-3594-4F07-8369-FC3C3CAE4919}
 and APPID 
{F72671A9-012C-4725-9D2F-2A4D32D65169}
 to the user NT AUTHORITY\SYSTEM SID (S-1-5-18) from address LocalHost (Using LRPC) running in the application container Unavailable SID (Unavailable). This security permission can be modified using the Component Services administrative tool.

Event[19]:
  Log Name: System
  Source: Microsoft-Windows-DistributedCOM
  Date: 2025-02-15T01:57:05.910
  Event ID: 10016
  Task: N/A
  Level: Error
  Opcode: Info
  Keyword: Classic
  User: S-1-5-21-448539723-879983540-682003330-24409
  User Name: ASPIAL\admin_cs
  Computer: ASP-OP-UMASTERAPP.ASPIAL.com
  Description: 
The application-specific permission settings do not grant Local Activation permission for the COM Server application with CLSID 
{0B5A2C52-3EB9-470A-96E2-6C6D4570E40F}
 and APPID 
{56BE716B-2F76-4DFA-8702-67AE10044F0B}
 to the user ASPIAL\admin_cs SID (S-1-5-21-448539723-879983540-682003330-24409) from address LocalHost (Using LRPC) running in the application container Unavailable SID (Unavailable). This security permission can be modified using the Component Services administrative tool.

Event[20]:
  Log Name: System
  Source: Microsoft-Windows-DistributedCOM
  Date: 2025-02-15T01:53:27.890
  Event ID: 10016
  Task: N/A
  Level: Error
  Opcode: Info
  Keyword: Classic
  User: S-1-5-18
  User Name: NT AUTHORITY\SYSTEM
  Computer: ASP-OP-UMASTERAPP.ASPIAL.com
  Description: 
The application-specific permission settings do not grant Local Activation permission for the COM Server application with CLSID 
{8D8F4F83-3594-4F07-8369-FC3C3CAE4919}
 and APPID 
{F72671A9-012C-4725-9D2F-2A4D32D65169}
 to the user NT AUTHORITY\SYSTEM SID (S-1-5-18) from address LocalHost (Using LRPC) running in the application container Unavailable SID (Unavailable). This security permission can be modified using the Component Services administrative tool.

Event[21]:
  Log Name: System
  Source: Service Control Manager
  Date: 2025-02-14T22:24:20.383
  Event ID: 7023
  Task: N/A
  Level: Error
  Opcode: N/A
  Keyword: Classic
  User: N/A
  User Name: N/A
  Computer: ASP-OP-UMASTERAPP.ASPIAL.com
  Description: 
The Connected Devices Platform Service service terminated with the following error: 
Unspecified error

Event[22]:
  Log Name: System
  Source: Microsoft-Windows-DistributedCOM
  Date: 2025-02-14T22:24:10.198
  Event ID: 10016
  Task: N/A
  Level: Error
  Opcode: Info
  Keyword: Classic
  User: S-1-5-18
  User Name: NT AUTHORITY\SYSTEM
  Computer: ASP-OP-UMASTERAPP.ASPIAL.com
  Description: 
The application-specific permission settings do not grant Local Activation permission for the COM Server application with CLSID 
{8D8F4F83-3594-4F07-8369-FC3C3CAE4919}
 and APPID 
{F72671A9-012C-4725-9D2F-2A4D32D65169}
 to the user NT AUTHORITY\SYSTEM SID (S-1-5-18) from address LocalHost (Using LRPC) running in the application container Unavailable SID (Unavailable). This security permission can be modified using the Component Services administrative tool.

Event[23]:
  Log Name: System
  Source: Microsoft-Windows-DistributedCOM
  Date: 2025-02-14T22:24:01.947
  Event ID: 10016
  Task: N/A
  Level: Error
  Opcode: Info
  Keyword: Classic
  User: S-1-5-21-448539723-879983540-682003330-6613
  User Name: ASPIAL\cit_app
  Computer: ASP-OP-UMASTERAPP.ASPIAL.com
  Description: 
The application-specific permission settings do not grant Local Activation permission for the COM Server application with CLSID 
{D63B10C5-BB46-4990-A94F-E40B9D520160}
 and APPID 
{9CA88EE3-ACB7-47C8-AFC4-AB702511C276}
 to the user ASPIAL\cit_app SID (S-1-5-21-448539723-879983540-682003330-6613) from address LocalHost (Using LRPC) running in the application container Unavailable SID (Unavailable). This security permission can be modified using the Component Services administrative tool.

Event[24]:
  Log Name: System
  Source: Microsoft-Windows-Eventlog
  Date: 2025-02-14T22:23:16.826
  Event ID: 30
  Task: Service startup
  Level: Error
  Opcode: Info
  Keyword: Service availability
  User: S-1-5-19
  User Name: NT AUTHORITY\LOCAL SERVICE
  Computer: ASP-OP-UMASTERAPP.ASPIAL.com
  Description: 
The event logging service encountered an error (5) while enabling publisher {0BF2FB94-7B60-4B4D-9766-E82F658DF540} to channel Microsoft-Windows-Kernel-ShimEngine/Operational. This does not affect channel operation, but does affect the ability of the publisher to raise events to the channel. One common reason for this error is that the Provider is using ETW Provider Security and has not granted enable permissions to the Event Log service identity.

Event[25]:
  Log Name: System
  Source: Microsoft-Windows-DistributedCOM
  Date: 2025-02-14T22:18:22.754
  Event ID: 10029
  Task: N/A
  Level: Error
  Opcode: Info
  Keyword: Classic
  User: S-1-5-18
  User Name: NT AUTHORITY\SYSTEM
  Computer: ASP-OP-UMASTERAPP.ASPIAL.com
  Description: 
The activation of the CLSID {752073A1-23F2-4396-85F0-8FDB879ED0ED} timed out waiting for the service TrustedInstaller to stop.

Event[26]:
  Log Name: System
  Source: Service Control Manager
  Date: 2025-02-14T22:12:32.932
  Event ID: 7043
  Task: N/A
  Level: Error
  Opcode: N/A
  Keyword: Classic
  User: N/A
  User Name: N/A
  Computer: ASP-OP-UMASTERAPP.ASPIAL.com
  Description: 
The Update Orchestrator Service for Windows Update service did not shut down properly after receiving a preshutdown control.

Event[27]:
  Log Name: System
  Source: Microsoft-Windows-DistributedCOM
  Date: 2025-02-14T21:19:28.752
  Event ID: 10016
  Task: N/A
  Level: Error
  Opcode: Info
  Keyword: Classic
  User: S-1-5-18
  User Name: NT AUTHORITY\SYSTEM
  Computer: ASP-OP-UMASTERAPP.ASPIAL.com
  Description: 
The application-specific permission settings do not grant Local Activation permission for the COM Server application with CLSID 
{8D8F4F83-3594-4F07-8369-FC3C3CAE4919}
 and APPID 
{F72671A9-012C-4725-9D2F-2A4D32D65169}
 to the user NT AUTHORITY\SYSTEM SID (S-1-5-18) from address LocalHost (Using LRPC) running in the application container Unavailable SID (Unavailable). This security permission can be modified using the Component Services administrative tool.

Event[28]:
  Log Name: System
  Source: Microsoft-Windows-DistributedCOM
  Date: 2025-02-14T21:03:31.076
  Event ID: 10016
  Task: N/A
  Level: Error
  Opcode: Info
  Keyword: Classic
  User: S-1-5-18
  User Name: NT AUTHORITY\SYSTEM
  Computer: ASP-OP-UMASTERAPP.ASPIAL.com
  Description: 
The application-specific permission settings do not grant Local Activation permission for the COM Server application with CLSID 
{8D8F4F83-3594-4F07-8369-FC3C3CAE4919}
 and APPID 
{F72671A9-012C-4725-9D2F-2A4D32D65169}
 to the user NT AUTHORITY\SYSTEM SID (S-1-5-18) from address LocalHost (Using LRPC) running in the application container Unavailable SID (Unavailable). This security permission can be modified using the Component Services administrative tool.

Event[29]:
  Log Name: System
  Source: Microsoft-Windows-DistributedCOM
  Date: 2025-02-14T19:49:15.021
  Event ID: 10016
  Task: N/A
  Level: Error
  Opcode: Info
  Keyword: Classic
  User: S-1-5-18
  User Name: NT AUTHORITY\SYSTEM
  Computer: ASP-OP-UMASTERAPP.ASPIAL.com
  Description: 
The application-specific permission settings do not grant Local Activation permission for the COM Server application with CLSID 
{8D8F4F83-3594-4F07-8369-FC3C3CAE4919}
 and APPID 
{F72671A9-012C-4725-9D2F-2A4D32D65169}
 to the user NT AUTHORITY\SYSTEM SID (S-1-5-18) from address LocalHost (Using LRPC) running in the application container Unavailable SID (Unavailable). This security permission can be modified using the Component Services administrative tool.

Event[30]:
  Log Name: System
  Source: Microsoft-Windows-GroupPolicy
  Date: 2025-02-14T19:49:14.628
  Event ID: 1058
  Task: N/A
  Level: Error
  Opcode: Start
  Keyword: N/A
  User: S-1-5-21-448539723-879983540-682003330-3450
  User Name: ASPIAL\dbadmin
  Computer: ASP-OP-UMASTERAPP.ASPIAL.com
  Description: 
The processing of Group Policy failed. Windows attempted to read the file \\ASPIAL.COM\SysVol\ASPIAL.COM\Policies\{56372A39-0C0C-4288-A0CF-EE56EAC2F755}\gpt.ini from a domain controller and was not successful. Group Policy settings may not be applied until this event is resolved. This issue may be transient and could be caused by one or more of the following: 
a) Name Resolution/Network Connectivity to the current domain controller. 
b) File Replication Service Latency (a file created on another domain controller has not replicated to the current domain controller). 
c) The Distributed File System (DFS) client has been disabled.

Event[31]:
  Log Name: System
  Source: Microsoft-Windows-DistributedCOM
  Date: 2025-02-14T18:17:01.234
  Event ID: 10016
  Task: N/A
  Level: Error
  Opcode: Info
  Keyword: Classic
  User: S-1-5-18
  User Name: NT AUTHORITY\SYSTEM
  Computer: ASP-OP-UMASTERAPP.ASPIAL.com
  Description: 
The application-specific permission settings do not grant Local Activation permission for the COM Server application with CLSID 
{8D8F4F83-3594-4F07-8369-FC3C3CAE4919}
 and APPID 
{F72671A9-012C-4725-9D2F-2A4D32D65169}
 to the user NT AUTHORITY\SYSTEM SID (S-1-5-18) from address LocalHost (Using LRPC) running in the application container Unavailable SID (Unavailable). This security permission can be modified using the Component Services administrative tool.

Event[32]:
  Log Name: System
  Source: Microsoft-Windows-DistributedCOM
  Date: 2025-02-14T17:56:26.993
  Event ID: 10016
  Task: N/A
  Level: Error
  Opcode: Info
  Keyword: Classic
  User: S-1-5-18
  User Name: NT AUTHORITY\SYSTEM
  Computer: ASP-OP-UMASTERAPP.ASPIAL.com
  Description: 
The application-specific permission settings do not grant Local Activation permission for the COM Server application with CLSID 
{8D8F4F83-3594-4F07-8369-FC3C3CAE4919}
 and APPID 
{F72671A9-012C-4725-9D2F-2A4D32D65169}
 to the user NT AUTHORITY\SYSTEM SID (S-1-5-18) from address LocalHost (Using LRPC) running in the application container Unavailable SID (Unavailable). This security permission can be modified using the Component Services administrative tool.

Event[33]:
  Log Name: System
  Source: Microsoft-Windows-DistributedCOM
  Date: 2025-02-14T16:39:28.841
  Event ID: 10016
  Task: N/A
  Level: Error
  Opcode: Info
  Keyword: Classic
  User: S-1-5-18
  User Name: NT AUTHORITY\SYSTEM
  Computer: ASP-OP-UMASTERAPP.ASPIAL.com
  Description: 
The application-specific permission settings do not grant Local Activation permission for the COM Server application with CLSID 
{8D8F4F83-3594-4F07-8369-FC3C3CAE4919}
 and APPID 
{F72671A9-012C-4725-9D2F-2A4D32D65169}
 to the user NT AUTHORITY\SYSTEM SID (S-1-5-18) from address LocalHost (Using LRPC) running in the application container Unavailable SID (Unavailable). This security permission can be modified using the Component Services administrative tool.

Event[34]:
  Log Name: System
  Source: Microsoft-Windows-DistributedCOM
  Date: 2025-02-14T14:32:19.938
  Event ID: 10016
  Task: N/A
  Level: Error
  Opcode: Info
  Keyword: Classic
  User: S-1-5-18
  User Name: NT AUTHORITY\SYSTEM
  Computer: ASP-OP-UMASTERAPP.ASPIAL.com
  Description: 
The application-specific permission settings do not grant Local Activation permission for the COM Server application with CLSID 
{8D8F4F83-3594-4F07-8369-FC3C3CAE4919}
 and APPID 
{F72671A9-012C-4725-9D2F-2A4D32D65169}
 to the user NT AUTHORITY\SYSTEM SID (S-1-5-18) from address LocalHost (Using LRPC) running in the application container Unavailable SID (Unavailable). This security permission can be modified using the Component Services administrative tool.

Event[35]:
  Log Name: System
  Source: Microsoft-Windows-DistributedCOM
  Date: 2025-02-12T23:35:22.745
  Event ID: 10016
  Task: N/A
  Level: Error
  Opcode: Info
  Keyword: Classic
  User: S-1-5-18
  User Name: NT AUTHORITY\SYSTEM
  Computer: ASP-OP-UMASTERAPP.ASPIAL.com
  Description: 
The application-specific permission settings do not grant Local Activation permission for the COM Server application with CLSID 
{8D8F4F83-3594-4F07-8369-FC3C3CAE4919}
 and APPID 
{F72671A9-012C-4725-9D2F-2A4D32D65169}
 to the user NT AUTHORITY\SYSTEM SID (S-1-5-18) from address LocalHost (Using LRPC) running in the application container Unavailable SID (Unavailable). This security permission can be modified using the Component Services administrative tool.

Event[36]:
  Log Name: System
  Source: Microsoft-Windows-DistributedCOM
  Date: 2025-02-12T18:22:41.041
  Event ID: 10016
  Task: N/A
  Level: Error
  Opcode: Info
  Keyword: Classic
  User: S-1-5-18
  User Name: NT AUTHORITY\SYSTEM
  Computer: ASP-OP-UMASTERAPP.ASPIAL.com
  Description: 
The application-specific permission settings do not grant Local Activation permission for the COM Server application with CLSID 
{8D8F4F83-3594-4F07-8369-FC3C3CAE4919}
 and APPID 
{F72671A9-012C-4725-9D2F-2A4D32D65169}
 to the user NT AUTHORITY\SYSTEM SID (S-1-5-18) from address LocalHost (Using LRPC) running in the application container Unavailable SID (Unavailable). This security permission can be modified using the Component Services administrative tool.

Event[37]:
  Log Name: System
  Source: Microsoft-Windows-DistributedCOM
  Date: 2025-02-12T18:21:00.625
  Event ID: 10016
  Task: N/A
  Level: Error
  Opcode: Info
  Keyword: Classic
  User: S-1-5-21-448539723-879983540-682003330-6613
  User Name: ASPIAL\cit_app
  Computer: ASP-OP-UMASTERAPP.ASPIAL.com
  Description: 
The application-specific permission settings do not grant Local Activation permission for the COM Server application with CLSID 
{D63B10C5-BB46-4990-A94F-E40B9D520160}
 and APPID 
{9CA88EE3-ACB7-47C8-AFC4-AB702511C276}
 to the user ASPIAL\cit_app SID (S-1-5-21-448539723-879983540-682003330-6613) from address LocalHost (Using LRPC) running in the application container Unavailable SID (Unavailable). This security permission can be modified using the Component Services administrative tool.

Event[38]:
  Log Name: System
  Source: Microsoft-Windows-DistributedCOM
  Date: 2025-02-12T18:18:00.598
  Event ID: 10016
  Task: N/A
  Level: Error
  Opcode: Info
  Keyword: Classic
  User: S-1-5-21-448539723-879983540-682003330-6613
  User Name: ASPIAL\cit_app
  Computer: ASP-OP-UMASTERAPP.ASPIAL.com
  Description: 
The application-specific permission settings do not grant Local Activation permission for the COM Server application with CLSID 
{D63B10C5-BB46-4990-A94F-E40B9D520160}
 and APPID 
{9CA88EE3-ACB7-47C8-AFC4-AB702511C276}
 to the user ASPIAL\cit_app SID (S-1-5-21-448539723-879983540-682003330-6613) from address LocalHost (Using LRPC) running in the application container Unavailable SID (Unavailable). This security permission can be modified using the Component Services administrative tool.

Event[39]:
  Log Name: System
  Source: Microsoft-Windows-DistributedCOM
  Date: 2025-02-12T18:15:00.692
  Event ID: 10016
  Task: N/A
  Level: Error
  Opcode: Info
  Keyword: Classic
  User: S-1-5-21-448539723-879983540-682003330-6613
  User Name: ASPIAL\cit_app
  Computer: ASP-OP-UMASTERAPP.ASPIAL.com
  Description: 
The application-specific permission settings do not grant Local Activation permission for the COM Server application with CLSID 
{D63B10C5-BB46-4990-A94F-E40B9D520160}
 and APPID 
{9CA88EE3-ACB7-47C8-AFC4-AB702511C276}
 to the user ASPIAL\cit_app SID (S-1-5-21-448539723-879983540-682003330-6613) from address LocalHost (Using LRPC) running in the application container Unavailable SID (Unavailable). This security permission can be modified using the Component Services administrative tool.

Event[40]:
  Log Name: System
  Source: Microsoft-Windows-DistributedCOM
  Date: 2025-02-12T18:12:00.576
  Event ID: 10016
  Task: N/A
  Level: Error
  Opcode: Info
  Keyword: Classic
  User: S-1-5-21-448539723-879983540-682003330-6613
  User Name: ASPIAL\cit_app
  Computer: ASP-OP-UMASTERAPP.ASPIAL.com
  Description: 
The application-specific permission settings do not grant Local Activation permission for the COM Server application with CLSID 
{D63B10C5-BB46-4990-A94F-E40B9D520160}
 and APPID 
{9CA88EE3-ACB7-47C8-AFC4-AB702511C276}
 to the user ASPIAL\cit_app SID (S-1-5-21-448539723-879983540-682003330-6613) from address LocalHost (Using LRPC) running in the application container Unavailable SID (Unavailable). This security permission can be modified using the Component Services administrative tool.

Event[41]:
  Log Name: System
  Source: Microsoft-Windows-DistributedCOM
  Date: 2025-02-12T18:09:00.566
  Event ID: 10016
  Task: N/A
  Level: Error
  Opcode: Info
  Keyword: Classic
  User: S-1-5-21-448539723-879983540-682003330-6613
  User Name: ASPIAL\cit_app
  Computer: ASP-OP-UMASTERAPP.ASPIAL.com
  Description: 
The application-specific permission settings do not grant Local Activation permission for the COM Server application with CLSID 
{D63B10C5-BB46-4990-A94F-E40B9D520160}
 and APPID 
{9CA88EE3-ACB7-47C8-AFC4-AB702511C276}
 to the user ASPIAL\cit_app SID (S-1-5-21-448539723-879983540-682003330-6613) from address LocalHost (Using LRPC) running in the application container Unavailable SID (Unavailable). This security permission can be modified using the Component Services administrative tool.

Event[42]:
  Log Name: System
  Source: Microsoft-Windows-DistributedCOM
  Date: 2025-02-12T18:06:00.552
  Event ID: 10016
  Task: N/A
  Level: Error
  Opcode: Info
  Keyword: Classic
  User: S-1-5-21-448539723-879983540-682003330-6613
  User Name: ASPIAL\cit_app
  Computer: ASP-OP-UMASTERAPP.ASPIAL.com
  Description: 
The application-specific permission settings do not grant Local Activation permission for the COM Server application with CLSID 
{D63B10C5-BB46-4990-A94F-E40B9D520160}
 and APPID 
{9CA88EE3-ACB7-47C8-AFC4-AB702511C276}
 to the user ASPIAL\cit_app SID (S-1-5-21-448539723-879983540-682003330-6613) from address LocalHost (Using LRPC) running in the application container Unavailable SID (Unavailable). This security permission can be modified using the Component Services administrative tool.

Event[43]:
  Log Name: System
  Source: Microsoft-Windows-DistributedCOM
  Date: 2025-02-12T18:03:00.536
  Event ID: 10016
  Task: N/A
  Level: Error
  Opcode: Info
  Keyword: Classic
  User: S-1-5-21-448539723-879983540-682003330-6613
  User Name: ASPIAL\cit_app
  Computer: ASP-OP-UMASTERAPP.ASPIAL.com
  Description: 
The application-specific permission settings do not grant Local Activation permission for the COM Server application with CLSID 
{D63B10C5-BB46-4990-A94F-E40B9D520160}
 and APPID 
{9CA88EE3-ACB7-47C8-AFC4-AB702511C276}
 to the user ASPIAL\cit_app SID (S-1-5-21-448539723-879983540-682003330-6613) from address LocalHost (Using LRPC) running in the application container Unavailable SID (Unavailable). This security permission can be modified using the Component Services administrative tool.

Event[44]:
  Log Name: System
  Source: Microsoft-Windows-DistributedCOM
  Date: 2025-02-12T18:00:00.517
  Event ID: 10016
  Task: N/A
  Level: Error
  Opcode: Info
  Keyword: Classic
  User: S-1-5-21-448539723-879983540-682003330-6613
  User Name: ASPIAL\cit_app
  Computer: ASP-OP-UMASTERAPP.ASPIAL.com
  Description: 
The application-specific permission settings do not grant Local Activation permission for the COM Server application with CLSID 
{D63B10C5-BB46-4990-A94F-E40B9D520160}
 and APPID 
{9CA88EE3-ACB7-47C8-AFC4-AB702511C276}
 to the user ASPIAL\cit_app SID (S-1-5-21-448539723-879983540-682003330-6613) from address LocalHost (Using LRPC) running in the application container Unavailable SID (Unavailable). This security permission can be modified using the Component Services administrative tool.

Event[45]:
  Log Name: System
  Source: Microsoft-Windows-DistributedCOM
  Date: 2025-02-12T17:57:00.502
  Event ID: 10016
  Task: N/A
  Level: Error
  Opcode: Info
  Keyword: Classic
  User: S-1-5-21-448539723-879983540-682003330-6613
  User Name: ASPIAL\cit_app
  Computer: ASP-OP-UMASTERAPP.ASPIAL.com
  Description: 
The application-specific permission settings do not grant Local Activation permission for the COM Server application with CLSID 
{D63B10C5-BB46-4990-A94F-E40B9D520160}
 and APPID 
{9CA88EE3-ACB7-47C8-AFC4-AB702511C276}
 to the user ASPIAL\cit_app SID (S-1-5-21-448539723-879983540-682003330-6613) from address LocalHost (Using LRPC) running in the application container Unavailable SID (Unavailable). This security permission can be modified using the Component Services administrative tool.

Event[46]:
  Log Name: System
  Source: Microsoft-Windows-DistributedCOM
  Date: 2025-02-12T17:54:00.486
  Event ID: 10016
  Task: N/A
  Level: Error
  Opcode: Info
  Keyword: Classic
  User: S-1-5-21-448539723-879983540-682003330-6613
  User Name: ASPIAL\cit_app
  Computer: ASP-OP-UMASTERAPP.ASPIAL.com
  Description: 
The application-specific permission settings do not grant Local Activation permission for the COM Server application with CLSID 
{D63B10C5-BB46-4990-A94F-E40B9D520160}
 and APPID 
{9CA88EE3-ACB7-47C8-AFC4-AB702511C276}
 to the user ASPIAL\cit_app SID (S-1-5-21-448539723-879983540-682003330-6613) from address LocalHost (Using LRPC) running in the application container Unavailable SID (Unavailable). This security permission can be modified using the Component Services administrative tool.

Event[47]:
  Log Name: System
  Source: Microsoft-Windows-DistributedCOM
  Date: 2025-02-12T17:51:00.467
  Event ID: 10016
  Task: N/A
  Level: Error
  Opcode: Info
  Keyword: Classic
  User: S-1-5-21-448539723-879983540-682003330-6613
  User Name: ASPIAL\cit_app
  Computer: ASP-OP-UMASTERAPP.ASPIAL.com
  Description: 
The application-specific permission settings do not grant Local Activation permission for the COM Server application with CLSID 
{D63B10C5-BB46-4990-A94F-E40B9D520160}
 and APPID 
{9CA88EE3-ACB7-47C8-AFC4-AB702511C276}
 to the user ASPIAL\cit_app SID (S-1-5-21-448539723-879983540-682003330-6613) from address LocalHost (Using LRPC) running in the application container Unavailable SID (Unavailable). This security permission can be modified using the Component Services administrative tool.

Event[48]:
  Log Name: System
  Source: Microsoft-Windows-DistributedCOM
  Date: 2025-02-12T17:48:00.454
  Event ID: 10016
  Task: N/A
  Level: Error
  Opcode: Info
  Keyword: Classic
  User: S-1-5-21-448539723-879983540-682003330-6613
  User Name: ASPIAL\cit_app
  Computer: ASP-OP-UMASTERAPP.ASPIAL.com
  Description: 
The application-specific permission settings do not grant Local Activation permission for the COM Server application with CLSID 
{D63B10C5-BB46-4990-A94F-E40B9D520160}
 and APPID 
{9CA88EE3-ACB7-47C8-AFC4-AB702511C276}
 to the user ASPIAL\cit_app SID (S-1-5-21-448539723-879983540-682003330-6613) from address LocalHost (Using LRPC) running in the application container Unavailable SID (Unavailable). This security permission can be modified using the Component Services administrative tool.

Event[49]:
  Log Name: System
  Source: Microsoft-Windows-DistributedCOM
  Date: 2025-02-12T17:45:00.435
  Event ID: 10016
  Task: N/A
  Level: Error
  Opcode: Info
  Keyword: Classic
  User: S-1-5-21-448539723-879983540-682003330-6613
  User Name: ASPIAL\cit_app
  Computer: ASP-OP-UMASTERAPP.ASPIAL.com
  Description: 
The application-specific permission settings do not grant Local Activation permission for the COM Server application with CLSID 
{D63B10C5-BB46-4990-A94F-E40B9D520160}
 and APPID 
{9CA88EE3-ACB7-47C8-AFC4-AB702511C276}
 to the user ASPIAL\cit_app SID (S-1-5-21-448539723-879983540-682003330-6613) from address LocalHost (Using LRPC) running in the application container Unavailable SID (Unavailable). This security permission can be modified using the Component Services administrative tool.

Event[50]:
  Log Name: System
  Source: Microsoft-Windows-DistributedCOM
  Date: 2025-02-12T17:42:00.432
  Event ID: 10016
  Task: N/A
  Level: Error
  Opcode: Info
  Keyword: Classic
  User: S-1-5-21-448539723-879983540-682003330-6613
  User Name: ASPIAL\cit_app
  Computer: ASP-OP-UMASTERAPP.ASPIAL.com
  Description: 
The application-specific permission settings do not grant Local Activation permission for the COM Server application with CLSID 
{D63B10C5-BB46-4990-A94F-E40B9D520160}
 and APPID 
{9CA88EE3-ACB7-47C8-AFC4-AB702511C276}
 to the user ASPIAL\cit_app SID (S-1-5-21-448539723-879983540-682003330-6613) from address LocalHost (Using LRPC) running in the application container Unavailable SID (Unavailable). This security permission can be modified using the Component Services administrative tool.

Event[51]:
  Log Name: System
  Source: Microsoft-Windows-DistributedCOM
  Date: 2025-02-12T17:39:00.542
  Event ID: 10016
  Task: N/A
  Level: Error
  Opcode: Info
  Keyword: Classic
  User: S-1-5-21-448539723-879983540-682003330-6613
  User Name: ASPIAL\cit_app
  Computer: ASP-OP-UMASTERAPP.ASPIAL.com
  Description: 
The application-specific permission settings do not grant Local Activation permission for the COM Server application with CLSID 
{D63B10C5-BB46-4990-A94F-E40B9D520160}
 and APPID 
{9CA88EE3-ACB7-47C8-AFC4-AB702511C276}
 to the user ASPIAL\cit_app SID (S-1-5-21-448539723-879983540-682003330-6613) from address LocalHost (Using LRPC) running in the application container Unavailable SID (Unavailable). This security permission can be modified using the Component Services administrative tool.

Event[52]:
  Log Name: System
  Source: Microsoft-Windows-DistributedCOM
  Date: 2025-02-12T17:36:00.405
  Event ID: 10016
  Task: N/A
  Level: Error
  Opcode: Info
  Keyword: Classic
  User: S-1-5-21-448539723-879983540-682003330-6613
  User Name: ASPIAL\cit_app
  Computer: ASP-OP-UMASTERAPP.ASPIAL.com
  Description: 
The application-specific permission settings do not grant Local Activation permission for the COM Server application with CLSID 
{D63B10C5-BB46-4990-A94F-E40B9D520160}
 and APPID 
{9CA88EE3-ACB7-47C8-AFC4-AB702511C276}
 to the user ASPIAL\cit_app SID (S-1-5-21-448539723-879983540-682003330-6613) from address LocalHost (Using LRPC) running in the application container Unavailable SID (Unavailable). This security permission can be modified using the Component Services administrative tool.

Event[53]:
  Log Name: System
  Source: Microsoft-Windows-DistributedCOM
  Date: 2025-02-12T17:33:00.404
  Event ID: 10016
  Task: N/A
  Level: Error
  Opcode: Info
  Keyword: Classic
  User: S-1-5-21-448539723-879983540-682003330-6613
  User Name: ASPIAL\cit_app
  Computer: ASP-OP-UMASTERAPP.ASPIAL.com
  Description: 
The application-specific permission settings do not grant Local Activation permission for the COM Server application with CLSID 
{D63B10C5-BB46-4990-A94F-E40B9D520160}
 and APPID 
{9CA88EE3-ACB7-47C8-AFC4-AB702511C276}
 to the user ASPIAL\cit_app SID (S-1-5-21-448539723-879983540-682003330-6613) from address LocalHost (Using LRPC) running in the application container Unavailable SID (Unavailable). This security permission can be modified using the Component Services administrative tool.

Event[54]:
  Log Name: System
  Source: Microsoft-Windows-DistributedCOM
  Date: 2025-02-12T17:30:00.398
  Event ID: 10016
  Task: N/A
  Level: Error
  Opcode: Info
  Keyword: Classic
  User: S-1-5-21-448539723-879983540-682003330-6613
  User Name: ASPIAL\cit_app
  Computer: ASP-OP-UMASTERAPP.ASPIAL.com
  Description: 
The application-specific permission settings do not grant Local Activation permission for the COM Server application with CLSID 
{D63B10C5-BB46-4990-A94F-E40B9D520160}
 and APPID 
{9CA88EE3-ACB7-47C8-AFC4-AB702511C276}
 to the user ASPIAL\cit_app SID (S-1-5-21-448539723-879983540-682003330-6613) from address LocalHost (Using LRPC) running in the application container Unavailable SID (Unavailable). This security permission can be modified using the Component Services administrative tool.

Event[55]:
  Log Name: System
  Source: Microsoft-Windows-DistributedCOM
  Date: 2025-02-12T17:27:00.384
  Event ID: 10016
  Task: N/A
  Level: Error
  Opcode: Info
  Keyword: Classic
  User: S-1-5-21-448539723-879983540-682003330-6613
  User Name: ASPIAL\cit_app
  Computer: ASP-OP-UMASTERAPP.ASPIAL.com
  Description: 
The application-specific permission settings do not grant Local Activation permission for the COM Server application with CLSID 
{D63B10C5-BB46-4990-A94F-E40B9D520160}
 and APPID 
{9CA88EE3-ACB7-47C8-AFC4-AB702511C276}
 to the user ASPIAL\cit_app SID (S-1-5-21-448539723-879983540-682003330-6613) from address LocalHost (Using LRPC) running in the application container Unavailable SID (Unavailable). This security permission can be modified using the Component Services administrative tool.

Event[56]:
  Log Name: System
  Source: Microsoft-Windows-DistributedCOM
  Date: 2025-02-12T17:24:00.368
  Event ID: 10016
  Task: N/A
  Level: Error
  Opcode: Info
  Keyword: Classic
  User: S-1-5-21-448539723-879983540-682003330-6613
  User Name: ASPIAL\cit_app
  Computer: ASP-OP-UMASTERAPP.ASPIAL.com
  Description: 
The application-specific permission settings do not grant Local Activation permission for the COM Server application with CLSID 
{D63B10C5-BB46-4990-A94F-E40B9D520160}
 and APPID 
{9CA88EE3-ACB7-47C8-AFC4-AB702511C276}
 to the user ASPIAL\cit_app SID (S-1-5-21-448539723-879983540-682003330-6613) from address LocalHost (Using LRPC) running in the application container Unavailable SID (Unavailable). This security permission can be modified using the Component Services administrative tool.

Event[57]:
  Log Name: System
  Source: Microsoft-Windows-DistributedCOM
  Date: 2025-02-12T17:21:00.361
  Event ID: 10016
  Task: N/A
  Level: Error
  Opcode: Info
  Keyword: Classic
  User: S-1-5-21-448539723-879983540-682003330-6613
  User Name: ASPIAL\cit_app
  Computer: ASP-OP-UMASTERAPP.ASPIAL.com
  Description: 
The application-specific permission settings do not grant Local Activation permission for the COM Server application with CLSID 
{D63B10C5-BB46-4990-A94F-E40B9D520160}
 and APPID 
{9CA88EE3-ACB7-47C8-AFC4-AB702511C276}
 to the user ASPIAL\cit_app SID (S-1-5-21-448539723-879983540-682003330-6613) from address LocalHost (Using LRPC) running in the application container Unavailable SID (Unavailable). This security permission can be modified using the Component Services administrative tool.

Event[58]:
  Log Name: System
  Source: Microsoft-Windows-DistributedCOM
  Date: 2025-02-12T17:18:00.348
  Event ID: 10016
  Task: N/A
  Level: Error
  Opcode: Info
  Keyword: Classic
  User: S-1-5-21-448539723-879983540-682003330-6613
  User Name: ASPIAL\cit_app
  Computer: ASP-OP-UMASTERAPP.ASPIAL.com
  Description: 
The application-specific permission settings do not grant Local Activation permission for the COM Server application with CLSID 
{D63B10C5-BB46-4990-A94F-E40B9D520160}
 and APPID 
{9CA88EE3-ACB7-47C8-AFC4-AB702511C276}
 to the user ASPIAL\cit_app SID (S-1-5-21-448539723-879983540-682003330-6613) from address LocalHost (Using LRPC) running in the application container Unavailable SID (Unavailable). This security permission can be modified using the Component Services administrative tool.

Event[59]:
  Log Name: System
  Source: Microsoft-Windows-DistributedCOM
  Date: 2025-02-12T17:15:00.358
  Event ID: 10016
  Task: N/A
  Level: Error
  Opcode: Info
  Keyword: Classic
  User: S-1-5-21-448539723-879983540-682003330-6613
  User Name: ASPIAL\cit_app
  Computer: ASP-OP-UMASTERAPP.ASPIAL.com
  Description: 
The application-specific permission settings do not grant Local Activation permission for the COM Server application with CLSID 
{D63B10C5-BB46-4990-A94F-E40B9D520160}
 and APPID 
{9CA88EE3-ACB7-47C8-AFC4-AB702511C276}
 to the user ASPIAL\cit_app SID (S-1-5-21-448539723-879983540-682003330-6613) from address LocalHost (Using LRPC) running in the application container Unavailable SID (Unavailable). This security permission can be modified using the Component Services administrative tool.

Event[60]:
  Log Name: System
  Source: Microsoft-Windows-DistributedCOM
  Date: 2025-02-12T17:12:00.340
  Event ID: 10016
  Task: N/A
  Level: Error
  Opcode: Info
  Keyword: Classic
  User: S-1-5-21-448539723-879983540-682003330-6613
  User Name: ASPIAL\cit_app
  Computer: ASP-OP-UMASTERAPP.ASPIAL.com
  Description: 
The application-specific permission settings do not grant Local Activation permission for the COM Server application with CLSID 
{D63B10C5-BB46-4990-A94F-E40B9D520160}
 and APPID 
{9CA88EE3-ACB7-47C8-AFC4-AB702511C276}
 to the user ASPIAL\cit_app SID (S-1-5-21-448539723-879983540-682003330-6613) from address LocalHost (Using LRPC) running in the application container Unavailable SID (Unavailable). This security permission can be modified using the Component Services administrative tool.

Event[61]:
  Log Name: System
  Source: Microsoft-Windows-DistributedCOM
  Date: 2025-02-12T17:09:00.327
  Event ID: 10016
  Task: N/A
  Level: Error
  Opcode: Info
  Keyword: Classic
  User: S-1-5-21-448539723-879983540-682003330-6613
  User Name: ASPIAL\cit_app
  Computer: ASP-OP-UMASTERAPP.ASPIAL.com
  Description: 
The application-specific permission settings do not grant Local Activation permission for the COM Server application with CLSID 
{D63B10C5-BB46-4990-A94F-E40B9D520160}
 and APPID 
{9CA88EE3-ACB7-47C8-AFC4-AB702511C276}
 to the user ASPIAL\cit_app SID (S-1-5-21-448539723-879983540-682003330-6613) from address LocalHost (Using LRPC) running in the application container Unavailable SID (Unavailable). This security permission can be modified using the Component Services administrative tool.

Event[62]:
  Log Name: System
  Source: Microsoft-Windows-DistributedCOM
  Date: 2025-02-12T17:06:00.325
  Event ID: 10016
  Task: N/A
  Level: Error
  Opcode: Info
  Keyword: Classic
  User: S-1-5-21-448539723-879983540-682003330-6613
  User Name: ASPIAL\cit_app
  Computer: ASP-OP-UMASTERAPP.ASPIAL.com
  Description: 
The application-specific permission settings do not grant Local Activation permission for the COM Server application with CLSID 
{D63B10C5-BB46-4990-A94F-E40B9D520160}
 and APPID 
{9CA88EE3-ACB7-47C8-AFC4-AB702511C276}
 to the user ASPIAL\cit_app SID (S-1-5-21-448539723-879983540-682003330-6613) from address LocalHost (Using LRPC) running in the application container Unavailable SID (Unavailable). This security permission can be modified using the Component Services administrative tool.

Event[63]:
  Log Name: System
  Source: Microsoft-Windows-DistributedCOM
  Date: 2025-02-12T17:03:00.424
  Event ID: 10016
  Task: N/A
  Level: Error
  Opcode: Info
  Keyword: Classic
  User: S-1-5-21-448539723-879983540-682003330-6613
  User Name: ASPIAL\cit_app
  Computer: ASP-OP-UMASTERAPP.ASPIAL.com
  Description: 
The application-specific permission settings do not grant Local Activation permission for the COM Server application with CLSID 
{D63B10C5-BB46-4990-A94F-E40B9D520160}
 and APPID 
{9CA88EE3-ACB7-47C8-AFC4-AB702511C276}
 to the user ASPIAL\cit_app SID (S-1-5-21-448539723-879983540-682003330-6613) from address LocalHost (Using LRPC) running in the application container Unavailable SID (Unavailable). This security permission can be modified using the Component Services administrative tool.

Event[64]:
  Log Name: System
  Source: Microsoft-Windows-DistributedCOM
  Date: 2025-02-12T17:00:00.296
  Event ID: 10016
  Task: N/A
  Level: Error
  Opcode: Info
  Keyword: Classic
  User: S-1-5-21-448539723-879983540-682003330-6613
  User Name: ASPIAL\cit_app
  Computer: ASP-OP-UMASTERAPP.ASPIAL.com
  Description: 
The application-specific permission settings do not grant Local Activation permission for the COM Server application with CLSID 
{D63B10C5-BB46-4990-A94F-E40B9D520160}
 and APPID 
{9CA88EE3-ACB7-47C8-AFC4-AB702511C276}
 to the user ASPIAL\cit_app SID (S-1-5-21-448539723-879983540-682003330-6613) from address LocalHost (Using LRPC) running in the application container Unavailable SID (Unavailable). This security permission can be modified using the Component Services administrative tool.

Event[65]:
  Log Name: System
  Source: Microsoft-Windows-DistributedCOM
  Date: 2025-02-12T16:57:00.284
  Event ID: 10016
  Task: N/A
  Level: Error
  Opcode: Info
  Keyword: Classic
  User: S-1-5-21-448539723-879983540-682003330-6613
  User Name: ASPIAL\cit_app
  Computer: ASP-OP-UMASTERAPP.ASPIAL.com
  Description: 
The application-specific permission settings do not grant Local Activation permission for the COM Server application with CLSID 
{D63B10C5-BB46-4990-A94F-E40B9D520160}
 and APPID 
{9CA88EE3-ACB7-47C8-AFC4-AB702511C276}
 to the user ASPIAL\cit_app SID (S-1-5-21-448539723-879983540-682003330-6613) from address LocalHost (Using LRPC) running in the application container Unavailable SID (Unavailable). This security permission can be modified using the Component Services administrative tool.

Event[66]:
  Log Name: System
  Source: Microsoft-Windows-DistributedCOM
  Date: 2025-02-12T16:54:00.268
  Event ID: 10016
  Task: N/A
  Level: Error
  Opcode: Info
  Keyword: Classic
  User: S-1-5-21-448539723-879983540-682003330-6613
  User Name: ASPIAL\cit_app
  Computer: ASP-OP-UMASTERAPP.ASPIAL.com
  Description: 
The application-specific permission settings do not grant Local Activation permission for the COM Server application with CLSID 
{D63B10C5-BB46-4990-A94F-E40B9D520160}
 and APPID 
{9CA88EE3-ACB7-47C8-AFC4-AB702511C276}
 to the user ASPIAL\cit_app SID (S-1-5-21-448539723-879983540-682003330-6613) from address LocalHost (Using LRPC) running in the application container Unavailable SID (Unavailable). This security permission can be modified using the Component Services administrative tool.

Event[67]:
  Log Name: System
  Source: Microsoft-Windows-DistributedCOM
  Date: 2025-02-12T16:51:00.254
  Event ID: 10016
  Task: N/A
  Level: Error
  Opcode: Info
  Keyword: Classic
  User: S-1-5-21-448539723-879983540-682003330-6613
  User Name: ASPIAL\cit_app
  Computer: ASP-OP-UMASTERAPP.ASPIAL.com
  Description: 
The application-specific permission settings do not grant Local Activation permission for the COM Server application with CLSID 
{D63B10C5-BB46-4990-A94F-E40B9D520160}
 and APPID 
{9CA88EE3-ACB7-47C8-AFC4-AB702511C276}
 to the user ASPIAL\cit_app SID (S-1-5-21-448539723-879983540-682003330-6613) from address LocalHost (Using LRPC) running in the application container Unavailable SID (Unavailable). This security permission can be modified using the Component Services administrative tool.

Event[68]:
  Log Name: System
  Source: Microsoft-Windows-DistributedCOM
  Date: 2025-02-12T16:48:00.249
  Event ID: 10016
  Task: N/A
  Level: Error
  Opcode: Info
  Keyword: Classic
  User: S-1-5-21-448539723-879983540-682003330-6613
  User Name: ASPIAL\cit_app
  Computer: ASP-OP-UMASTERAPP.ASPIAL.com
  Description: 
The application-specific permission settings do not grant Local Activation permission for the COM Server application with CLSID 
{D63B10C5-BB46-4990-A94F-E40B9D520160}
 and APPID 
{9CA88EE3-ACB7-47C8-AFC4-AB702511C276}
 to the user ASPIAL\cit_app SID (S-1-5-21-448539723-879983540-682003330-6613) from address LocalHost (Using LRPC) running in the application container Unavailable SID (Unavailable). This security permission can be modified using the Component Services administrative tool.

Event[69]:
  Log Name: System
  Source: Microsoft-Windows-DistributedCOM
  Date: 2025-02-12T16:45:00.233
  Event ID: 10016
  Task: N/A
  Level: Error
  Opcode: Info
  Keyword: Classic
  User: S-1-5-21-448539723-879983540-682003330-6613
  User Name: ASPIAL\cit_app
  Computer: ASP-OP-UMASTERAPP.ASPIAL.com
  Description: 
The application-specific permission settings do not grant Local Activation permission for the COM Server application with CLSID 
{D63B10C5-BB46-4990-A94F-E40B9D520160}
 and APPID 
{9CA88EE3-ACB7-47C8-AFC4-AB702511C276}
 to the user ASPIAL\cit_app SID (S-1-5-21-448539723-879983540-682003330-6613) from address LocalHost (Using LRPC) running in the application container Unavailable SID (Unavailable). This security permission can be modified using the Component Services administrative tool.

Event[70]:
  Log Name: System
  Source: Microsoft-Windows-DistributedCOM
  Date: 2025-02-12T16:42:00.222
  Event ID: 10016
  Task: N/A
  Level: Error
  Opcode: Info
  Keyword: Classic
  User: S-1-5-21-448539723-879983540-682003330-6613
  User Name: ASPIAL\cit_app
  Computer: ASP-OP-UMASTERAPP.ASPIAL.com
  Description: 
The application-specific permission settings do not grant Local Activation permission for the COM Server application with CLSID 
{D63B10C5-BB46-4990-A94F-E40B9D520160}
 and APPID 
{9CA88EE3-ACB7-47C8-AFC4-AB702511C276}
 to the user ASPIAL\cit_app SID (S-1-5-21-448539723-879983540-682003330-6613) from address LocalHost (Using LRPC) running in the application container Unavailable SID (Unavailable). This security permission can be modified using the Component Services administrative tool.

Event[71]:
  Log Name: System
  Source: Microsoft-Windows-DistributedCOM
  Date: 2025-02-12T16:39:00.212
  Event ID: 10016
  Task: N/A
  Level: Error
  Opcode: Info
  Keyword: Classic
  User: S-1-5-21-448539723-879983540-682003330-6613
  User Name: ASPIAL\cit_app
  Computer: ASP-OP-UMASTERAPP.ASPIAL.com
  Description: 
The application-specific permission settings do not grant Local Activation permission for the COM Server application with CLSID 
{D63B10C5-BB46-4990-A94F-E40B9D520160}
 and APPID 
{9CA88EE3-ACB7-47C8-AFC4-AB702511C276}
 to the user ASPIAL\cit_app SID (S-1-5-21-448539723-879983540-682003330-6613) from address LocalHost (Using LRPC) running in the application container Unavailable SID (Unavailable). This security permission can be modified using the Component Services administrative tool.

