Event[12]:
  Log Name: System
  Source: Microsoft-Windows-DistributedCOM
  Date: 2025-02-25T12:37:47.373
  Event ID: 10016
  Task: N/A
  Level: Error
  Opcode: Info
  Keyword: Classic
  User: S-1-5-18
  User Name: NT AUTHORITY\SYSTEM
  Computer: ASP-OP-DPMKRE1.ASPIAL.com
  Description: 
The application-specific permission settings do not grant Local Activation permission for the COM Server application with CLSID 
{8D8F4F83-3594-4F07-8369-FC3C3CAE4919}
 and APPID 
{F72671A9-012C-4725-9D2F-2A4D32D65169}
 to the user NT AUTHORITY\SYSTEM SID (S-1-5-18) from address LocalHost (Using LRPC) running in the application container Unavailable SID (Unavailable). This security permission can be modified using the Component Services administrative tool.

Event[13]:
  Log Name: System
  Source: Microsoft-Windows-DistributedCOM
  Date: 2025-02-21T18:02:31.483
  Event ID: 10016
  Task: N/A
  Level: Error
  Opcode: Info
  Keyword: Classic
  User: S-1-5-18
  User Name: NT AUTHORITY\SYSTEM
  Computer: ASP-OP-DPMKRE1.ASPIAL.com
  Description: 
The application-specific permission settings do not grant Local Activation permission for the COM Server application with CLSID 
{8D8F4F83-3594-4F07-8369-FC3C3CAE4919}
 and APPID 
{F72671A9-012C-4725-9D2F-2A4D32D65169}
 to the user NT AUTHORITY\SYSTEM SID (S-1-5-18) from address LocalHost (Using LRPC) running in the application container Unavailable SID (Unavailable). This security permission can be modified using the Component Services administrative tool.

Event[14]:
  Log Name: System
  Source: Microsoft-Windows-DistributedCOM
  Date: 2025-02-20T15:42:58.862
  Event ID: 10016
  Task: N/A
  Level: Error
  Opcode: Info
  Keyword: Classic
  User: S-1-5-18
  User Name: NT AUTHORITY\SYSTEM
  Computer: ASP-OP-DPMKRE1.ASPIAL.com
  Description: 
The application-specific permission settings do not grant Local Activation permission for the COM Server application with CLSID 
{8D8F4F83-3594-4F07-8369-FC3C3CAE4919}
 and APPID 
{F72671A9-012C-4725-9D2F-2A4D32D65169}
 to the user NT AUTHORITY\SYSTEM SID (S-1-5-18) from address LocalHost (Using LRPC) running in the application container Unavailable SID (Unavailable). This security permission can be modified using the Component Services administrative tool.

Event[15]:
  Log Name: System
  Source: Microsoft-Windows-DistributedCOM
  Date: 2025-02-14T15:20:49.129
  Event ID: 10016
  Task: N/A
  Level: Error
  Opcode: Info
  Keyword: Classic
  User: S-1-5-18
  User Name: NT AUTHORITY\SYSTEM
  Computer: ASP-OP-DPMKRE1.ASPIAL.com
  Description: 
The application-specific permission settings do not grant Local Activation permission for the COM Server application with CLSID 
{8D8F4F83-3594-4F07-8369-FC3C3CAE4919}
 and APPID 
{F72671A9-012C-4725-9D2F-2A4D32D65169}
 to the user NT AUTHORITY\SYSTEM SID (S-1-5-18) from address LocalHost (Using LRPC) running in the application container Unavailable SID (Unavailable). This security permission can be modified using the Component Services administrative tool.

Event[16]:
  Log Name: System
  Source: Microsoft-Windows-DistributedCOM
  Date: 2025-02-14T15:18:02.271
  Event ID: 10016
  Task: N/A
  Level: Error
  Opcode: Info
  Keyword: Classic
  User: S-1-5-18
  User Name: NT AUTHORITY\SYSTEM
  Computer: ASP-OP-DPMKRE1.ASPIAL.com
  Description: 
The application-specific permission settings do not grant Local Activation permission for the COM Server application with CLSID 
{8D8F4F83-3594-4F07-8369-FC3C3CAE4919}
 and APPID 
{F72671A9-012C-4725-9D2F-2A4D32D65169}
 to the user NT AUTHORITY\SYSTEM SID (S-1-5-18) from address LocalHost (Using LRPC) running in the application container Unavailable SID (Unavailable). This security permission can be modified using the Component Services administrative tool.

Event[17]:
  Log Name: System
  Source: Microsoft-Windows-DistributedCOM
  Date: 2025-02-14T12:30:01.647
  Event ID: 10016
  Task: N/A
  Level: Error
  Opcode: Info
  Keyword: Classic
  User: S-1-5-18
  User Name: NT AUTHORITY\SYSTEM
  Computer: ASP-OP-DPMKRE1.ASPIAL.com
  Description: 
The application-specific permission settings do not grant Local Activation permission for the COM Server application with CLSID 
{8D8F4F83-3594-4F07-8369-FC3C3CAE4919}
 and APPID 
{F72671A9-012C-4725-9D2F-2A4D32D65169}
 to the user NT AUTHORITY\SYSTEM SID (S-1-5-18) from address LocalHost (Using LRPC) running in the application container Unavailable SID (Unavailable). This security permission can be modified using the Component Services administrative tool.

Event[18]:
  Log Name: System
  Source: Microsoft-Windows-DistributedCOM
  Date: 2025-02-14T11:14:45.296
  Event ID: 10016
  Task: N/A
  Level: Error
  Opcode: Info
  Keyword: Classic
  User: S-1-5-18
  User Name: NT AUTHORITY\SYSTEM
  Computer: ASP-OP-DPMKRE1.ASPIAL.com
  Description: 
The application-specific permission settings do not grant Local Activation permission for the COM Server application with CLSID 
{8D8F4F83-3594-4F07-8369-FC3C3CAE4919}
 and APPID 
{F72671A9-012C-4725-9D2F-2A4D32D65169}
 to the user NT AUTHORITY\SYSTEM SID (S-1-5-18) from address LocalHost (Using LRPC) running in the application container Unavailable SID (Unavailable). This security permission can be modified using the Component Services administrative tool.

Event[19]:
  Log Name: System
  Source: Microsoft-Windows-DistributedCOM
  Date: 2025-02-14T00:08:31.481
  Event ID: 10016
  Task: N/A
  Level: Error
  Opcode: Info
  Keyword: Classic
  User: S-1-5-18
  User Name: NT AUTHORITY\SYSTEM
  Computer: ASP-OP-DPMKRE1.ASPIAL.com
  Description: 
The application-specific permission settings do not grant Local Activation permission for the COM Server application with CLSID 
{8D8F4F83-3594-4F07-8369-FC3C3CAE4919}
 and APPID 
{F72671A9-012C-4725-9D2F-2A4D32D65169}
 to the user NT AUTHORITY\SYSTEM SID (S-1-5-18) from address LocalHost (Using LRPC) running in the application container Unavailable SID (Unavailable). This security permission can be modified using the Component Services administrative tool.

Event[20]:
  Log Name: System
  Source: Microsoft-Windows-DistributedCOM
  Date: 2025-02-13T23:35:25.164
  Event ID: 10016
  Task: N/A
  Level: Error
  Opcode: Info
  Keyword: Classic
  User: S-1-5-18
  User Name: NT AUTHORITY\SYSTEM
  Computer: ASP-OP-DPMKRE1.ASPIAL.com
  Description: 
The application-specific permission settings do not grant Local Activation permission for the COM Server application with CLSID 
{8D8F4F83-3594-4F07-8369-FC3C3CAE4919}
 and APPID 
{F72671A9-012C-4725-9D2F-2A4D32D65169}
 to the user NT AUTHORITY\SYSTEM SID (S-1-5-18) from address LocalHost (Using LRPC) running in the application container Unavailable SID (Unavailable). This security permission can be modified using the Component Services administrative tool.

Event[21]:
  Log Name: System
  Source: Microsoft-Windows-DistributedCOM
  Date: 2025-02-13T23:22:44.447
  Event ID: 10016
  Task: N/A
  Level: Error
  Opcode: Info
  Keyword: Classic
  User: S-1-5-18
  User Name: NT AUTHORITY\SYSTEM
  Computer: ASP-OP-DPMKRE1.ASPIAL.com
  Description: 
The application-specific permission settings do not grant Local Activation permission for the COM Server application with CLSID 
{8D8F4F83-3594-4F07-8369-FC3C3CAE4919}
 and APPID 
{F72671A9-012C-4725-9D2F-2A4D32D65169}
 to the user NT AUTHORITY\SYSTEM SID (S-1-5-18) from address LocalHost (Using LRPC) running in the application container Unavailable SID (Unavailable). This security permission can be modified using the Component Services administrative tool.

Event[22]:
  Log Name: System
  Source: Microsoft-Windows-DistributedCOM
  Date: 2025-02-13T23:22:01.588
  Event ID: 10016
  Task: N/A
  Level: Error
  Opcode: Info
  Keyword: Classic
  User: S-1-5-21-448539723-879983540-682003330-32723
  User Name: ASPIAL\adam_chang
  Computer: ASP-OP-DPMKRE1.ASPIAL.com
  Description: 
The application-specific permission settings do not grant Local Activation permission for the COM Server application with CLSID 
{D63B10C5-BB46-4990-A94F-E40B9D520160}
 and APPID 
{9CA88EE3-ACB7-47C8-AFC4-AB702511C276}
 to the user ASPIAL\adam_chang SID (S-1-5-21-448539723-879983540-682003330-32723) from address LocalHost (Using LRPC) running in the application container Unavailable SID (Unavailable). This security permission can be modified using the Component Services administrative tool.

Event[23]:
  Log Name: System
  Source: Microsoft-Windows-DistributedCOM
  Date: 2025-02-13T23:21:01.608
  Event ID: 10016
  Task: N/A
  Level: Error
  Opcode: Info
  Keyword: Classic
  User: S-1-5-21-448539723-879983540-682003330-32723
  User Name: ASPIAL\adam_chang
  Computer: ASP-OP-DPMKRE1.ASPIAL.com
  Description: 
The application-specific permission settings do not grant Local Activation permission for the COM Server application with CLSID 
{D63B10C5-BB46-4990-A94F-E40B9D520160}
 and APPID 
{9CA88EE3-ACB7-47C8-AFC4-AB702511C276}
 to the user ASPIAL\adam_chang SID (S-1-5-21-448539723-879983540-682003330-32723) from address LocalHost (Using LRPC) running in the application container Unavailable SID (Unavailable). This security permission can be modified using the Component Services administrative tool.

Event[24]:
  Log Name: System
  Source: Service Control Manager
  Date: 2025-02-13T23:21:00.216
  Event ID: 7023
  Task: N/A
  Level: Error
  Opcode: N/A
  Keyword: Classic
  User: N/A
  User Name: N/A
  Computer: ASP-OP-DPMKRE1.ASPIAL.com
  Description: 
The Connected Devices Platform Service service terminated with the following error: 
Unspecified error

Event[25]:
  Log Name: System
  Source: Microsoft-Windows-DistributedCOM
  Date: 2025-02-13T23:20:01.606
  Event ID: 10016
  Task: N/A
  Level: Error
  Opcode: Info
  Keyword: Classic
  User: S-1-5-21-448539723-879983540-682003330-32723
  User Name: ASPIAL\adam_chang
  Computer: ASP-OP-DPMKRE1.ASPIAL.com
  Description: 
The application-specific permission settings do not grant Local Activation permission for the COM Server application with CLSID 
{D63B10C5-BB46-4990-A94F-E40B9D520160}
 and APPID 
{9CA88EE3-ACB7-47C8-AFC4-AB702511C276}
 to the user ASPIAL\adam_chang SID (S-1-5-21-448539723-879983540-682003330-32723) from address LocalHost (Using LRPC) running in the application container Unavailable SID (Unavailable). This security permission can be modified using the Component Services administrative tool.

Event[26]:
  Log Name: System
  Source: Microsoft-Windows-Eventlog
  Date: 2025-02-13T23:19:36.363
  Event ID: 30
  Task: Service startup
  Level: Error
  Opcode: Info
  Keyword: Service availability
  User: S-1-5-19
  User Name: NT AUTHORITY\LOCAL SERVICE
  Computer: ASP-OP-DPMKRE1.ASPIAL.com
  Description: 
The event logging service encountered an error (5) while enabling publisher {0BF2FB94-7B60-4B4D-9766-E82F658DF540} to channel Microsoft-Windows-Kernel-ShimEngine/Operational. This does not affect channel operation, but does affect the ability of the publisher to raise events to the channel. One common reason for this error is that the Provider is using ETW Provider Security and has not granted enable permissions to the Event Log service identity.

Event[27]:
  Log Name: System
  Source: Microsoft-Windows-DistributedCOM
  Date: 2025-02-13T23:19:02.512
  Event ID: 10016
  Task: N/A
  Level: Error
  Opcode: Info
  Keyword: Classic
  User: S-1-5-21-448539723-879983540-682003330-32723
  User Name: ASPIAL\adam_chang
  Computer: ASP-OP-DPMKRE1.ASPIAL.com
  Description: 
The application-specific permission settings do not grant Local Activation permission for the COM Server application with CLSID 
{D63B10C5-BB46-4990-A94F-E40B9D520160}
 and APPID 
{9CA88EE3-ACB7-47C8-AFC4-AB702511C276}
 to the user ASPIAL\adam_chang SID (S-1-5-21-448539723-879983540-682003330-32723) from address LocalHost (Using LRPC) running in the application container Unavailable SID (Unavailable). This security permission can be modified using the Component Services administrative tool.

Event[28]:
  Log Name: System
  Source: Service Control Manager
  Date: 2025-02-13T23:10:49.680
  Event ID: 7043
  Task: N/A
  Level: Error
  Opcode: N/A
  Keyword: Classic
  User: N/A
  User Name: N/A
  Computer: ASP-OP-DPMKRE1.ASPIAL.com
  Description: 
The Update Orchestrator Service for Windows Update service did not shut down properly after receiving a preshutdown control.

Event[29]:
  Log Name: System
  Source: Microsoft-Windows-DistributedCOM
  Date: 2025-02-13T22:32:57.882
  Event ID: 10016
  Task: N/A
  Level: Error
  Opcode: Info
  Keyword: Classic
  User: S-1-5-18
  User Name: NT AUTHORITY\SYSTEM
  Computer: ASP-OP-DPMKRE1.ASPIAL.com
  Description: 
The application-specific permission settings do not grant Local Activation permission for the COM Server application with CLSID 
{8D8F4F83-3594-4F07-8369-FC3C3CAE4919}
 and APPID 
{F72671A9-012C-4725-9D2F-2A4D32D65169}
 to the user NT AUTHORITY\SYSTEM SID (S-1-5-18) from address LocalHost (Using LRPC) running in the application container Unavailable SID (Unavailable). This security permission can be modified using the Component Services administrative tool.

Event[30]:
  Log Name: System
  Source: Microsoft-Windows-DistributedCOM
  Date: 2025-02-13T21:00:04.076
  Event ID: 10016
  Task: N/A
  Level: Error
  Opcode: Info
  Keyword: Classic
  User: S-1-5-18
  User Name: NT AUTHORITY\SYSTEM
  Computer: ASP-OP-DPMKRE1.ASPIAL.com
  Description: 
The application-specific permission settings do not grant Local Activation permission for the COM Server application with CLSID 
{8D8F4F83-3594-4F07-8369-FC3C3CAE4919}
 and APPID 
{F72671A9-012C-4725-9D2F-2A4D32D65169}
 to the user NT AUTHORITY\SYSTEM SID (S-1-5-18) from address LocalHost (Using LRPC) running in the application container Unavailable SID (Unavailable). This security permission can be modified using the Component Services administrative tool.

Event[31]:
  Log Name: System
  Source: Microsoft-Windows-DistributedCOM
  Date: 2025-02-13T19:31:53.448
  Event ID: 10016
  Task: N/A
  Level: Error
  Opcode: Info
  Keyword: Classic
  User: S-1-5-18
  User Name: NT AUTHORITY\SYSTEM
  Computer: ASP-OP-DPMKRE1.ASPIAL.com
  Description: 
The application-specific permission settings do not grant Local Activation permission for the COM Server application with CLSID 
{8D8F4F83-3594-4F07-8369-FC3C3CAE4919}
 and APPID 
{F72671A9-012C-4725-9D2F-2A4D32D65169}
 to the user NT AUTHORITY\SYSTEM SID (S-1-5-18) from address LocalHost (Using LRPC) running in the application container Unavailable SID (Unavailable). This security permission can be modified using the Component Services administrative tool.

Event[32]:
  Log Name: System
  Source: Microsoft-Windows-DistributedCOM
  Date: 2025-02-13T19:28:23.607
  Event ID: 10016
  Task: N/A
  Level: Error
  Opcode: Info
  Keyword: Classic
  User: S-1-5-18
  User Name: NT AUTHORITY\SYSTEM
  Computer: ASP-OP-DPMKRE1.ASPIAL.com
  Description: 
The application-specific permission settings do not grant Local Activation permission for the COM Server application with CLSID 
{8D8F4F83-3594-4F07-8369-FC3C3CAE4919}
 and APPID 
{F72671A9-012C-4725-9D2F-2A4D32D65169}
 to the user NT AUTHORITY\SYSTEM SID (S-1-5-18) from address LocalHost (Using LRPC) running in the application container Unavailable SID (Unavailable). This security permission can be modified using the Component Services administrative tool.

Event[33]:
  Log Name: System
  Source: Microsoft-Windows-DistributedCOM
  Date: 2025-02-13T19:11:11.642
  Event ID: 10016
  Task: N/A
  Level: Error
  Opcode: Info
  Keyword: Classic
  User: S-1-5-18
  User Name: NT AUTHORITY\SYSTEM
  Computer: ASP-OP-DPMKRE1.ASPIAL.com
  Description: 
The application-specific permission settings do not grant Local Activation permission for the COM Server application with CLSID 
{8D8F4F83-3594-4F07-8369-FC3C3CAE4919}
 and APPID 
{F72671A9-012C-4725-9D2F-2A4D32D65169}
 to the user NT AUTHORITY\SYSTEM SID (S-1-5-18) from address LocalHost (Using LRPC) running in the application container Unavailable SID (Unavailable). This security permission can be modified using the Component Services administrative tool.

Event[34]:
  Log Name: System
  Source: Microsoft-Windows-DistributedCOM
  Date: 2025-02-13T18:42:37.302
  Event ID: 10016
  Task: N/A
  Level: Error
  Opcode: Info
  Keyword: Classic
  User: S-1-5-18
  User Name: NT AUTHORITY\SYSTEM
  Computer: ASP-OP-DPMKRE1.ASPIAL.com
  Description: 
The application-specific permission settings do not grant Local Activation permission for the COM Server application with CLSID 
{8D8F4F83-3594-4F07-8369-FC3C3CAE4919}
 and APPID 
{F72671A9-012C-4725-9D2F-2A4D32D65169}
 to the user NT AUTHORITY\SYSTEM SID (S-1-5-18) from address LocalHost (Using LRPC) running in the application container Unavailable SID (Unavailable). This security permission can be modified using the Component Services administrative tool.

Event[35]:
  Log Name: System
  Source: Microsoft-Windows-DistributedCOM
  Date: 2025-02-13T17:58:43.107
  Event ID: 10016
  Task: N/A
  Level: Error
  Opcode: Info
  Keyword: Classic
  User: S-1-5-18
  User Name: NT AUTHORITY\SYSTEM
  Computer: ASP-OP-DPMKRE1.ASPIAL.com
  Description: 
The application-specific permission settings do not grant Local Activation permission for the COM Server application with CLSID 
{8D8F4F83-3594-4F07-8369-FC3C3CAE4919}
 and APPID 
{F72671A9-012C-4725-9D2F-2A4D32D65169}
 to the user NT AUTHORITY\SYSTEM SID (S-1-5-18) from address LocalHost (Using LRPC) running in the application container Unavailable SID (Unavailable). This security permission can be modified using the Component Services administrative tool.

Event[36]:
  Log Name: System
  Source: Microsoft-Windows-DistributedCOM
  Date: 2025-02-13T17:02:36.914
  Event ID: 10016
  Task: N/A
  Level: Error
  Opcode: Info
  Keyword: Classic
  User: S-1-5-18
  User Name: NT AUTHORITY\SYSTEM
  Computer: ASP-OP-DPMKRE1.ASPIAL.com
  Description: 
The application-specific permission settings do not grant Local Activation permission for the COM Server application with CLSID 
{8D8F4F83-3594-4F07-8369-FC3C3CAE4919}
 and APPID 
{F72671A9-012C-4725-9D2F-2A4D32D65169}
 to the user NT AUTHORITY\SYSTEM SID (S-1-5-18) from address LocalHost (Using LRPC) running in the application container Unavailable SID (Unavailable). This security permission can be modified using the Component Services administrative tool.

Event[37]:
  Log Name: System
  Source: Microsoft-Windows-DistributedCOM
  Date: 2025-02-13T16:03:21.095
  Event ID: 10016
  Task: N/A
  Level: Error
  Opcode: Info
  Keyword: Classic
  User: S-1-5-18
  User Name: NT AUTHORITY\SYSTEM
  Computer: ASP-OP-DPMKRE1.ASPIAL.com
  Description: 
The application-specific permission settings do not grant Local Activation permission for the COM Server application with CLSID 
{8D8F4F83-3594-4F07-8369-FC3C3CAE4919}
 and APPID 
{F72671A9-012C-4725-9D2F-2A4D32D65169}
 to the user NT AUTHORITY\SYSTEM SID (S-1-5-18) from address LocalHost (Using LRPC) running in the application container Unavailable SID (Unavailable). This security permission can be modified using the Component Services administrative tool.

Event[38]:
  Log Name: System
  Source: Microsoft-Windows-DistributedCOM
  Date: 2025-02-13T13:08:31.533
  Event ID: 10016
  Task: N/A
  Level: Error
  Opcode: Info
  Keyword: Classic
  User: S-1-5-18
  User Name: NT AUTHORITY\SYSTEM
  Computer: ASP-OP-DPMKRE1.ASPIAL.com
  Description: 
The application-specific permission settings do not grant Local Activation permission for the COM Server application with CLSID 
{8D8F4F83-3594-4F07-8369-FC3C3CAE4919}
 and APPID 
{F72671A9-012C-4725-9D2F-2A4D32D65169}
 to the user NT AUTHORITY\SYSTEM SID (S-1-5-18) from address LocalHost (Using LRPC) running in the application container Unavailable SID (Unavailable). This security permission can be modified using the Component Services administrative tool.

Event[39]:
  Log Name: System
  Source: Microsoft-Windows-DistributedCOM
  Date: 2025-02-13T00:06:13.296
  Event ID: 10016
  Task: N/A
  Level: Error
  Opcode: Info
  Keyword: Classic
  User: S-1-5-18
  User Name: NT AUTHORITY\SYSTEM
  Computer: ASP-OP-DPMKRE1.ASPIAL.com
  Description: 
The application-specific permission settings do not grant Local Activation permission for the COM Server application with CLSID 
{8D8F4F83-3594-4F07-8369-FC3C3CAE4919}
 and APPID 
{F72671A9-012C-4725-9D2F-2A4D32D65169}
 to the user NT AUTHORITY\SYSTEM SID (S-1-5-18) from address LocalHost (Using LRPC) running in the application container Unavailable SID (Unavailable). This security permission can be modified using the Component Services administrative tool.

Event[40]:
  Log Name: System
  Source: Microsoft-Windows-DistributedCOM
  Date: 2025-02-12T19:38:23.669
  Event ID: 10016
  Task: N/A
  Level: Error
  Opcode: Info
  Keyword: Classic
  User: S-1-5-18
  User Name: NT AUTHORITY\SYSTEM
  Computer: ASP-OP-DPMKRE1.ASPIAL.com
  Description: 
The application-specific permission settings do not grant Local Activation permission for the COM Server application with CLSID 
{8D8F4F83-3594-4F07-8369-FC3C3CAE4919}
 and APPID 
{F72671A9-012C-4725-9D2F-2A4D32D65169}
 to the user NT AUTHORITY\SYSTEM SID (S-1-5-18) from address LocalHost (Using LRPC) running in the application container Unavailable SID (Unavailable). This security permission can be modified using the Component Services administrative tool.

Event[41]:
  Log Name: System
  Source: Microsoft-Windows-DistributedCOM
  Date: 2025-02-12T19:20:37.944
  Event ID: 10016
  Task: N/A
  Level: Error
  Opcode: Info
  Keyword: Classic
  User: S-1-5-18
  User Name: NT AUTHORITY\SYSTEM
  Computer: ASP-OP-DPMKRE1.ASPIAL.com
  Description: 
The application-specific permission settings do not grant Local Activation permission for the COM Server application with CLSID 
{8D8F4F83-3594-4F07-8369-FC3C3CAE4919}
 and APPID 
{F72671A9-012C-4725-9D2F-2A4D32D65169}
 to the user NT AUTHORITY\SYSTEM SID (S-1-5-18) from address LocalHost (Using LRPC) running in the application container Unavailable SID (Unavailable). This security permission can be modified using the Component Services administrative tool.

Event[42]:
  Log Name: System
  Source: Microsoft-Windows-DistributedCOM
  Date: 2025-02-12T17:07:14.770
  Event ID: 10016
  Task: N/A
  Level: Error
  Opcode: Info
  Keyword: Classic
  User: S-1-5-18
  User Name: NT AUTHORITY\SYSTEM
  Computer: ASP-OP-DPMKRE1.ASPIAL.com
  Description: 
The application-specific permission settings do not grant Local Activation permission for the COM Server application with CLSID 
{8D8F4F83-3594-4F07-8369-FC3C3CAE4919}
 and APPID 
{F72671A9-012C-4725-9D2F-2A4D32D65169}
 to the user NT AUTHORITY\SYSTEM SID (S-1-5-18) from address LocalHost (Using LRPC) running in the application container Unavailable SID (Unavailable). This security permission can be modified using the Component Services administrative tool.

Event[43]:
  Log Name: System
  Source: Microsoft-Windows-DistributedCOM
  Date: 2025-02-09T10:03:48.158
  Event ID: 10016
  Task: N/A
  Level: Error
  Opcode: Info
  Keyword: Classic
  User: S-1-5-18
  User Name: NT AUTHORITY\SYSTEM
  Computer: ASP-OP-DPMKRE1.ASPIAL.com
  Description: 
The application-specific permission settings do not grant Local Activation permission for the COM Server application with CLSID 
{8D8F4F83-3594-4F07-8369-FC3C3CAE4919}
 and APPID 
{F72671A9-012C-4725-9D2F-2A4D32D65169}
 to the user NT AUTHORITY\SYSTEM SID (S-1-5-18) from address LocalHost (Using LRPC) running in the application container Unavailable SID (Unavailable). This security permission can be modified using the Component Services administrative tool.

Event[44]:
  Log Name: System
  Source: Microsoft-Windows-DistributedCOM
  Date: 2025-02-07T14:55:54.781
  Event ID: 10016
  Task: N/A
  Level: Error
  Opcode: Info
  Keyword: Classic
  User: S-1-5-18
  User Name: NT AUTHORITY\SYSTEM
  Computer: ASP-OP-DPMKRE1.ASPIAL.com
  Description: 
The application-specific permission settings do not grant Local Activation permission for the COM Server application with CLSID 
{8D8F4F83-3594-4F07-8369-FC3C3CAE4919}
 and APPID 
{F72671A9-012C-4725-9D2F-2A4D32D65169}
 to the user NT AUTHORITY\SYSTEM SID (S-1-5-18) from address LocalHost (Using LRPC) running in the application container Unavailable SID (Unavailable). This security permission can be modified using the Component Services administrative tool.

Event[45]:
  Log Name: System
  Source: Microsoft-Windows-DistributedCOM
  Date: 2025-02-07T14:55:05.091
  Event ID: 10016
  Task: N/A
  Level: Error
  Opcode: Info
  Keyword: Classic
  User: S-1-5-21-448539723-879983540-682003330-32723
  User Name: ASPIAL\adam_chang
  Computer: ASP-OP-DPMKRE1.ASPIAL.com
  Description: 
The application-specific permission settings do not grant Local Activation permission for the COM Server application with CLSID 
{D63B10C5-BB46-4990-A94F-E40B9D520160}
 and APPID 
{9CA88EE3-ACB7-47C8-AFC4-AB702511C276}
 to the user ASPIAL\adam_chang SID (S-1-5-21-448539723-879983540-682003330-32723) from address LocalHost (Using LRPC) running in the application container Unavailable SID (Unavailable). This security permission can be modified using the Component Services administrative tool.

Event[46]:
  Log Name: System
  Source: Microsoft-Windows-DistributedCOM
  Date: 2025-02-07T14:55:04.403
  Event ID: 10016
  Task: N/A
  Level: Error
  Opcode: Info
  Keyword: Classic
  User: S-1-5-21-448539723-879983540-682003330-32723
  User Name: ASPIAL\adam_chang
  Computer: ASP-OP-DPMKRE1.ASPIAL.com
  Description: 
The application-specific permission settings do not grant Local Activation permission for the COM Server application with CLSID 
{D63B10C5-BB46-4990-A94F-E40B9D520160}
 and APPID 
{9CA88EE3-ACB7-47C8-AFC4-AB702511C276}
 to the user ASPIAL\adam_chang SID (S-1-5-21-448539723-879983540-682003330-32723) from address LocalHost (Using LRPC) running in the application container Unavailable SID (Unavailable). This security permission can be modified using the Component Services administrative tool.

Event[47]:
  Log Name: System
  Source: Microsoft-Windows-DistributedCOM
  Date: 2025-02-07T14:55:03.716
  Event ID: 10016
  Task: N/A
  Level: Error
  Opcode: Info
  Keyword: Classic
  User: S-1-5-21-448539723-879983540-682003330-32723
  User Name: ASPIAL\adam_chang
  Computer: ASP-OP-DPMKRE1.ASPIAL.com
  Description: 
The application-specific permission settings do not grant Local Activation permission for the COM Server application with CLSID 
{D63B10C5-BB46-4990-A94F-E40B9D520160}
 and APPID 
{9CA88EE3-ACB7-47C8-AFC4-AB702511C276}
 to the user ASPIAL\adam_chang SID (S-1-5-21-448539723-879983540-682003330-32723) from address LocalHost (Using LRPC) running in the application container Unavailable SID (Unavailable). This security permission can be modified using the Component Services administrative tool.

Event[48]:
  Log Name: System
  Source: Microsoft-Windows-DistributedCOM
  Date: 2025-02-07T14:55:03.044
  Event ID: 10016
  Task: N/A
  Level: Error
  Opcode: Info
  Keyword: Classic
  User: S-1-5-21-448539723-879983540-682003330-32723
  User Name: ASPIAL\adam_chang
  Computer: ASP-OP-DPMKRE1.ASPIAL.com
  Description: 
The application-specific permission settings do not grant Local Activation permission for the COM Server application with CLSID 
{D63B10C5-BB46-4990-A94F-E40B9D520160}
 and APPID 
{9CA88EE3-ACB7-47C8-AFC4-AB702511C276}
 to the user ASPIAL\adam_chang SID (S-1-5-21-448539723-879983540-682003330-32723) from address LocalHost (Using LRPC) running in the application container Unavailable SID (Unavailable). This security permission can be modified using the Component Services administrative tool.

Event[49]:
  Log Name: System
  Source: Microsoft-Windows-DistributedCOM
  Date: 2025-02-07T14:55:02.372
  Event ID: 10016
  Task: N/A
  Level: Error
  Opcode: Info
  Keyword: Classic
  User: S-1-5-21-448539723-879983540-682003330-32723
  User Name: ASPIAL\adam_chang
  Computer: ASP-OP-DPMKRE1.ASPIAL.com
  Description: 
The application-specific permission settings do not grant Local Activation permission for the COM Server application with CLSID 
{D63B10C5-BB46-4990-A94F-E40B9D520160}
 and APPID 
{9CA88EE3-ACB7-47C8-AFC4-AB702511C276}
 to the user ASPIAL\adam_chang SID (S-1-5-21-448539723-879983540-682003330-32723) from address LocalHost (Using LRPC) running in the application container Unavailable SID (Unavailable). This security permission can be modified using the Component Services administrative tool.

Event[50]:
  Log Name: System
  Source: Microsoft-Windows-DistributedCOM
  Date: 2025-02-07T14:55:01.591
  Event ID: 10016
  Task: N/A
  Level: Error
  Opcode: Info
  Keyword: Classic
  User: S-1-5-21-448539723-879983540-682003330-32723
  User Name: ASPIAL\adam_chang
  Computer: ASP-OP-DPMKRE1.ASPIAL.com
  Description: 
The application-specific permission settings do not grant Local Activation permission for the COM Server application with CLSID 
{D63B10C5-BB46-4990-A94F-E40B9D520160}
 and APPID 
{9CA88EE3-ACB7-47C8-AFC4-AB702511C276}
 to the user ASPIAL\adam_chang SID (S-1-5-21-448539723-879983540-682003330-32723) from address LocalHost (Using LRPC) running in the application container Unavailable SID (Unavailable). This security permission can be modified using the Component Services administrative tool.

Event[51]:
  Log Name: System
  Source: Microsoft-Windows-DistributedCOM
  Date: 2025-02-07T14:54:05.714
  Event ID: 10016
  Task: N/A
  Level: Error
  Opcode: Info
  Keyword: Classic
  User: S-1-5-21-448539723-879983540-682003330-32723
  User Name: ASPIAL\adam_chang
  Computer: ASP-OP-DPMKRE1.ASPIAL.com
  Description: 
The application-specific permission settings do not grant Local Activation permission for the COM Server application with CLSID 
{D63B10C5-BB46-4990-A94F-E40B9D520160}
 and APPID 
{9CA88EE3-ACB7-47C8-AFC4-AB702511C276}
 to the user ASPIAL\adam_chang SID (S-1-5-21-448539723-879983540-682003330-32723) from address LocalHost (Using LRPC) running in the application container Unavailable SID (Unavailable). This security permission can be modified using the Component Services administrative tool.

Event[52]:
  Log Name: System
  Source: Microsoft-Windows-DistributedCOM
  Date: 2025-02-07T14:54:04.917
  Event ID: 10016
  Task: N/A
  Level: Error
  Opcode: Info
  Keyword: Classic
  User: S-1-5-21-448539723-879983540-682003330-32723
  User Name: ASPIAL\adam_chang
  Computer: ASP-OP-DPMKRE1.ASPIAL.com
  Description: 
The application-specific permission settings do not grant Local Activation permission for the COM Server application with CLSID 
{D63B10C5-BB46-4990-A94F-E40B9D520160}
 and APPID 
{9CA88EE3-ACB7-47C8-AFC4-AB702511C276}
 to the user ASPIAL\adam_chang SID (S-1-5-21-448539723-879983540-682003330-32723) from address LocalHost (Using LRPC) running in the application container Unavailable SID (Unavailable). This security permission can be modified using the Component Services administrative tool.

Event[53]:
  Log Name: System
  Source: Microsoft-Windows-DistributedCOM
  Date: 2025-02-07T14:54:04.245
  Event ID: 10016
  Task: N/A
  Level: Error
  Opcode: Info
  Keyword: Classic
  User: S-1-5-21-448539723-879983540-682003330-32723
  User Name: ASPIAL\adam_chang
  Computer: ASP-OP-DPMKRE1.ASPIAL.com
  Description: 
The application-specific permission settings do not grant Local Activation permission for the COM Server application with CLSID 
{D63B10C5-BB46-4990-A94F-E40B9D520160}
 and APPID 
{9CA88EE3-ACB7-47C8-AFC4-AB702511C276}
 to the user ASPIAL\adam_chang SID (S-1-5-21-448539723-879983540-682003330-32723) from address LocalHost (Using LRPC) running in the application container Unavailable SID (Unavailable). This security permission can be modified using the Component Services administrative tool.

Event[54]:
  Log Name: System
  Source: Microsoft-Windows-DistributedCOM
  Date: 2025-02-07T14:54:03.573
  Event ID: 10016
  Task: N/A
  Level: Error
  Opcode: Info
  Keyword: Classic
  User: S-1-5-21-448539723-879983540-682003330-32723
  User Name: ASPIAL\adam_chang
  Computer: ASP-OP-DPMKRE1.ASPIAL.com
  Description: 
The application-specific permission settings do not grant Local Activation permission for the COM Server application with CLSID 
{D63B10C5-BB46-4990-A94F-E40B9D520160}
 and APPID 
{9CA88EE3-ACB7-47C8-AFC4-AB702511C276}
 to the user ASPIAL\adam_chang SID (S-1-5-21-448539723-879983540-682003330-32723) from address LocalHost (Using LRPC) running in the application container Unavailable SID (Unavailable). This security permission can be modified using the Component Services administrative tool.

Event[55]:
  Log Name: System
  Source: Microsoft-Windows-DistributedCOM
  Date: 2025-02-07T14:54:02.886
  Event ID: 10016
  Task: N/A
  Level: Error
  Opcode: Info
  Keyword: Classic
  User: S-1-5-21-448539723-879983540-682003330-32723
  User Name: ASPIAL\adam_chang
  Computer: ASP-OP-DPMKRE1.ASPIAL.com
  Description: 
The application-specific permission settings do not grant Local Activation permission for the COM Server application with CLSID 
{D63B10C5-BB46-4990-A94F-E40B9D520160}
 and APPID 
{9CA88EE3-ACB7-47C8-AFC4-AB702511C276}
 to the user ASPIAL\adam_chang SID (S-1-5-21-448539723-879983540-682003330-32723) from address LocalHost (Using LRPC) running in the application container Unavailable SID (Unavailable). This security permission can be modified using the Component Services administrative tool.

Event[56]:
  Log Name: System
  Source: Microsoft-Windows-DistributedCOM
  Date: 2025-02-07T14:54:02.214
  Event ID: 10016
  Task: N/A
  Level: Error
  Opcode: Info
  Keyword: Classic
  User: S-1-5-21-448539723-879983540-682003330-32723
  User Name: ASPIAL\adam_chang
  Computer: ASP-OP-DPMKRE1.ASPIAL.com
  Description: 
The application-specific permission settings do not grant Local Activation permission for the COM Server application with CLSID 
{D63B10C5-BB46-4990-A94F-E40B9D520160}
 and APPID 
{9CA88EE3-ACB7-47C8-AFC4-AB702511C276}
 to the user ASPIAL\adam_chang SID (S-1-5-21-448539723-879983540-682003330-32723) from address LocalHost (Using LRPC) running in the application container Unavailable SID (Unavailable). This security permission can be modified using the Component Services administrative tool.

Event[57]:
  Log Name: System
  Source: Microsoft-Windows-DistributedCOM
  Date: 2025-02-07T14:54:01.605
  Event ID: 10016
  Task: N/A
  Level: Error
  Opcode: Info
  Keyword: Classic
  User: S-1-5-21-448539723-879983540-682003330-32723
  User Name: ASPIAL\adam_chang
  Computer: ASP-OP-DPMKRE1.ASPIAL.com
  Description: 
The application-specific permission settings do not grant Local Activation permission for the COM Server application with CLSID 
{D63B10C5-BB46-4990-A94F-E40B9D520160}
 and APPID 
{9CA88EE3-ACB7-47C8-AFC4-AB702511C276}
 to the user ASPIAL\adam_chang SID (S-1-5-21-448539723-879983540-682003330-32723) from address LocalHost (Using LRPC) running in the application container Unavailable SID (Unavailable). This security permission can be modified using the Component Services administrative tool.

Event[58]:
  Log Name: System
  Source: Microsoft-Windows-DistributedCOM
  Date: 2025-02-07T14:53:05.738
  Event ID: 10016
  Task: N/A
  Level: Error
  Opcode: Info
  Keyword: Classic
  User: S-1-5-21-448539723-879983540-682003330-32723
  User Name: ASPIAL\adam_chang
  Computer: ASP-OP-DPMKRE1.ASPIAL.com
  Description: 
The application-specific permission settings do not grant Local Activation permission for the COM Server application with CLSID 
{D63B10C5-BB46-4990-A94F-E40B9D520160}
 and APPID 
{9CA88EE3-ACB7-47C8-AFC4-AB702511C276}
 to the user ASPIAL\adam_chang SID (S-1-5-21-448539723-879983540-682003330-32723) from address LocalHost (Using LRPC) running in the application container Unavailable SID (Unavailable). This security permission can be modified using the Component Services administrative tool.

Event[59]:
  Log Name: System
  Source: Microsoft-Windows-DistributedCOM
  Date: 2025-02-07T14:53:04.941
  Event ID: 10016
  Task: N/A
  Level: Error
  Opcode: Info
  Keyword: Classic
  User: S-1-5-21-448539723-879983540-682003330-32723
  User Name: ASPIAL\adam_chang
  Computer: ASP-OP-DPMKRE1.ASPIAL.com
  Description: 
The application-specific permission settings do not grant Local Activation permission for the COM Server application with CLSID 
{D63B10C5-BB46-4990-A94F-E40B9D520160}
 and APPID 
{9CA88EE3-ACB7-47C8-AFC4-AB702511C276}
 to the user ASPIAL\adam_chang SID (S-1-5-21-448539723-879983540-682003330-32723) from address LocalHost (Using LRPC) running in the application container Unavailable SID (Unavailable). This security permission can be modified using the Component Services administrative tool.

Event[60]:
  Log Name: System
  Source: Microsoft-Windows-DistributedCOM
  Date: 2025-02-07T14:53:04.269
  Event ID: 10016
  Task: N/A
  Level: Error
  Opcode: Info
  Keyword: Classic
  User: S-1-5-21-448539723-879983540-682003330-32723
  User Name: ASPIAL\adam_chang
  Computer: ASP-OP-DPMKRE1.ASPIAL.com
  Description: 
The application-specific permission settings do not grant Local Activation permission for the COM Server application with CLSID 
{D63B10C5-BB46-4990-A94F-E40B9D520160}
 and APPID 
{9CA88EE3-ACB7-47C8-AFC4-AB702511C276}
 to the user ASPIAL\adam_chang SID (S-1-5-21-448539723-879983540-682003330-32723) from address LocalHost (Using LRPC) running in the application container Unavailable SID (Unavailable). This security permission can be modified using the Component Services administrative tool.

Event[61]:
  Log Name: System
  Source: Microsoft-Windows-DistributedCOM
  Date: 2025-02-07T14:53:03.597
  Event ID: 10016
  Task: N/A
  Level: Error
  Opcode: Info
  Keyword: Classic
  User: S-1-5-21-448539723-879983540-682003330-32723
  User Name: ASPIAL\adam_chang
  Computer: ASP-OP-DPMKRE1.ASPIAL.com
  Description: 
The application-specific permission settings do not grant Local Activation permission for the COM Server application with CLSID 
{D63B10C5-BB46-4990-A94F-E40B9D520160}
 and APPID 
{9CA88EE3-ACB7-47C8-AFC4-AB702511C276}
 to the user ASPIAL\adam_chang SID (S-1-5-21-448539723-879983540-682003330-32723) from address LocalHost (Using LRPC) running in the application container Unavailable SID (Unavailable). This security permission can be modified using the Component Services administrative tool.

Event[62]:
  Log Name: System
  Source: Microsoft-Windows-DistributedCOM
  Date: 2025-02-07T14:53:02.925
  Event ID: 10016
  Task: N/A
  Level: Error
  Opcode: Info
  Keyword: Classic
  User: S-1-5-21-448539723-879983540-682003330-32723
  User Name: ASPIAL\adam_chang
  Computer: ASP-OP-DPMKRE1.ASPIAL.com
  Description: 
The application-specific permission settings do not grant Local Activation permission for the COM Server application with CLSID 
{D63B10C5-BB46-4990-A94F-E40B9D520160}
 and APPID 
{9CA88EE3-ACB7-47C8-AFC4-AB702511C276}
 to the user ASPIAL\adam_chang SID (S-1-5-21-448539723-879983540-682003330-32723) from address LocalHost (Using LRPC) running in the application container Unavailable SID (Unavailable). This security permission can be modified using the Component Services administrative tool.

Event[63]:
  Log Name: System
  Source: Microsoft-Windows-DistributedCOM
  Date: 2025-02-07T14:53:02.222
  Event ID: 10016
  Task: N/A
  Level: Error
  Opcode: Info
  Keyword: Classic
  User: S-1-5-21-448539723-879983540-682003330-32723
  User Name: ASPIAL\adam_chang
  Computer: ASP-OP-DPMKRE1.ASPIAL.com
  Description: 
The application-specific permission settings do not grant Local Activation permission for the COM Server application with CLSID 
{D63B10C5-BB46-4990-A94F-E40B9D520160}
 and APPID 
{9CA88EE3-ACB7-47C8-AFC4-AB702511C276}
 to the user ASPIAL\adam_chang SID (S-1-5-21-448539723-879983540-682003330-32723) from address LocalHost (Using LRPC) running in the application container Unavailable SID (Unavailable). This security permission can be modified using the Component Services administrative tool.

Event[64]:
  Log Name: System
  Source: Microsoft-Windows-DistributedCOM
  Date: 2025-02-07T14:53:01.581
  Event ID: 10016
  Task: N/A
  Level: Error
  Opcode: Info
  Keyword: Classic
  User: S-1-5-21-448539723-879983540-682003330-32723
  User Name: ASPIAL\adam_chang
  Computer: ASP-OP-DPMKRE1.ASPIAL.com
  Description: 
The application-specific permission settings do not grant Local Activation permission for the COM Server application with CLSID 
{D63B10C5-BB46-4990-A94F-E40B9D520160}
 and APPID 
{9CA88EE3-ACB7-47C8-AFC4-AB702511C276}
 to the user ASPIAL\adam_chang SID (S-1-5-21-448539723-879983540-682003330-32723) from address LocalHost (Using LRPC) running in the application container Unavailable SID (Unavailable). This security permission can be modified using the Component Services administrative tool.

Event[65]:
  Log Name: System
  Source: Microsoft-Windows-DistributedCOM
  Date: 2025-02-07T14:52:05.718
  Event ID: 10016
  Task: N/A
  Level: Error
  Opcode: Info
  Keyword: Classic
  User: S-1-5-21-448539723-879983540-682003330-32723
  User Name: ASPIAL\adam_chang
  Computer: ASP-OP-DPMKRE1.ASPIAL.com
  Description: 
The application-specific permission settings do not grant Local Activation permission for the COM Server application with CLSID 
{D63B10C5-BB46-4990-A94F-E40B9D520160}
 and APPID 
{9CA88EE3-ACB7-47C8-AFC4-AB702511C276}
 to the user ASPIAL\adam_chang SID (S-1-5-21-448539723-879983540-682003330-32723) from address LocalHost (Using LRPC) running in the application container Unavailable SID (Unavailable). This security permission can be modified using the Component Services administrative tool.

Event[66]:
  Log Name: System
  Source: Microsoft-Windows-DistributedCOM
  Date: 2025-02-07T14:52:04.952
  Event ID: 10016
  Task: N/A
  Level: Error
  Opcode: Info
  Keyword: Classic
  User: S-1-5-21-448539723-879983540-682003330-32723
  User Name: ASPIAL\adam_chang
  Computer: ASP-OP-DPMKRE1.ASPIAL.com
  Description: 
The application-specific permission settings do not grant Local Activation permission for the COM Server application with CLSID 
{D63B10C5-BB46-4990-A94F-E40B9D520160}
 and APPID 
{9CA88EE3-ACB7-47C8-AFC4-AB702511C276}
 to the user ASPIAL\adam_chang SID (S-1-5-21-448539723-879983540-682003330-32723) from address LocalHost (Using LRPC) running in the application container Unavailable SID (Unavailable). This security permission can be modified using the Component Services administrative tool.

Event[67]:
  Log Name: System
  Source: Microsoft-Windows-DistributedCOM
  Date: 2025-02-07T14:52:04.296
  Event ID: 10016
  Task: N/A
  Level: Error
  Opcode: Info
  Keyword: Classic
  User: S-1-5-21-448539723-879983540-682003330-32723
  User Name: ASPIAL\adam_chang
  Computer: ASP-OP-DPMKRE1.ASPIAL.com
  Description: 
The application-specific permission settings do not grant Local Activation permission for the COM Server application with CLSID 
{D63B10C5-BB46-4990-A94F-E40B9D520160}
 and APPID 
{9CA88EE3-ACB7-47C8-AFC4-AB702511C276}
 to the user ASPIAL\adam_chang SID (S-1-5-21-448539723-879983540-682003330-32723) from address LocalHost (Using LRPC) running in the application container Unavailable SID (Unavailable). This security permission can be modified using the Component Services administrative tool.

Event[68]:
  Log Name: System
  Source: Microsoft-Windows-DistributedCOM
  Date: 2025-02-07T14:52:03.624
  Event ID: 10016
  Task: N/A
  Level: Error
  Opcode: Info
  Keyword: Classic
  User: S-1-5-21-448539723-879983540-682003330-32723
  User Name: ASPIAL\adam_chang
  Computer: ASP-OP-DPMKRE1.ASPIAL.com
  Description: 
The application-specific permission settings do not grant Local Activation permission for the COM Server application with CLSID 
{D63B10C5-BB46-4990-A94F-E40B9D520160}
 and APPID 
{9CA88EE3-ACB7-47C8-AFC4-AB702511C276}
 to the user ASPIAL\adam_chang SID (S-1-5-21-448539723-879983540-682003330-32723) from address LocalHost (Using LRPC) running in the application container Unavailable SID (Unavailable). This security permission can be modified using the Component Services administrative tool.

Event[69]:
  Log Name: System
  Source: Microsoft-Windows-DistributedCOM
  Date: 2025-02-07T14:52:02.921
  Event ID: 10016
  Task: N/A
  Level: Error
  Opcode: Info
  Keyword: Classic
  User: S-1-5-21-448539723-879983540-682003330-32723
  User Name: ASPIAL\adam_chang
  Computer: ASP-OP-DPMKRE1.ASPIAL.com
  Description: 
The application-specific permission settings do not grant Local Activation permission for the COM Server application with CLSID 
{D63B10C5-BB46-4990-A94F-E40B9D520160}
 and APPID 
{9CA88EE3-ACB7-47C8-AFC4-AB702511C276}
 to the user ASPIAL\adam_chang SID (S-1-5-21-448539723-879983540-682003330-32723) from address LocalHost (Using LRPC) running in the application container Unavailable SID (Unavailable). This security permission can be modified using the Component Services administrative tool.

Event[70]:
  Log Name: System
  Source: Microsoft-Windows-DistributedCOM
  Date: 2025-02-07T14:52:02.233
  Event ID: 10016
  Task: N/A
  Level: Error
  Opcode: Info
  Keyword: Classic
  User: S-1-5-21-448539723-879983540-682003330-32723
  User Name: ASPIAL\adam_chang
  Computer: ASP-OP-DPMKRE1.ASPIAL.com
  Description: 
The application-specific permission settings do not grant Local Activation permission for the COM Server application with CLSID 
{D63B10C5-BB46-4990-A94F-E40B9D520160}
 and APPID 
{9CA88EE3-ACB7-47C8-AFC4-AB702511C276}
 to the user ASPIAL\adam_chang SID (S-1-5-21-448539723-879983540-682003330-32723) from address LocalHost (Using LRPC) running in the application container Unavailable SID (Unavailable). This security permission can be modified using the Component Services administrative tool.

Event[71]:
  Log Name: System
  Source: Microsoft-Windows-DistributedCOM
  Date: 2025-02-07T14:52:01.593
  Event ID: 10016
  Task: N/A
  Level: Error
  Opcode: Info
  Keyword: Classic
  User: S-1-5-21-448539723-879983540-682003330-32723
  User Name: ASPIAL\adam_chang
  Computer: ASP-OP-DPMKRE1.ASPIAL.com
  Description: 
The application-specific permission settings do not grant Local Activation permission for the COM Server application with CLSID 
{D63B10C5-BB46-4990-A94F-E40B9D520160}
 and APPID 
{9CA88EE3-ACB7-47C8-AFC4-AB702511C276}
 to the user ASPIAL\adam_chang SID (S-1-5-21-448539723-879983540-682003330-32723) from address LocalHost (Using LRPC) running in the application container Unavailable SID (Unavailable). This security permission can be modified using the Component Services administrative tool.

Event[72]:
  Log Name: System
  Source: Microsoft-Windows-DistributedCOM
  Date: 2025-02-07T14:51:05.721
  Event ID: 10016
  Task: N/A
  Level: Error
  Opcode: Info
  Keyword: Classic
  User: S-1-5-21-448539723-879983540-682003330-32723
  User Name: ASPIAL\adam_chang
  Computer: ASP-OP-DPMKRE1.ASPIAL.com
  Description: 
The application-specific permission settings do not grant Local Activation permission for the COM Server application with CLSID 
{D63B10C5-BB46-4990-A94F-E40B9D520160}
 and APPID 
{9CA88EE3-ACB7-47C8-AFC4-AB702511C276}
 to the user ASPIAL\adam_chang SID (S-1-5-21-448539723-879983540-682003330-32723) from address LocalHost (Using LRPC) running in the application container Unavailable SID (Unavailable). This security permission can be modified using the Component Services administrative tool.

Event[73]:
  Log Name: System
  Source: Microsoft-Windows-DistributedCOM
  Date: 2025-02-07T14:51:04.939
  Event ID: 10016
  Task: N/A
  Level: Error
  Opcode: Info
  Keyword: Classic
  User: S-1-5-21-448539723-879983540-682003330-32723
  User Name: ASPIAL\adam_chang
  Computer: ASP-OP-DPMKRE1.ASPIAL.com
  Description: 
The application-specific permission settings do not grant Local Activation permission for the COM Server application with CLSID 
{D63B10C5-BB46-4990-A94F-E40B9D520160}
 and APPID 
{9CA88EE3-ACB7-47C8-AFC4-AB702511C276}
 to the user ASPIAL\adam_chang SID (S-1-5-21-448539723-879983540-682003330-32723) from address LocalHost (Using LRPC) running in the application container Unavailable SID (Unavailable). This security permission can be modified using the Component Services administrative tool.

