Event[72]:
  Log Name: System
  Source: Microsoft-Windows-DistributedCOM
  Date: 2025-02-12T16:36:00.194
  Event ID: 10016
  Task: N/A
  Level: Error
  Opcode: Info
  Keyword: Classic
  User: S-1-5-21-448539723-879983540-682003330-6613
  User Name: ASPIAL\cit_app
  Computer: ASP-OP-UMASTERAPP.ASPIAL.com
  Description: 
The application-specific permission settings do not grant Local Activation permission for the COM Server application with CLSID 
{D63B10C5-BB46-4990-A94F-E40B9D520160}
 and APPID 
{9CA88EE3-ACB7-47C8-AFC4-AB702511C276}
 to the user ASPIAL\cit_app SID (S-1-5-21-448539723-879983540-682003330-6613) from address LocalHost (Using LRPC) running in the application container Unavailable SID (Unavailable). This security permission can be modified using the Component Services administrative tool.

Event[73]:
  Log Name: System
  Source: Microsoft-Windows-DistributedCOM
  Date: 2025-02-12T16:33:00.175
  Event ID: 10016
  Task: N/A
  Level: Error
  Opcode: Info
  Keyword: Classic
  User: S-1-5-21-448539723-879983540-682003330-6613
  User Name: ASPIAL\cit_app
  Computer: ASP-OP-UMASTERAPP.ASPIAL.com
  Description: 
The application-specific permission settings do not grant Local Activation permission for the COM Server application with CLSID 
{D63B10C5-BB46-4990-A94F-E40B9D520160}
 and APPID 
{9CA88EE3-ACB7-47C8-AFC4-AB702511C276}
 to the user ASPIAL\cit_app SID (S-1-5-21-448539723-879983540-682003330-6613) from address LocalHost (Using LRPC) running in the application container Unavailable SID (Unavailable). This security permission can be modified using the Component Services administrative tool.

Event[74]:
  Log Name: System
  Source: Microsoft-Windows-DistributedCOM
  Date: 2025-02-12T16:30:00.187
  Event ID: 10016
  Task: N/A
  Level: Error
  Opcode: Info
  Keyword: Classic
  User: S-1-5-21-448539723-879983540-682003330-6613
  User Name: ASPIAL\cit_app
  Computer: ASP-OP-UMASTERAPP.ASPIAL.com
  Description: 
The application-specific permission settings do not grant Local Activation permission for the COM Server application with CLSID 
{D63B10C5-BB46-4990-A94F-E40B9D520160}
 and APPID 
{9CA88EE3-ACB7-47C8-AFC4-AB702511C276}
 to the user ASPIAL\cit_app SID (S-1-5-21-448539723-879983540-682003330-6613) from address LocalHost (Using LRPC) running in the application container Unavailable SID (Unavailable). This security permission can be modified using the Component Services administrative tool.

Event[75]:
  Log Name: System
  Source: Microsoft-Windows-DistributedCOM
  Date: 2025-02-12T16:27:00.274
  Event ID: 10016
  Task: N/A
  Level: Error
  Opcode: Info
  Keyword: Classic
  User: S-1-5-21-448539723-879983540-682003330-6613
  User Name: ASPIAL\cit_app
  Computer: ASP-OP-UMASTERAPP.ASPIAL.com
  Description: 
The application-specific permission settings do not grant Local Activation permission for the COM Server application with CLSID 
{D63B10C5-BB46-4990-A94F-E40B9D520160}
 and APPID 
{9CA88EE3-ACB7-47C8-AFC4-AB702511C276}
 to the user ASPIAL\cit_app SID (S-1-5-21-448539723-879983540-682003330-6613) from address LocalHost (Using LRPC) running in the application container Unavailable SID (Unavailable). This security permission can be modified using the Component Services administrative tool.

Event[76]:
  Log Name: System
  Source: Microsoft-Windows-DistributedCOM
  Date: 2025-02-12T16:24:00.153
  Event ID: 10016
  Task: N/A
  Level: Error
  Opcode: Info
  Keyword: Classic
  User: S-1-5-21-448539723-879983540-682003330-6613
  User Name: ASPIAL\cit_app
  Computer: ASP-OP-UMASTERAPP.ASPIAL.com
  Description: 
The application-specific permission settings do not grant Local Activation permission for the COM Server application with CLSID 
{D63B10C5-BB46-4990-A94F-E40B9D520160}
 and APPID 
{9CA88EE3-ACB7-47C8-AFC4-AB702511C276}
 to the user ASPIAL\cit_app SID (S-1-5-21-448539723-879983540-682003330-6613) from address LocalHost (Using LRPC) running in the application container Unavailable SID (Unavailable). This security permission can be modified using the Component Services administrative tool.

Event[77]:
  Log Name: System
  Source: Microsoft-Windows-DistributedCOM
  Date: 2025-02-12T16:21:00.143
  Event ID: 10016
  Task: N/A
  Level: Error
  Opcode: Info
  Keyword: Classic
  User: S-1-5-21-448539723-879983540-682003330-6613
  User Name: ASPIAL\cit_app
  Computer: ASP-OP-UMASTERAPP.ASPIAL.com
  Description: 
The application-specific permission settings do not grant Local Activation permission for the COM Server application with CLSID 
{D63B10C5-BB46-4990-A94F-E40B9D520160}
 and APPID 
{9CA88EE3-ACB7-47C8-AFC4-AB702511C276}
 to the user ASPIAL\cit_app SID (S-1-5-21-448539723-879983540-682003330-6613) from address LocalHost (Using LRPC) running in the application container Unavailable SID (Unavailable). This security permission can be modified using the Component Services administrative tool.

Event[78]:
  Log Name: System
  Source: Microsoft-Windows-DistributedCOM
  Date: 2025-02-12T16:18:00.131
  Event ID: 10016
  Task: N/A
  Level: Error
  Opcode: Info
  Keyword: Classic
  User: S-1-5-21-448539723-879983540-682003330-6613
  User Name: ASPIAL\cit_app
  Computer: ASP-OP-UMASTERAPP.ASPIAL.com
  Description: 
The application-specific permission settings do not grant Local Activation permission for the COM Server application with CLSID 
{D63B10C5-BB46-4990-A94F-E40B9D520160}
 and APPID 
{9CA88EE3-ACB7-47C8-AFC4-AB702511C276}
 to the user ASPIAL\cit_app SID (S-1-5-21-448539723-879983540-682003330-6613) from address LocalHost (Using LRPC) running in the application container Unavailable SID (Unavailable). This security permission can be modified using the Component Services administrative tool.

Event[79]:
  Log Name: System
  Source: Microsoft-Windows-DistributedCOM
  Date: 2025-02-12T16:15:00.120
  Event ID: 10016
  Task: N/A
  Level: Error
  Opcode: Info
  Keyword: Classic
  User: S-1-5-21-448539723-879983540-682003330-6613
  User Name: ASPIAL\cit_app
  Computer: ASP-OP-UMASTERAPP.ASPIAL.com
  Description: 
The application-specific permission settings do not grant Local Activation permission for the COM Server application with CLSID 
{D63B10C5-BB46-4990-A94F-E40B9D520160}
 and APPID 
{9CA88EE3-ACB7-47C8-AFC4-AB702511C276}
 to the user ASPIAL\cit_app SID (S-1-5-21-448539723-879983540-682003330-6613) from address LocalHost (Using LRPC) running in the application container Unavailable SID (Unavailable). This security permission can be modified using the Component Services administrative tool.

Event[80]:
  Log Name: System
  Source: Microsoft-Windows-DistributedCOM
  Date: 2025-02-12T16:12:00.122
  Event ID: 10016
  Task: N/A
  Level: Error
  Opcode: Info
  Keyword: Classic
  User: S-1-5-21-448539723-879983540-682003330-6613
  User Name: ASPIAL\cit_app
  Computer: ASP-OP-UMASTERAPP.ASPIAL.com
  Description: 
The application-specific permission settings do not grant Local Activation permission for the COM Server application with CLSID 
{D63B10C5-BB46-4990-A94F-E40B9D520160}
 and APPID 
{9CA88EE3-ACB7-47C8-AFC4-AB702511C276}
 to the user ASPIAL\cit_app SID (S-1-5-21-448539723-879983540-682003330-6613) from address LocalHost (Using LRPC) running in the application container Unavailable SID (Unavailable). This security permission can be modified using the Component Services administrative tool.

Event[81]:
  Log Name: System
  Source: Microsoft-Windows-DistributedCOM
  Date: 2025-02-12T16:09:00.097
  Event ID: 10016
  Task: N/A
  Level: Error
  Opcode: Info
  Keyword: Classic
  User: S-1-5-21-448539723-879983540-682003330-6613
  User Name: ASPIAL\cit_app
  Computer: ASP-OP-UMASTERAPP.ASPIAL.com
  Description: 
The application-specific permission settings do not grant Local Activation permission for the COM Server application with CLSID 
{D63B10C5-BB46-4990-A94F-E40B9D520160}
 and APPID 
{9CA88EE3-ACB7-47C8-AFC4-AB702511C276}
 to the user ASPIAL\cit_app SID (S-1-5-21-448539723-879983540-682003330-6613) from address LocalHost (Using LRPC) running in the application container Unavailable SID (Unavailable). This security permission can be modified using the Component Services administrative tool.

Event[82]:
  Log Name: System
  Source: Microsoft-Windows-DistributedCOM
  Date: 2025-02-12T16:06:01.084
  Event ID: 10016
  Task: N/A
  Level: Error
  Opcode: Info
  Keyword: Classic
  User: S-1-5-21-448539723-879983540-682003330-6613
  User Name: ASPIAL\cit_app
  Computer: ASP-OP-UMASTERAPP.ASPIAL.com
  Description: 
The application-specific permission settings do not grant Local Activation permission for the COM Server application with CLSID 
{D63B10C5-BB46-4990-A94F-E40B9D520160}
 and APPID 
{9CA88EE3-ACB7-47C8-AFC4-AB702511C276}
 to the user ASPIAL\cit_app SID (S-1-5-21-448539723-879983540-682003330-6613) from address LocalHost (Using LRPC) running in the application container Unavailable SID (Unavailable). This security permission can be modified using the Component Services administrative tool.

Event[83]:
  Log Name: System
  Source: Microsoft-Windows-DistributedCOM
  Date: 2025-02-12T16:03:01.073
  Event ID: 10016
  Task: N/A
  Level: Error
  Opcode: Info
  Keyword: Classic
  User: S-1-5-21-448539723-879983540-682003330-6613
  User Name: ASPIAL\cit_app
  Computer: ASP-OP-UMASTERAPP.ASPIAL.com
  Description: 
The application-specific permission settings do not grant Local Activation permission for the COM Server application with CLSID 
{D63B10C5-BB46-4990-A94F-E40B9D520160}
 and APPID 
{9CA88EE3-ACB7-47C8-AFC4-AB702511C276}
 to the user ASPIAL\cit_app SID (S-1-5-21-448539723-879983540-682003330-6613) from address LocalHost (Using LRPC) running in the application container Unavailable SID (Unavailable). This security permission can be modified using the Component Services administrative tool.

Event[84]:
  Log Name: System
  Source: Microsoft-Windows-DistributedCOM
  Date: 2025-02-12T16:00:01.064
  Event ID: 10016
  Task: N/A
  Level: Error
  Opcode: Info
  Keyword: Classic
  User: S-1-5-21-448539723-879983540-682003330-6613
  User Name: ASPIAL\cit_app
  Computer: ASP-OP-UMASTERAPP.ASPIAL.com
  Description: 
The application-specific permission settings do not grant Local Activation permission for the COM Server application with CLSID 
{D63B10C5-BB46-4990-A94F-E40B9D520160}
 and APPID 
{9CA88EE3-ACB7-47C8-AFC4-AB702511C276}
 to the user ASPIAL\cit_app SID (S-1-5-21-448539723-879983540-682003330-6613) from address LocalHost (Using LRPC) running in the application container Unavailable SID (Unavailable). This security permission can be modified using the Component Services administrative tool.

Event[85]:
  Log Name: System
  Source: Microsoft-Windows-DistributedCOM
  Date: 2025-02-12T15:57:01.048
  Event ID: 10016
  Task: N/A
  Level: Error
  Opcode: Info
  Keyword: Classic
  User: S-1-5-21-448539723-879983540-682003330-6613
  User Name: ASPIAL\cit_app
  Computer: ASP-OP-UMASTERAPP.ASPIAL.com
  Description: 
The application-specific permission settings do not grant Local Activation permission for the COM Server application with CLSID 
{D63B10C5-BB46-4990-A94F-E40B9D520160}
 and APPID 
{9CA88EE3-ACB7-47C8-AFC4-AB702511C276}
 to the user ASPIAL\cit_app SID (S-1-5-21-448539723-879983540-682003330-6613) from address LocalHost (Using LRPC) running in the application container Unavailable SID (Unavailable). This security permission can be modified using the Component Services administrative tool.

Event[86]:
  Log Name: System
  Source: Microsoft-Windows-DistributedCOM
  Date: 2025-02-12T15:54:01.037
  Event ID: 10016
  Task: N/A
  Level: Error
  Opcode: Info
  Keyword: Classic
  User: S-1-5-21-448539723-879983540-682003330-6613
  User Name: ASPIAL\cit_app
  Computer: ASP-OP-UMASTERAPP.ASPIAL.com
  Description: 
The application-specific permission settings do not grant Local Activation permission for the COM Server application with CLSID 
{D63B10C5-BB46-4990-A94F-E40B9D520160}
 and APPID 
{9CA88EE3-ACB7-47C8-AFC4-AB702511C276}
 to the user ASPIAL\cit_app SID (S-1-5-21-448539723-879983540-682003330-6613) from address LocalHost (Using LRPC) running in the application container Unavailable SID (Unavailable). This security permission can be modified using the Component Services administrative tool.

Event[87]:
  Log Name: System
  Source: Microsoft-Windows-DistributedCOM
  Date: 2025-02-12T15:51:01.163
  Event ID: 10016
  Task: N/A
  Level: Error
  Opcode: Info
  Keyword: Classic
  User: S-1-5-21-448539723-879983540-682003330-6613
  User Name: ASPIAL\cit_app
  Computer: ASP-OP-UMASTERAPP.ASPIAL.com
  Description: 
The application-specific permission settings do not grant Local Activation permission for the COM Server application with CLSID 
{D63B10C5-BB46-4990-A94F-E40B9D520160}
 and APPID 
{9CA88EE3-ACB7-47C8-AFC4-AB702511C276}
 to the user ASPIAL\cit_app SID (S-1-5-21-448539723-879983540-682003330-6613) from address LocalHost (Using LRPC) running in the application container Unavailable SID (Unavailable). This security permission can be modified using the Component Services administrative tool.

Event[88]:
  Log Name: System
  Source: Microsoft-Windows-DistributedCOM
  Date: 2025-02-12T15:48:01.029
  Event ID: 10016
  Task: N/A
  Level: Error
  Opcode: Info
  Keyword: Classic
  User: S-1-5-21-448539723-879983540-682003330-6613
  User Name: ASPIAL\cit_app
  Computer: ASP-OP-UMASTERAPP.ASPIAL.com
  Description: 
The application-specific permission settings do not grant Local Activation permission for the COM Server application with CLSID 
{D63B10C5-BB46-4990-A94F-E40B9D520160}
 and APPID 
{9CA88EE3-ACB7-47C8-AFC4-AB702511C276}
 to the user ASPIAL\cit_app SID (S-1-5-21-448539723-879983540-682003330-6613) from address LocalHost (Using LRPC) running in the application container Unavailable SID (Unavailable). This security permission can be modified using the Component Services administrative tool.

Event[89]:
  Log Name: System
  Source: Microsoft-Windows-DistributedCOM
  Date: 2025-02-12T15:45:01.027
  Event ID: 10016
  Task: N/A
  Level: Error
  Opcode: Info
  Keyword: Classic
  User: S-1-5-21-448539723-879983540-682003330-6613
  User Name: ASPIAL\cit_app
  Computer: ASP-OP-UMASTERAPP.ASPIAL.com
  Description: 
The application-specific permission settings do not grant Local Activation permission for the COM Server application with CLSID 
{D63B10C5-BB46-4990-A94F-E40B9D520160}
 and APPID 
{9CA88EE3-ACB7-47C8-AFC4-AB702511C276}
 to the user ASPIAL\cit_app SID (S-1-5-21-448539723-879983540-682003330-6613) from address LocalHost (Using LRPC) running in the application container Unavailable SID (Unavailable). This security permission can be modified using the Component Services administrative tool.

Event[90]:
  Log Name: System
  Source: Microsoft-Windows-DistributedCOM
  Date: 2025-02-12T15:42:01.002
  Event ID: 10016
  Task: N/A
  Level: Error
  Opcode: Info
  Keyword: Classic
  User: S-1-5-21-448539723-879983540-682003330-6613
  User Name: ASPIAL\cit_app
  Computer: ASP-OP-UMASTERAPP.ASPIAL.com
  Description: 
The application-specific permission settings do not grant Local Activation permission for the COM Server application with CLSID 
{D63B10C5-BB46-4990-A94F-E40B9D520160}
 and APPID 
{9CA88EE3-ACB7-47C8-AFC4-AB702511C276}
 to the user ASPIAL\cit_app SID (S-1-5-21-448539723-879983540-682003330-6613) from address LocalHost (Using LRPC) running in the application container Unavailable SID (Unavailable). This security permission can be modified using the Component Services administrative tool.

Event[91]:
  Log Name: System
  Source: Microsoft-Windows-DistributedCOM
  Date: 2025-02-12T15:39:00.991
  Event ID: 10016
  Task: N/A
  Level: Error
  Opcode: Info
  Keyword: Classic
  User: S-1-5-21-448539723-879983540-682003330-6613
  User Name: ASPIAL\cit_app
  Computer: ASP-OP-UMASTERAPP.ASPIAL.com
  Description: 
The application-specific permission settings do not grant Local Activation permission for the COM Server application with CLSID 
{D63B10C5-BB46-4990-A94F-E40B9D520160}
 and APPID 
{9CA88EE3-ACB7-47C8-AFC4-AB702511C276}
 to the user ASPIAL\cit_app SID (S-1-5-21-448539723-879983540-682003330-6613) from address LocalHost (Using LRPC) running in the application container Unavailable SID (Unavailable). This security permission can be modified using the Component Services administrative tool.

Event[92]:
  Log Name: System
  Source: Microsoft-Windows-DistributedCOM
  Date: 2025-02-12T15:36:00.983
  Event ID: 10016
  Task: N/A
  Level: Error
  Opcode: Info
  Keyword: Classic
  User: S-1-5-21-448539723-879983540-682003330-6613
  User Name: ASPIAL\cit_app
  Computer: ASP-OP-UMASTERAPP.ASPIAL.com
  Description: 
The application-specific permission settings do not grant Local Activation permission for the COM Server application with CLSID 
{D63B10C5-BB46-4990-A94F-E40B9D520160}
 and APPID 
{9CA88EE3-ACB7-47C8-AFC4-AB702511C276}
 to the user ASPIAL\cit_app SID (S-1-5-21-448539723-879983540-682003330-6613) from address LocalHost (Using LRPC) running in the application container Unavailable SID (Unavailable). This security permission can be modified using the Component Services administrative tool.

Event[93]:
  Log Name: System
  Source: Microsoft-Windows-DistributedCOM
  Date: 2025-02-12T15:33:00.974
  Event ID: 10016
  Task: N/A
  Level: Error
  Opcode: Info
  Keyword: Classic
  User: S-1-5-21-448539723-879983540-682003330-6613
  User Name: ASPIAL\cit_app
  Computer: ASP-OP-UMASTERAPP.ASPIAL.com
  Description: 
The application-specific permission settings do not grant Local Activation permission for the COM Server application with CLSID 
{D63B10C5-BB46-4990-A94F-E40B9D520160}
 and APPID 
{9CA88EE3-ACB7-47C8-AFC4-AB702511C276}
 to the user ASPIAL\cit_app SID (S-1-5-21-448539723-879983540-682003330-6613) from address LocalHost (Using LRPC) running in the application container Unavailable SID (Unavailable). This security permission can be modified using the Component Services administrative tool.

Event[94]:
  Log Name: System
  Source: Microsoft-Windows-DistributedCOM
  Date: 2025-02-12T15:30:00.964
  Event ID: 10016
  Task: N/A
  Level: Error
  Opcode: Info
  Keyword: Classic
  User: S-1-5-21-448539723-879983540-682003330-6613
  User Name: ASPIAL\cit_app
  Computer: ASP-OP-UMASTERAPP.ASPIAL.com
  Description: 
The application-specific permission settings do not grant Local Activation permission for the COM Server application with CLSID 
{D63B10C5-BB46-4990-A94F-E40B9D520160}
 and APPID 
{9CA88EE3-ACB7-47C8-AFC4-AB702511C276}
 to the user ASPIAL\cit_app SID (S-1-5-21-448539723-879983540-682003330-6613) from address LocalHost (Using LRPC) running in the application container Unavailable SID (Unavailable). This security permission can be modified using the Component Services administrative tool.

Event[95]:
  Log Name: System
  Source: Microsoft-Windows-DistributedCOM
  Date: 2025-02-12T15:27:00.973
  Event ID: 10016
  Task: N/A
  Level: Error
  Opcode: Info
  Keyword: Classic
  User: S-1-5-21-448539723-879983540-682003330-6613
  User Name: ASPIAL\cit_app
  Computer: ASP-OP-UMASTERAPP.ASPIAL.com
  Description: 
The application-specific permission settings do not grant Local Activation permission for the COM Server application with CLSID 
{D63B10C5-BB46-4990-A94F-E40B9D520160}
 and APPID 
{9CA88EE3-ACB7-47C8-AFC4-AB702511C276}
 to the user ASPIAL\cit_app SID (S-1-5-21-448539723-879983540-682003330-6613) from address LocalHost (Using LRPC) running in the application container Unavailable SID (Unavailable). This security permission can be modified using the Component Services administrative tool.

Event[96]:
  Log Name: System
  Source: Microsoft-Windows-DistributedCOM
  Date: 2025-02-12T15:24:00.958
  Event ID: 10016
  Task: N/A
  Level: Error
  Opcode: Info
  Keyword: Classic
  User: S-1-5-21-448539723-879983540-682003330-6613
  User Name: ASPIAL\cit_app
  Computer: ASP-OP-UMASTERAPP.ASPIAL.com
  Description: 
The application-specific permission settings do not grant Local Activation permission for the COM Server application with CLSID 
{D63B10C5-BB46-4990-A94F-E40B9D520160}
 and APPID 
{9CA88EE3-ACB7-47C8-AFC4-AB702511C276}
 to the user ASPIAL\cit_app SID (S-1-5-21-448539723-879983540-682003330-6613) from address LocalHost (Using LRPC) running in the application container Unavailable SID (Unavailable). This security permission can be modified using the Component Services administrative tool.

Event[97]:
  Log Name: System
  Source: Microsoft-Windows-DistributedCOM
  Date: 2025-02-12T15:21:00.928
  Event ID: 10016
  Task: N/A
  Level: Error
  Opcode: Info
  Keyword: Classic
  User: S-1-5-21-448539723-879983540-682003330-6613
  User Name: ASPIAL\cit_app
  Computer: ASP-OP-UMASTERAPP.ASPIAL.com
  Description: 
The application-specific permission settings do not grant Local Activation permission for the COM Server application with CLSID 
{D63B10C5-BB46-4990-A94F-E40B9D520160}
 and APPID 
{9CA88EE3-ACB7-47C8-AFC4-AB702511C276}
 to the user ASPIAL\cit_app SID (S-1-5-21-448539723-879983540-682003330-6613) from address LocalHost (Using LRPC) running in the application container Unavailable SID (Unavailable). This security permission can be modified using the Component Services administrative tool.

Event[98]:
  Log Name: System
  Source: Microsoft-Windows-DistributedCOM
  Date: 2025-02-12T15:18:00.927
  Event ID: 10016
  Task: N/A
  Level: Error
  Opcode: Info
  Keyword: Classic
  User: S-1-5-21-448539723-879983540-682003330-6613
  User Name: ASPIAL\cit_app
  Computer: ASP-OP-UMASTERAPP.ASPIAL.com
  Description: 
The application-specific permission settings do not grant Local Activation permission for the COM Server application with CLSID 
{D63B10C5-BB46-4990-A94F-E40B9D520160}
 and APPID 
{9CA88EE3-ACB7-47C8-AFC4-AB702511C276}
 to the user ASPIAL\cit_app SID (S-1-5-21-448539723-879983540-682003330-6613) from address LocalHost (Using LRPC) running in the application container Unavailable SID (Unavailable). This security permission can be modified using the Component Services administrative tool.

Event[99]:
  Log Name: System
  Source: Microsoft-Windows-DistributedCOM
  Date: 2025-02-12T15:15:00.941
  Event ID: 10016
  Task: N/A
  Level: Error
  Opcode: Info
  Keyword: Classic
  User: S-1-5-21-448539723-879983540-682003330-6613
  User Name: ASPIAL\cit_app
  Computer: ASP-OP-UMASTERAPP.ASPIAL.com
  Description: 
The application-specific permission settings do not grant Local Activation permission for the COM Server application with CLSID 
{D63B10C5-BB46-4990-A94F-E40B9D520160}
 and APPID 
{9CA88EE3-ACB7-47C8-AFC4-AB702511C276}
 to the user ASPIAL\cit_app SID (S-1-5-21-448539723-879983540-682003330-6613) from address LocalHost (Using LRPC) running in the application container Unavailable SID (Unavailable). This security permission can be modified using the Component Services administrative tool.


--------------------------- 100 latest errors in Application eventlog ----------------------------
Event[0]:
  Log Name: Application
  Source: Microsoft-Windows-COMRuntime
  Date: 2025-03-11T08:07:38.559
  Event ID: 10031
  Task: N/A
  Level: Error
  Opcode: Info
  Keyword: Classic
  User: N/A
  User Name: N/A
  Computer: ASP-OP-UMASTERAPP.ASPIAL.com
  Description: 
An unmarshaling policy check was performed when unmarshaling a custom marshaled object and the class {45FB4600-E6E8-4928-B25E-50476FF79425} was rejected

Event[1]:
  Log Name: Application
  Source: Microsoft-Windows-Perflib
  Date: 2025-03-11T07:03:07.223
  Event ID: 1008
  Task: N/A
  Level: Error
  Opcode: N/A
  Keyword: Classic
  User: N/A
  User Name: N/A
  Computer: ASP-OP-UMASTERAPP.ASPIAL.com
  Description: 
The Open Procedure for service "BITS" in DLL "C:\Windows\System32\bitsperf.dll" failed. Performance data for this service will not be available. The first four bytes (DWORD) of the Data section contains the error code.

Event[2]:
  Log Name: Application
  Source: Microsoft-Windows-COMRuntime
  Date: 2025-03-11T00:22:36.109
  Event ID: 10031
  Task: N/A
  Level: Error
  Opcode: Info
  Keyword: Classic
  User: N/A
  User Name: N/A
  Computer: ASP-OP-UMASTERAPP.ASPIAL.com
  Description: 
An unmarshaling policy check was performed when unmarshaling a custom marshaled object and the class {45FB4600-E6E8-4928-B25E-50476FF79425} was rejected

Event[3]:
  Log Name: Application
  Source: Microsoft-Windows-COMRuntime
  Date: 2025-03-10T21:24:51.117
  Event ID: 10031
  Task: N/A
  Level: Error
  Opcode: Info
  Keyword: Classic
  User: N/A
  User Name: N/A
  Computer: ASP-OP-UMASTERAPP.ASPIAL.com
  Description: 
An unmarshaling policy check was performed when unmarshaling a custom marshaled object and the class {45FB4600-E6E8-4928-B25E-50476FF79425} was rejected

Event[4]:
  Log Name: Application
  Source: Microsoft-Windows-COMRuntime
  Date: 2025-03-10T11:22:36.126
  Event ID: 10031
  Task: N/A
  Level: Error
  Opcode: Info
  Keyword: Classic
  User: N/A
  User Name: N/A
  Computer: ASP-OP-UMASTERAPP.ASPIAL.com
  Description: 
An unmarshaling policy check was performed when unmarshaling a custom marshaled object and the class {45FB4600-E6E8-4928-B25E-50476FF79425} was rejected

Event[5]:
  Log Name: Application
  Source: Microsoft-Windows-Perflib
  Date: 2025-03-10T06:56:52.050
  Event ID: 1008
  Task: N/A
  Level: Error
  Opcode: N/A
  Keyword: Classic
  User: N/A
  User Name: N/A
  Computer: ASP-OP-UMASTERAPP.ASPIAL.com
  Description: 
The Open Procedure for service "BITS" in DLL "C:\Windows\System32\bitsperf.dll" failed. Performance data for this service will not be available. The first four bytes (DWORD) of the Data section contains the error code.

Event[6]:
  Log Name: Application
  Source: Microsoft-Windows-COMRuntime
  Date: 2025-03-10T01:21:38.705
  Event ID: 10031
  Task: N/A
  Level: Error
  Opcode: Info
  Keyword: Classic
  User: N/A
  User Name: N/A
  Computer: ASP-OP-UMASTERAPP.ASPIAL.com
  Description: 
An unmarshaling policy check was performed when unmarshaling a custom marshaled object and the class {45FB4600-E6E8-4928-B25E-50476FF79425} was rejected

Event[7]:
  Log Name: Application
  Source: Microsoft-Windows-COMRuntime
  Date: 2025-03-10T00:24:49.713
  Event ID: 10031
  Task: N/A
  Level: Error
  Opcode: Info
  Keyword: Classic
  User: N/A
  User Name: N/A
  Computer: ASP-OP-UMASTERAPP.ASPIAL.com
  Description: 
An unmarshaling policy check was performed when unmarshaling a custom marshaled object and the class {45FB4600-E6E8-4928-B25E-50476FF79425} was rejected

Event[8]:
  Log Name: Application
  Source: Microsoft-Windows-COMRuntime
  Date: 2025-03-09T14:10:38.227
  Event ID: 10031
  Task: N/A
  Level: Error
  Opcode: Info
  Keyword: Classic
  User: N/A
  User Name: N/A
  Computer: ASP-OP-UMASTERAPP.ASPIAL.com
  Description: 
An unmarshaling policy check was performed when unmarshaling a custom marshaled object and the class {45FB4600-E6E8-4928-B25E-50476FF79425} was rejected

Event[9]:
  Log Name: Application
  Source: Microsoft-Windows-Perflib
  Date: 2025-03-09T06:50:36.558
  Event ID: 1008
  Task: N/A
  Level: Error
  Opcode: N/A
  Keyword: Classic
  User: N/A
  User Name: N/A
  Computer: ASP-OP-UMASTERAPP.ASPIAL.com
  Description: 
The Open Procedure for service "BITS" in DLL "C:\Windows\System32\bitsperf.dll" failed. Performance data for this service will not be available. The first four bytes (DWORD) of the Data section contains the error code.

Event[10]:
  Log Name: Application
  Source: Microsoft-Windows-COMRuntime
  Date: 2025-03-09T03:24:48.390
  Event ID: 10031
  Task: N/A
  Level: Error
  Opcode: Info
  Keyword: Classic
  User: N/A
  User Name: N/A
  Computer: ASP-OP-UMASTERAPP.ASPIAL.com
  Description: 
An unmarshaling policy check was performed when unmarshaling a custom marshaled object and the class {45FB4600-E6E8-4928-B25E-50476FF79425} was rejected

Event[11]:
  Log Name: Application
  Source: Microsoft-Windows-COMRuntime
  Date: 2025-03-09T01:24:48.253
  Event ID: 10031
  Task: N/A
  Level: Error
  Opcode: Info
  Keyword: Classic
  User: N/A
  User Name: N/A
  Computer: ASP-OP-UMASTERAPP.ASPIAL.com
  Description: 
An unmarshaling policy check was performed when unmarshaling a custom marshaled object and the class {45FB4600-E6E8-4928-B25E-50476FF79425} was rejected

Event[12]:
  Log Name: Application
  Source: Microsoft-Windows-COMRuntime
  Date: 2025-03-08T17:22:36.100
  Event ID: 10031
  Task: N/A
  Level: Error
  Opcode: Info
  Keyword: Classic
  User: N/A
  User Name: N/A
  Computer: ASP-OP-UMASTERAPP.ASPIAL.com
  Description: 
An unmarshaling policy check was performed when unmarshaling a custom marshaled object and the class {45FB4600-E6E8-4928-B25E-50476FF79425} was rejected

Event[13]:
  Log Name: Application
  Source: Microsoft-Windows-Perflib
  Date: 2025-03-08T06:44:23.704
  Event ID: 1008
  Task: N/A
  Level: Error
  Opcode: N/A
  Keyword: Classic
  User: N/A
  User Name: N/A
  Computer: ASP-OP-UMASTERAPP.ASPIAL.com
  Description: 
The Open Procedure for service "BITS" in DLL "C:\Windows\System32\bitsperf.dll" failed. Performance data for this service will not be available. The first four bytes (DWORD) of the Data section contains the error code.

Event[14]:
  Log Name: Application
  Source: Microsoft-Windows-COMRuntime
  Date: 2025-03-08T06:24:47.004
  Event ID: 10031
  Task: N/A
  Level: Error
  Opcode: Info
  Keyword: Classic
  User: N/A
  User Name: N/A
  Computer: ASP-OP-UMASTERAPP.ASPIAL.com
  Description: 
An unmarshaling policy check was performed when unmarshaling a custom marshaled object and the class {45FB4600-E6E8-4928-B25E-50476FF79425} was rejected

Event[15]:
  Log Name: Application
  Source: Microsoft-Windows-COMRuntime
  Date: 2025-03-08T01:22:36.114
  Event ID: 10031
  Task: N/A
  Level: Error
  Opcode: Info
  Keyword: Classic
  User: N/A
  User Name: N/A
  Computer: ASP-OP-UMASTERAPP.ASPIAL.com
  Description: 
An unmarshaling policy check was performed when unmarshaling a custom marshaled object and the class {45FB4600-E6E8-4928-B25E-50476FF79425} was rejected

Event[16]:
  Log Name: Application
  Source: Microsoft-Windows-COMRuntime
  Date: 2025-03-07T20:08:38.600
  Event ID: 10031
  Task: N/A
  Level: Error
  Opcode: Info
  Keyword: Classic
  User: N/A
  User Name: N/A
  Computer: ASP-OP-UMASTERAPP.ASPIAL.com
  Description: 
An unmarshaling policy check was performed when unmarshaling a custom marshaled object and the class {45FB4600-E6E8-4928-B25E-50476FF79425} was rejected

Event[17]:
  Log Name: Application
  Source: Microsoft-Windows-COMRuntime
  Date: 2025-03-07T09:24:45.628
  Event ID: 10031
  Task: N/A
  Level: Error
  Opcode: Info
  Keyword: Classic
  User: N/A
  User Name: N/A
  Computer: ASP-OP-UMASTERAPP.ASPIAL.com
  Description: 
An unmarshaling policy check was performed when unmarshaling a custom marshaled object and the class {45FB4600-E6E8-4928-B25E-50476FF79425} was rejected

Event[18]:
  Log Name: Application
  Source: Microsoft-Windows-Perflib
  Date: 2025-03-07T06:38:11.267
  Event ID: 1008
  Task: N/A
  Level: Error
  Opcode: N/A
  Keyword: Classic
  User: N/A
  User Name: N/A
  Computer: ASP-OP-UMASTERAPP.ASPIAL.com
  Description: 
The Open Procedure for service "BITS" in DLL "C:\Windows\System32\bitsperf.dll" failed. Performance data for this service will not be available. The first four bytes (DWORD) of the Data section contains the error code.

Event[19]:
  Log Name: Application
  Source: Microsoft-Windows-COMRuntime
  Date: 2025-03-07T02:22:36.111
  Event ID: 10031
  Task: N/A
  Level: Error
  Opcode: Info
  Keyword: Classic
  User: N/A
  User Name: N/A
  Computer: ASP-OP-UMASTERAPP.ASPIAL.com
  Description: 
An unmarshaling policy check was performed when unmarshaling a custom marshaled object and the class {45FB4600-E6E8-4928-B25E-50476FF79425} was rejected

Event[20]:
  Log Name: Application
  Source: Microsoft-Windows-COMRuntime
  Date: 2025-03-06T23:15:38.176
  Event ID: 10031
  Task: N/A
  Level: Error
  Opcode: Info
  Keyword: Classic
  User: N/A
  User Name: N/A
  Computer: ASP-OP-UMASTERAPP.ASPIAL.com
  Description: 
An unmarshaling policy check was performed when unmarshaling a custom marshaled object and the class {45FB4600-E6E8-4928-B25E-50476FF79425} was rejected

Event[21]:
  Log Name: Application
  Source: Microsoft-Windows-COMRuntime
  Date: 2025-03-06T12:23:38.349
  Event ID: 10031
  Task: N/A
  Level: Error
  Opcode: Info
  Keyword: Classic
  User: N/A
  User Name: N/A
  Computer: ASP-OP-UMASTERAPP.ASPIAL.com
  Description: 
An unmarshaling policy check was performed when unmarshaling a custom marshaled object and the class {45FB4600-E6E8-4928-B25E-50476FF79425} was rejected

Event[22]:
  Log Name: Application
  Source: Microsoft-Windows-Perflib
  Date: 2025-03-06T06:31:56.104
  Event ID: 1008
  Task: N/A
  Level: Error
  Opcode: N/A
  Keyword: Classic
  User: N/A
  User Name: N/A
  Computer: ASP-OP-UMASTERAPP.ASPIAL.com
  Description: 
The Open Procedure for service "BITS" in DLL "C:\Windows\System32\bitsperf.dll" failed. Performance data for this service will not be available. The first four bytes (DWORD) of the Data section contains the error code.

Event[23]:
  Log Name: Application
  Source: Microsoft-Windows-COMRuntime
  Date: 2025-03-06T04:13:38.157
  Event ID: 10031
  Task: N/A
  Level: Error
  Opcode: Info
  Keyword: Classic
  User: N/A
  User Name: N/A
  Computer: ASP-OP-UMASTERAPP.ASPIAL.com
  Description: 
An unmarshaling policy check was performed when unmarshaling a custom marshaled object and the class {45FB4600-E6E8-4928-B25E-50476FF79425} was rejected

Event[24]:
  Log Name: Application
  Source: Microsoft-Windows-COMRuntime
  Date: 2025-03-06T02:19:40.137
  Event ID: 10031
  Task: N/A
  Level: Error
  Opcode: Info
  Keyword: Classic
  User: N/A
  User Name: N/A
  Computer: ASP-OP-UMASTERAPP.ASPIAL.com
  Description: 
An unmarshaling policy check was performed when unmarshaling a custom marshaled object and the class {45FB4600-E6E8-4928-B25E-50476FF79425} was rejected

Event[25]:
  Log Name: Application
  Source: Microsoft-Windows-COMRuntime
  Date: 2025-03-05T15:24:42.872
  Event ID: 10031
  Task: N/A
  Level: Error
  Opcode: Info
  Keyword: Classic
  User: N/A
  User Name: N/A
  Computer: ASP-OP-UMASTERAPP.ASPIAL.com
  Description: 
An unmarshaling policy check was performed when unmarshaling a custom marshaled object and the class {45FB4600-E6E8-4928-B25E-50476FF79425} was rejected

Event[26]:
  Log Name: Application
  Source: Microsoft-Windows-Perflib
  Date: 2025-03-05T06:25:42.621
  Event ID: 1008
  Task: N/A
  Level: Error
  Opcode: N/A
  Keyword: Classic
  User: N/A
  User Name: N/A
  Computer: ASP-OP-UMASTERAPP.ASPIAL.com
  Description: 
The Open Procedure for service "BITS" in DLL "C:\Windows\System32\bitsperf.dll" failed. Performance data for this service will not be available. The first four bytes (DWORD) of the Data section contains the error code.

Event[27]:
  Log Name: Application
  Source: Microsoft-Windows-COMRuntime
  Date: 2025-03-05T05:16:38.664
  Event ID: 10031
  Task: N/A
  Level: Error
  Opcode: Info
  Keyword: Classic
  User: N/A
  User Name: N/A
  Computer: ASP-OP-UMASTERAPP.ASPIAL.com
  Description: 
An unmarshaling policy check was performed when unmarshaling a custom marshaled object and the class {45FB4600-E6E8-4928-B25E-50476FF79425} was rejected

Event[28]:
  Log Name: Application
  Source: Microsoft-Windows-COMRuntime
  Date: 2025-03-05T03:20:38.643
  Event ID: 10031
  Task: N/A
  Level: Error
  Opcode: Info
  Keyword: Classic
  User: N/A
  User Name: N/A
  Computer: ASP-OP-UMASTERAPP.ASPIAL.com
  Description: 
An unmarshaling policy check was performed when unmarshaling a custom marshaled object and the class {45FB4600-E6E8-4928-B25E-50476FF79425} was rejected

Event[29]:
  Log Name: Application
  Source: Microsoft-Windows-COMRuntime
  Date: 2025-03-04T18:24:41.507
  Event ID: 10031
  Task: N/A
  Level: Error
  Opcode: Info
  Keyword: Classic
  User: N/A
  User Name: N/A
  Computer: ASP-OP-UMASTERAPP.ASPIAL.com
  Description: 
An unmarshaling policy check was performed when unmarshaling a custom marshaled object and the class {45FB4600-E6E8-4928-B25E-50476FF79425} was rejected

Event[30]:
  Log Name: Application
  Source: Microsoft-Windows-COMRuntime
  Date: 2025-03-04T08:17:40.376
  Event ID: 10031
  Task: N/A
  Level: Error
  Opcode: Info
  Keyword: Classic
  User: N/A
  User Name: N/A
  Computer: ASP-OP-UMASTERAPP.ASPIAL.com
  Description: 
An unmarshaling policy check was performed when unmarshaling a custom marshaled object and the class {45FB4600-E6E8-4928-B25E-50476FF79425} was rejected

Event[31]:
  Log Name: Application
  Source: Microsoft-Windows-Perflib
  Date: 2025-03-04T06:19:27.988
  Event ID: 1008
  Task: N/A
  Level: Error
  Opcode: N/A
  Keyword: Classic
  User: N/A
  User Name: N/A
  Computer: ASP-OP-UMASTERAPP.ASPIAL.com
  Description: 
The Open Procedure for service "BITS" in DLL "C:\Windows\System32\bitsperf.dll" failed. Performance data for this service will not be available. The first four bytes (DWORD) of the Data section contains the error code.

Event[32]:
  Log Name: Application
  Source: Microsoft-Windows-COMRuntime
  Date: 2025-03-04T04:24:40.575
  Event ID: 10031
  Task: N/A
  Level: Error
  Opcode: Info
  Keyword: Classic
  User: N/A
  User Name: N/A
  Computer: ASP-OP-UMASTERAPP.ASPIAL.com
  Description: 
An unmarshaling policy check was performed when unmarshaling a custom marshaled object and the class {45FB4600-E6E8-4928-B25E-50476FF79425} was rejected

Event[33]:
  Log Name: Application
  Source: Microsoft-Windows-COMRuntime
  Date: 2025-03-03T21:24:40.132
  Event ID: 10031
  Task: N/A
  Level: Error
  Opcode: Info
  Keyword: Classic
  User: N/A
  User Name: N/A
  Computer: ASP-OP-UMASTERAPP.ASPIAL.com
  Description: 
An unmarshaling policy check was performed when unmarshaling a custom marshaled object and the class {45FB4600-E6E8-4928-B25E-50476FF79425} was rejected

Event[34]:
  Log Name: Application
  Source: Microsoft-Windows-COMRuntime
  Date: 2025-03-03T10:54:39.165
  Event ID: 10031
  Task: N/A
  Level: Error
  Opcode: Info
  Keyword: Classic
  User: N/A
  User Name: N/A
  Computer: ASP-OP-UMASTERAPP.ASPIAL.com
  Description: 
An unmarshaling policy check was performed when unmarshaling a custom marshaled object and the class {45FB4600-E6E8-4928-B25E-50476FF79425} was rejected

Event[35]:
  Log Name: Application
  Source: Microsoft-Windows-Perflib
  Date: 2025-03-03T06:13:15.849
  Event ID: 1008
  Task: N/A
  Level: Error
  Opcode: N/A
  Keyword: Classic
  User: N/A
  User Name: N/A
  Computer: ASP-OP-UMASTERAPP.ASPIAL.com
  Description: 
The Open Procedure for service "BITS" in DLL "C:\Windows\System32\bitsperf.dll" failed. Performance data for this service will not be available. The first four bytes (DWORD) of the Data section contains the error code.

Event[36]:
  Log Name: Application
  Source: Microsoft-Windows-COMRuntime
  Date: 2025-03-03T03:12:38.532
  Event ID: 10031
  Task: N/A
  Level: Error
  Opcode: Info
  Keyword: Classic
  User: N/A
  User Name: N/A
  Computer: ASP-OP-UMASTERAPP.ASPIAL.com
  Description: 
An unmarshaling policy check was performed when unmarshaling a custom marshaled object and the class {45FB4600-E6E8-4928-B25E-50476FF79425} was rejected

Event[37]:
  Log Name: Application
  Source: Microsoft-Windows-COMRuntime
  Date: 2025-03-03T00:24:38.775
  Event ID: 10031
  Task: N/A
  Level: Error
  Opcode: Info
  Keyword: Classic
  User: N/A
  User Name: N/A
  Computer: ASP-OP-UMASTERAPP.ASPIAL.com
  Description: 
An unmarshaling policy check was performed when unmarshaling a custom marshaled object and the class {45FB4600-E6E8-4928-B25E-50476FF79425} was rejected

Event[38]:
  Log Name: Application
  Source: Microsoft-Windows-COMRuntime
  Date: 2025-03-02T13:53:38.637
  Event ID: 10031
  Task: N/A
  Level: Error
  Opcode: Info
  Keyword: Classic
  User: N/A
  User Name: N/A
  Computer: ASP-OP-UMASTERAPP.ASPIAL.com
  Description: 
An unmarshaling policy check was performed when unmarshaling a custom marshaled object and the class {45FB4600-E6E8-4928-B25E-50476FF79425} was rejected

Event[39]:
  Log Name: Application
  Source: Microsoft-Windows-Perflib
  Date: 2025-03-02T06:07:01.627
  Event ID: 1008
  Task: N/A
  Level: Error
  Opcode: N/A
  Keyword: Classic
  User: N/A
  User Name: N/A
  Computer: ASP-OP-UMASTERAPP.ASPIAL.com
  Description: 
The Open Procedure for service "BITS" in DLL "C:\Windows\System32\bitsperf.dll" failed. Performance data for this service will not be available. The first four bytes (DWORD) of the Data section contains the error code.

Event[40]:
  Log Name: Application
  Source: Microsoft-Windows-COMRuntime
  Date: 2025-03-02T04:24:37.459
  Event ID: 10031
  Task: N/A
  Level: Error
  Opcode: Info
  Keyword: Classic
  User: N/A
  User Name: N/A
  Computer: ASP-OP-UMASTERAPP.ASPIAL.com
  Description: 
An unmarshaling policy check was performed when unmarshaling a custom marshaled object and the class {45FB4600-E6E8-4928-B25E-50476FF79425} was rejected

Event[41]:
  Log Name: Application
  Source: Microsoft-Windows-COMRuntime
  Date: 2025-03-02T03:24:37.394
  Event ID: 10031
  Task: N/A
  Level: Error
  Opcode: Info
  Keyword: Classic
  User: N/A
  User Name: N/A
  Computer: ASP-OP-UMASTERAPP.ASPIAL.com
  Description: 
An unmarshaling policy check was performed when unmarshaling a custom marshaled object and the class {45FB4600-E6E8-4928-B25E-50476FF79425} was rejected

Event[42]:
  Log Name: Application
  Source: Microsoft-Windows-COMRuntime
  Date: 2025-03-01T16:56:38.189
  Event ID: 10031
  Task: N/A
  Level: Error
  Opcode: Info
  Keyword: Classic
  User: N/A
  User Name: N/A
  Computer: ASP-OP-UMASTERAPP.ASPIAL.com
  Description: 
An unmarshaling policy check was performed when unmarshaling a custom marshaled object and the class {45FB4600-E6E8-4928-B25E-50476FF79425} was rejected

Event[43]:
  Log Name: Application
  Source: Microsoft-Windows-COMRuntime
  Date: 2025-03-01T06:24:36.057
  Event ID: 10031
  Task: N/A
  Level: Error
  Opcode: Info
  Keyword: Classic
  User: N/A
  User Name: N/A
  Computer: ASP-OP-UMASTERAPP.ASPIAL.com
  Description: 
An unmarshaling policy check was performed when unmarshaling a custom marshaled object and the class {45FB4600-E6E8-4928-B25E-50476FF79425} was rejected

Event[44]:
  Log Name: Application
  Source: Microsoft-Windows-COMRuntime
  Date: 2025-03-01T06:12:38.734
  Event ID: 10031
  Task: N/A
  Level: Error
  Opcode: Info
  Keyword: Classic
  User: N/A
  User Name: N/A
  Computer: ASP-OP-UMASTERAPP.ASPIAL.com
  Description: 
An unmarshaling policy check was performed when unmarshaling a custom marshaled object and the class {45FB4600-E6E8-4928-B25E-50476FF79425} was rejected

Event[45]:
  Log Name: Application
  Source: Microsoft-Windows-Perflib
  Date: 2025-03-01T06:00:47.573
  Event ID: 1008
  Task: N/A
  Level: Error
  Opcode: N/A
  Keyword: Classic
  User: N/A
  User Name: N/A
  Computer: ASP-OP-UMASTERAPP.ASPIAL.com
  Description: 
The Open Procedure for service "BITS" in DLL "C:\Windows\System32\bitsperf.dll" failed. Performance data for this service will not be available. The first four bytes (DWORD) of the Data section contains the error code.

Event[46]:
  Log Name: Application
  Source: Microsoft-Windows-COMRuntime
  Date: 2025-02-28T20:13:38.665
  Event ID: 10031
  Task: N/A
  Level: Error
  Opcode: Info
  Keyword: Classic
  User: N/A
  User Name: N/A
  Computer: ASP-OP-UMASTERAPP.ASPIAL.com
  Description: 
An unmarshaling policy check was performed when unmarshaling a custom marshaled object and the class {45FB4600-E6E8-4928-B25E-50476FF79425} was rejected

Event[47]:
  Log Name: Application
  Source: Microsoft-Windows-COMRuntime
  Date: 2025-02-28T09:24:34.667
  Event ID: 10031
  Task: N/A
  Level: Error
  Opcode: Info
  Keyword: Classic
  User: N/A
  User Name: N/A
  Computer: ASP-OP-UMASTERAPP.ASPIAL.com
  Description: 
An unmarshaling policy check was performed when unmarshaling a custom marshaled object and the class {45FB4600-E6E8-4928-B25E-50476FF79425} was rejected

Event[48]:
  Log Name: Application
  Source: Microsoft-Windows-COMRuntime
  Date: 2025-02-28T07:14:38.183
  Event ID: 10031
  Task: N/A
  Level: Error
  Opcode: Info
  Keyword: Classic
  User: N/A
  User Name: N/A
  Computer: ASP-OP-UMASTERAPP.ASPIAL.com
  Description: 
An unmarshaling policy check was performed when unmarshaling a custom marshaled object and the class {45FB4600-E6E8-4928-B25E-50476FF79425} was rejected

Event[49]:
  Log Name: Application
  Source: Microsoft-Windows-Perflib
  Date: 2025-02-28T05:54:34.059
  Event ID: 1008
  Task: N/A
  Level: Error
  Opcode: N/A
  Keyword: Classic
  User: N/A
  User Name: N/A
  Computer: ASP-OP-UMASTERAPP.ASPIAL.com
  Description: 
The Open Procedure for service "BITS" in DLL "C:\Windows\System32\bitsperf.dll" failed. Performance data for this service will not be available. The first four bytes (DWORD) of the Data section contains the error code.

Event[50]:
  Log Name: Application
  Source: Microsoft-Windows-COMRuntime
  Date: 2025-02-27T23:16:38.266
  Event ID: 10031
  Task: N/A
  Level: Error
  Opcode: Info
  Keyword: Classic
  User: N/A
  User Name: N/A
  Computer: ASP-OP-UMASTERAPP.ASPIAL.com
  Description: 
An unmarshaling policy check was performed when unmarshaling a custom marshaled object and the class {45FB4600-E6E8-4928-B25E-50476FF79425} was rejected

Event[51]:
  Log Name: Application
  Source: Microsoft-Windows-COMRuntime
  Date: 2025-02-27T12:24:33.274
  Event ID: 10031
  Task: N/A
  Level: Error
  Opcode: Info
  Keyword: Classic
  User: N/A
  User Name: N/A
  Computer: ASP-OP-UMASTERAPP.ASPIAL.com
  Description: 
An unmarshaling policy check was performed when unmarshaling a custom marshaled object and the class {45FB4600-E6E8-4928-B25E-50476FF79425} was rejected

Event[52]:
  Log Name: Application
  Source: Microsoft-Windows-COMRuntime
  Date: 2025-02-27T08:11:38.819
  Event ID: 10031
  Task: N/A
  Level: Error
  Opcode: Info
  Keyword: Classic
  User: N/A
  User Name: N/A
  Computer: ASP-OP-UMASTERAPP.ASPIAL.com
  Description: 
An unmarshaling policy check was performed when unmarshaling a custom marshaled object and the class {45FB4600-E6E8-4928-B25E-50476FF79425} was rejected

Event[53]:
  Log Name: Application
  Source: Microsoft-Windows-Perflib
  Date: 2025-02-27T05:48:20.191
  Event ID: 1008
  Task: N/A
  Level: Error
  Opcode: N/A
  Keyword: Classic
  User: N/A
  User Name: N/A
  Computer: ASP-OP-UMASTERAPP.ASPIAL.com
  Description: 
The Open Procedure for service "BITS" in DLL "C:\Windows\System32\bitsperf.dll" failed. Performance data for this service will not be available. The first four bytes (DWORD) of the Data section contains the error code.

Event[54]:
  Log Name: Application
  Source: Microsoft-Windows-COMRuntime
  Date: 2025-02-27T01:58:38.419
  Event ID: 10031
  Task: N/A
  Level: Error
  Opcode: Info
  Keyword: Classic
  User: N/A
  User Name: N/A
  Computer: ASP-OP-UMASTERAPP.ASPIAL.com
  Description: 
An unmarshaling policy check was performed when unmarshaling a custom marshaled object and the class {45FB4600-E6E8-4928-B25E-50476FF79425} was rejected

Event[55]:
  Log Name: Application
  Source: Microsoft-Windows-COMRuntime
  Date: 2025-02-26T15:24:31.899
  Event ID: 10031
  Task: N/A
  Level: Error
  Opcode: Info
  Keyword: Classic
  User: N/A
  User Name: N/A
  Computer: ASP-OP-UMASTERAPP.ASPIAL.com
  Description: 
An unmarshaling policy check was performed when unmarshaling a custom marshaled object and the class {45FB4600-E6E8-4928-B25E-50476FF79425} was rejected

Event[56]:
  Log Name: Application
  Source: Microsoft-Windows-COMRuntime
  Date: 2025-02-26T06:18:38.546
  Event ID: 10031
  Task: N/A
  Level: Error
  Opcode: Info
  Keyword: Classic
  User: N/A
  User Name: N/A
  Computer: ASP-OP-UMASTERAPP.ASPIAL.com
  Description: 
An unmarshaling policy check was performed when unmarshaling a custom marshaled object and the class {45FB4600-E6E8-4928-B25E-50476FF79425} was rejected

Event[57]:
  Log Name: Application
  Source: Microsoft-Windows-Perflib
  Date: 2025-02-26T05:42:05.183
  Event ID: 1008
  Task: N/A
  Level: Error
  Opcode: N/A
  Keyword: Classic
  User: N/A
  User Name: N/A
  Computer: ASP-OP-UMASTERAPP.ASPIAL.com
  Description: 
The Open Procedure for service "BITS" in DLL "C:\Windows\System32\bitsperf.dll" failed. Performance data for this service will not be available. The first four bytes (DWORD) of the Data section contains the error code.

