Event[58]:
  Log Name: Application
  Source: Microsoft-Windows-COMRuntime
  Date: 2025-02-26T05:12:38.974
  Event ID: 10031
  Task: N/A
  Level: Error
  Opcode: Info
  Keyword: Classic
  User: N/A
  User Name: N/A
  Computer: ASP-OP-UMASTERAPP.ASPIAL.com
  Description: 
An unmarshaling policy check was performed when unmarshaling a custom marshaled object and the class {45FB4600-E6E8-4928-B25E-50476FF79425} was rejected

Event[59]:
  Log Name: Application
  Source: Microsoft-Windows-COMRuntime
  Date: 2025-02-25T18:24:30.554
  Event ID: 10031
  Task: N/A
  Level: Error
  Opcode: Info
  Keyword: Classic
  User: N/A
  User Name: N/A
  Computer: ASP-OP-UMASTERAPP.ASPIAL.com
  Description: 
An unmarshaling policy check was performed when unmarshaling a custom marshaled object and the class {45FB4600-E6E8-4928-B25E-50476FF79425} was rejected

Event[60]:
  Log Name: Application
  Source: Microsoft-Windows-COMRuntime
  Date: 2025-02-25T08:18:38.469
  Event ID: 10031
  Task: N/A
  Level: Error
  Opcode: Info
  Keyword: Classic
  User: N/A
  User Name: N/A
  Computer: ASP-OP-UMASTERAPP.ASPIAL.com
  Description: 
An unmarshaling policy check was performed when unmarshaling a custom marshaled object and the class {45FB4600-E6E8-4928-B25E-50476FF79425} was rejected

Event[61]:
  Log Name: Application
  Source: Microsoft-Windows-Perflib
  Date: 2025-02-25T05:35:50.874
  Event ID: 1008
  Task: N/A
  Level: Error
  Opcode: N/A
  Keyword: Classic
  User: N/A
  User Name: N/A
  Computer: ASP-OP-UMASTERAPP.ASPIAL.com
  Description: 
The Open Procedure for service "BITS" in DLL "C:\Windows\System32\bitsperf.dll" failed. Performance data for this service will not be available. The first four bytes (DWORD) of the Data section contains the error code.

Event[62]:
  Log Name: Application
  Source: Microsoft-Windows-COMRuntime
  Date: 2025-02-25T05:24:29.709
  Event ID: 10031
  Task: N/A
  Level: Error
  Opcode: Info
  Keyword: Classic
  User: N/A
  User Name: N/A
  Computer: ASP-OP-UMASTERAPP.ASPIAL.com
  Description: 
An unmarshaling policy check was performed when unmarshaling a custom marshaled object and the class {45FB4600-E6E8-4928-B25E-50476FF79425} was rejected

Event[63]:
  Log Name: Application
  Source: Microsoft-Windows-COMRuntime
  Date: 2025-02-24T21:24:29.185
  Event ID: 10031
  Task: N/A
  Level: Error
  Opcode: Info
  Keyword: Classic
  User: N/A
  User Name: N/A
  Computer: ASP-OP-UMASTERAPP.ASPIAL.com
  Description: 
An unmarshaling policy check was performed when unmarshaling a custom marshaled object and the class {45FB4600-E6E8-4928-B25E-50476FF79425} was rejected

Event[64]:
  Log Name: Application
  Source: Microsoft-Windows-COMRuntime
  Date: 2025-02-24T10:58:38.405
  Event ID: 10031
  Task: N/A
  Level: Error
  Opcode: Info
  Keyword: Classic
  User: N/A
  User Name: N/A
  Computer: ASP-OP-UMASTERAPP.ASPIAL.com
  Description: 
An unmarshaling policy check was performed when unmarshaling a custom marshaled object and the class {45FB4600-E6E8-4928-B25E-50476FF79425} was rejected

Event[65]:
  Log Name: Application
  Source: Microsoft-Windows-Perflib
  Date: 2025-02-24T05:29:36.408
  Event ID: 1008
  Task: N/A
  Level: Error
  Opcode: N/A
  Keyword: Classic
  User: N/A
  User Name: N/A
  Computer: ASP-OP-UMASTERAPP.ASPIAL.com
  Description: 
The Open Procedure for service "BITS" in DLL "C:\Windows\System32\bitsperf.dll" failed. Performance data for this service will not be available. The first four bytes (DWORD) of the Data section contains the error code.

Event[66]:
  Log Name: Application
  Source: Microsoft-Windows-COMRuntime
  Date: 2025-02-24T04:20:38.990
  Event ID: 10031
  Task: N/A
  Level: Error
  Opcode: Info
  Keyword: Classic
  User: N/A
  User Name: N/A
  Computer: ASP-OP-UMASTERAPP.ASPIAL.com
  Description: 
An unmarshaling policy check was performed when unmarshaling a custom marshaled object and the class {45FB4600-E6E8-4928-B25E-50476FF79425} was rejected

Event[67]:
  Log Name: Application
  Source: Microsoft-Windows-COMRuntime
  Date: 2025-02-24T00:24:27.811
  Event ID: 10031
  Task: N/A
  Level: Error
  Opcode: Info
  Keyword: Classic
  User: N/A
  User Name: N/A
  Computer: ASP-OP-UMASTERAPP.ASPIAL.com
  Description: 
An unmarshaling policy check was performed when unmarshaling a custom marshaled object and the class {45FB4600-E6E8-4928-B25E-50476FF79425} was rejected

Event[68]:
  Log Name: Application
  Source: Microsoft-Windows-COMRuntime
  Date: 2025-02-23T14:08:38.919
  Event ID: 10031
  Task: N/A
  Level: Error
  Opcode: Info
  Keyword: Classic
  User: N/A
  User Name: N/A
  Computer: ASP-OP-UMASTERAPP.ASPIAL.com
  Description: 
An unmarshaling policy check was performed when unmarshaling a custom marshaled object and the class {45FB4600-E6E8-4928-B25E-50476FF79425} was rejected

Event[69]:
  Log Name: Application
  Source: Microsoft-Windows-Perflib
  Date: 2025-02-23T05:23:23.735
  Event ID: 1008
  Task: N/A
  Level: Error
  Opcode: N/A
  Keyword: Classic
  User: N/A
  User Name: N/A
  Computer: ASP-OP-UMASTERAPP.ASPIAL.com
  Description: 
The Open Procedure for service "BITS" in DLL "C:\Windows\System32\bitsperf.dll" failed. Performance data for this service will not be available. The first four bytes (DWORD) of the Data section contains the error code.

Event[70]:
  Log Name: Application
  Source: Microsoft-Windows-COMRuntime
  Date: 2025-02-23T03:24:26.449
  Event ID: 10031
  Task: N/A
  Level: Error
  Opcode: Info
  Keyword: Classic
  User: N/A
  User Name: N/A
  Computer: ASP-OP-UMASTERAPP.ASPIAL.com
  Description: 
An unmarshaling policy check was performed when unmarshaling a custom marshaled object and the class {45FB4600-E6E8-4928-B25E-50476FF79425} was rejected

Event[71]:
  Log Name: Application
  Source: Microsoft-Windows-COMRuntime
  Date: 2025-02-23T02:24:26.393
  Event ID: 10031
  Task: N/A
  Level: Error
  Opcode: Info
  Keyword: Classic
  User: N/A
  User Name: N/A
  Computer: ASP-OP-UMASTERAPP.ASPIAL.com
  Description: 
An unmarshaling policy check was performed when unmarshaling a custom marshaled object and the class {45FB4600-E6E8-4928-B25E-50476FF79425} was rejected

Event[72]:
  Log Name: Application
  Source: Microsoft-Windows-COMRuntime
  Date: 2025-02-22T17:22:36.100
  Event ID: 10031
  Task: N/A
  Level: Error
  Opcode: Info
  Keyword: Classic
  User: N/A
  User Name: N/A
  Computer: ASP-OP-UMASTERAPP.ASPIAL.com
  Description: 
An unmarshaling policy check was performed when unmarshaling a custom marshaled object and the class {45FB4600-E6E8-4928-B25E-50476FF79425} was rejected

Event[73]:
  Log Name: Application
  Source: Microsoft-Windows-COMRuntime
  Date: 2025-02-22T06:24:25.106
  Event ID: 10031
  Task: N/A
  Level: Error
  Opcode: Info
  Keyword: Classic
  User: N/A
  User Name: N/A
  Computer: ASP-OP-UMASTERAPP.ASPIAL.com
  Description: 
An unmarshaling policy check was performed when unmarshaling a custom marshaled object and the class {45FB4600-E6E8-4928-B25E-50476FF79425} was rejected

Event[74]:
  Log Name: Application
  Source: Microsoft-Windows-Perflib
  Date: 2025-02-22T05:17:10.242
  Event ID: 1008
  Task: N/A
  Level: Error
  Opcode: N/A
  Keyword: Classic
  User: N/A
  User Name: N/A
  Computer: ASP-OP-UMASTERAPP.ASPIAL.com
  Description: 
The Open Procedure for service "BITS" in DLL "C:\Windows\System32\bitsperf.dll" failed. Performance data for this service will not be available. The first four bytes (DWORD) of the Data section contains the error code.

Event[75]:
  Log Name: Application
  Source: Microsoft-Windows-COMRuntime
  Date: 2025-02-22T04:24:24.917
  Event ID: 10031
  Task: N/A
  Level: Error
  Opcode: Info
  Keyword: Classic
  User: N/A
  User Name: N/A
  Computer: ASP-OP-UMASTERAPP.ASPIAL.com
  Description: 
An unmarshaling policy check was performed when unmarshaling a custom marshaled object and the class {45FB4600-E6E8-4928-B25E-50476FF79425} was rejected

Event[76]:
  Log Name: Application
  Source: Microsoft-Windows-COMRuntime
  Date: 2025-02-21T20:22:36.096
  Event ID: 10031
  Task: N/A
  Level: Error
  Opcode: Info
  Keyword: Classic
  User: N/A
  User Name: N/A
  Computer: ASP-OP-UMASTERAPP.ASPIAL.com
  Description: 
An unmarshaling policy check was performed when unmarshaling a custom marshaled object and the class {45FB4600-E6E8-4928-B25E-50476FF79425} was rejected

Event[77]:
  Log Name: Application
  Source: Microsoft-Windows-COMRuntime
  Date: 2025-02-21T09:24:23.706
  Event ID: 10031
  Task: N/A
  Level: Error
  Opcode: Info
  Keyword: Classic
  User: N/A
  User Name: N/A
  Computer: ASP-OP-UMASTERAPP.ASPIAL.com
  Description: 
An unmarshaling policy check was performed when unmarshaling a custom marshaled object and the class {45FB4600-E6E8-4928-B25E-50476FF79425} was rejected

Event[78]:
  Log Name: Application
  Source: Microsoft-Windows-Perflib
  Date: 2025-02-21T05:10:56.827
  Event ID: 1008
  Task: N/A
  Level: Error
  Opcode: N/A
  Keyword: Classic
  User: N/A
  User Name: N/A
  Computer: ASP-OP-UMASTERAPP.ASPIAL.com
  Description: 
The Open Procedure for service "BITS" in DLL "C:\Windows\System32\bitsperf.dll" failed. Performance data for this service will not be available. The first four bytes (DWORD) of the Data section contains the error code.

Event[79]:
  Log Name: Application
  Source: Microsoft-Windows-COMRuntime
  Date: 2025-02-21T04:09:38.414
  Event ID: 10031
  Task: N/A
  Level: Error
  Opcode: Info
  Keyword: Classic
  User: N/A
  User Name: N/A
  Computer: ASP-OP-UMASTERAPP.ASPIAL.com
  Description: 
An unmarshaling policy check was performed when unmarshaling a custom marshaled object and the class {45FB4600-E6E8-4928-B25E-50476FF79425} was rejected

Event[80]:
  Log Name: Application
  Source: Microsoft-Windows-COMRuntime
  Date: 2025-02-20T23:22:36.101
  Event ID: 10031
  Task: N/A
  Level: Error
  Opcode: Info
  Keyword: Classic
  User: N/A
  User Name: N/A
  Computer: ASP-OP-UMASTERAPP.ASPIAL.com
  Description: 
An unmarshaling policy check was performed when unmarshaling a custom marshaled object and the class {45FB4600-E6E8-4928-B25E-50476FF79425} was rejected

Event[81]:
  Log Name: Application
  Source: Microsoft-Windows-COMRuntime
  Date: 2025-02-20T12:24:22.318
  Event ID: 10031
  Task: N/A
  Level: Error
  Opcode: Info
  Keyword: Classic
  User: N/A
  User Name: N/A
  Computer: ASP-OP-UMASTERAPP.ASPIAL.com
  Description: 
An unmarshaling policy check was performed when unmarshaling a custom marshaled object and the class {45FB4600-E6E8-4928-B25E-50476FF79425} was rejected

Event[82]:
  Log Name: Application
  Source: Microsoft-Windows-COMRuntime
  Date: 2025-02-20T05:13:38.356
  Event ID: 10031
  Task: N/A
  Level: Error
  Opcode: Info
  Keyword: Classic
  User: N/A
  User Name: N/A
  Computer: ASP-OP-UMASTERAPP.ASPIAL.com
  Description: 
An unmarshaling policy check was performed when unmarshaling a custom marshaled object and the class {45FB4600-E6E8-4928-B25E-50476FF79425} was rejected

Event[83]:
  Log Name: Application
  Source: Microsoft-Windows-Perflib
  Date: 2025-02-20T05:04:44.182
  Event ID: 1008
  Task: N/A
  Level: Error
  Opcode: N/A
  Keyword: Classic
  User: N/A
  User Name: N/A
  Computer: ASP-OP-UMASTERAPP.ASPIAL.com
  Description: 
The Open Procedure for service "BITS" in DLL "C:\Windows\System32\bitsperf.dll" failed. Performance data for this service will not be available. The first four bytes (DWORD) of the Data section contains the error code.

Event[84]:
  Log Name: Application
  Source: Microsoft-Windows-COMRuntime
  Date: 2025-02-20T02:12:38.689
  Event ID: 10031
  Task: N/A
  Level: Error
  Opcode: Info
  Keyword: Classic
  User: N/A
  User Name: N/A
  Computer: ASP-OP-UMASTERAPP.ASPIAL.com
  Description: 
An unmarshaling policy check was performed when unmarshaling a custom marshaled object and the class {45FB4600-E6E8-4928-B25E-50476FF79425} was rejected

Event[85]:
  Log Name: Application
  Source: Microsoft-Windows-COMRuntime
  Date: 2025-02-19T15:24:20.961
  Event ID: 10031
  Task: N/A
  Level: Error
  Opcode: Info
  Keyword: Classic
  User: N/A
  User Name: N/A
  Computer: ASP-OP-UMASTERAPP.ASPIAL.com
  Description: 
An unmarshaling policy check was performed when unmarshaling a custom marshaled object and the class {45FB4600-E6E8-4928-B25E-50476FF79425} was rejected

Event[86]:
  Log Name: Application
  Source: Microsoft-Windows-COMRuntime
  Date: 2025-02-19T05:18:38.161
  Event ID: 10031
  Task: N/A
  Level: Error
  Opcode: Info
  Keyword: Classic
  User: N/A
  User Name: N/A
  Computer: ASP-OP-UMASTERAPP.ASPIAL.com
  Description: 
An unmarshaling policy check was performed when unmarshaling a custom marshaled object and the class {45FB4600-E6E8-4928-B25E-50476FF79425} was rejected

Event[87]:
  Log Name: Application
  Source: Microsoft-Windows-Perflib
  Date: 2025-02-19T04:58:29.559
  Event ID: 1008
  Task: N/A
  Level: Error
  Opcode: N/A
  Keyword: Classic
  User: N/A
  User Name: N/A
  Computer: ASP-OP-UMASTERAPP.ASPIAL.com
  Description: 
The Open Procedure for service "BITS" in DLL "C:\Windows\System32\bitsperf.dll" failed. Performance data for this service will not be available. The first four bytes (DWORD) of the Data section contains the error code.

Event[88]:
  Log Name: Application
  Source: Microsoft-Windows-COMRuntime
  Date: 2025-02-19T03:24:20.170
  Event ID: 10031
  Task: N/A
  Level: Error
  Opcode: Info
  Keyword: Classic
  User: N/A
  User Name: N/A
  Computer: ASP-OP-UMASTERAPP.ASPIAL.com
  Description: 
An unmarshaling policy check was performed when unmarshaling a custom marshaled object and the class {45FB4600-E6E8-4928-B25E-50476FF79425} was rejected

Event[89]:
  Log Name: Application
  Source: Microsoft-Windows-COMRuntime
  Date: 2025-02-18T18:24:19.583
  Event ID: 10031
  Task: N/A
  Level: Error
  Opcode: Info
  Keyword: Classic
  User: N/A
  User Name: N/A
  Computer: ASP-OP-UMASTERAPP.ASPIAL.com
  Description: 
An unmarshaling policy check was performed when unmarshaling a custom marshaled object and the class {45FB4600-E6E8-4928-B25E-50476FF79425} was rejected

Event[90]:
  Log Name: Application
  Source: Microsoft-Windows-COMRuntime
  Date: 2025-02-18T08:16:38.655
  Event ID: 10031
  Task: N/A
  Level: Error
  Opcode: Info
  Keyword: Classic
  User: N/A
  User Name: N/A
  Computer: ASP-OP-UMASTERAPP.ASPIAL.com
  Description: 
An unmarshaling policy check was performed when unmarshaling a custom marshaled object and the class {45FB4600-E6E8-4928-B25E-50476FF79425} was rejected

Event[91]:
  Log Name: Application
  Source: Microsoft-Windows-Perflib
  Date: 2025-02-18T04:52:17.364
  Event ID: 1008
  Task: N/A
  Level: Error
  Opcode: N/A
  Keyword: Classic
  User: N/A
  User Name: N/A
  Computer: ASP-OP-UMASTERAPP.ASPIAL.com
  Description: 
The Open Procedure for service "BITS" in DLL "C:\Windows\System32\bitsperf.dll" failed. Performance data for this service will not be available. The first four bytes (DWORD) of the Data section contains the error code.

Event[92]:
  Log Name: Application
  Source: Microsoft-Windows-COMRuntime
  Date: 2025-02-18T02:24:18.550
  Event ID: 10031
  Task: N/A
  Level: Error
  Opcode: Info
  Keyword: Classic
  User: N/A
  User Name: N/A
  Computer: ASP-OP-UMASTERAPP.ASPIAL.com
  Description: 
An unmarshaling policy check was performed when unmarshaling a custom marshaled object and the class {45FB4600-E6E8-4928-B25E-50476FF79425} was rejected

Event[93]:
  Log Name: Application
  Source: Microsoft-Windows-COMRuntime
  Date: 2025-02-17T21:24:18.233
  Event ID: 10031
  Task: N/A
  Level: Error
  Opcode: Info
  Keyword: Classic
  User: N/A
  User Name: N/A
  Computer: ASP-OP-UMASTERAPP.ASPIAL.com
  Description: 
An unmarshaling policy check was performed when unmarshaling a custom marshaled object and the class {45FB4600-E6E8-4928-B25E-50476FF79425} was rejected

Event[94]:
  Log Name: Application
  Source: Microsoft-Windows-COMRuntime
  Date: 2025-02-17T11:22:36.176
  Event ID: 10031
  Task: N/A
  Level: Error
  Opcode: Info
  Keyword: Classic
  User: N/A
  User Name: N/A
  Computer: ASP-OP-UMASTERAPP.ASPIAL.com
  Description: 
An unmarshaling policy check was performed when unmarshaling a custom marshaled object and the class {45FB4600-E6E8-4928-B25E-50476FF79425} was rejected

Event[95]:
  Log Name: Application
  Source: Microsoft-Windows-Perflib
  Date: 2025-02-17T04:46:03.129
  Event ID: 1008
  Task: N/A
  Level: Error
  Opcode: N/A
  Keyword: Classic
  User: N/A
  User Name: N/A
  Computer: ASP-OP-UMASTERAPP.ASPIAL.com
  Description: 
The Open Procedure for service "BITS" in DLL "C:\Windows\System32\bitsperf.dll" failed. Performance data for this service will not be available. The first four bytes (DWORD) of the Data section contains the error code.

Event[96]:
  Log Name: Application
  Source: Microsoft-Windows-COMRuntime
  Date: 2025-02-17T01:08:38.504
  Event ID: 10031
  Task: N/A
  Level: Error
  Opcode: Info
  Keyword: Classic
  User: N/A
  User Name: N/A
  Computer: ASP-OP-UMASTERAPP.ASPIAL.com
  Description: 
An unmarshaling policy check was performed when unmarshaling a custom marshaled object and the class {45FB4600-E6E8-4928-B25E-50476FF79425} was rejected

Event[97]:
  Log Name: Application
  Source: Microsoft-Windows-COMRuntime
  Date: 2025-02-17T00:24:16.847
  Event ID: 10031
  Task: N/A
  Level: Error
  Opcode: Info
  Keyword: Classic
  User: N/A
  User Name: N/A
  Computer: ASP-OP-UMASTERAPP.ASPIAL.com
  Description: 
An unmarshaling policy check was performed when unmarshaling a custom marshaled object and the class {45FB4600-E6E8-4928-B25E-50476FF79425} was rejected

Event[98]:
  Log Name: Application
  Source: Microsoft-Windows-COMRuntime
  Date: 2025-02-16T14:18:38.960
  Event ID: 10031
  Task: N/A
  Level: Error
  Opcode: Info
  Keyword: Classic
  User: N/A
  User Name: N/A
  Computer: ASP-OP-UMASTERAPP.ASPIAL.com
  Description: 
An unmarshaling policy check was performed when unmarshaling a custom marshaled object and the class {45FB4600-E6E8-4928-B25E-50476FF79425} was rejected

Event[99]:
  Log Name: Application
  Source: Microsoft-Windows-Perflib
  Date: 2025-02-16T04:39:49.145
  Event ID: 1008
  Task: N/A
  Level: Error
  Opcode: N/A
  Keyword: Classic
  User: N/A
  User Name: N/A
  Computer: ASP-OP-UMASTERAPP.ASPIAL.com
  Description: 
The Open Procedure for service "BITS" in DLL "C:\Windows\System32\bitsperf.dll" failed. Performance data for this service will not be available. The first four bytes (DWORD) of the Data section contains the error code.


--------------------------------------- Actual shadows details -----------------------------------
vssadmin 1.1 - Volume Shadow Copy Service administrative command-line tool
(C) Copyright 2001-2013 Microsoft Corp.

No items found that satisfy the query.

--------------------------------------------------------------------------------------------------
Script execution finished at Tue 03/11/2025 17:49:35.50 
--------------------------------------------------------------------------------------------------
