Script started by ASPIAL\admin_cs at Tue 03/11/2025 17:46:40.57 for Server ASP-OP-DPMKRE1

-------------------------------------- General System Data ---------------------------------------
DNS Host Name: 		ASP-OP-DPMKRE1
Domain:			ASPIAL.com
System Manufacturer:	Microsoft Corporation
System Type:		x64-based PC
Total Physical Memory:     8,192 MB
Number of CPU cores:	4

---------------------------------------- System Boot Time -----------------------------------------
System Boot Time:          2/13/2025, 11:18:39 PM
---------------------------------------- System Time Zone -----------------------------------------
Time Zone:                 (UTC+08:00) Kuala Lumpur, Singapore
Singapore Standard Time
--------------------------------------- Detailed CPU Info ----------------------------------------
Device ID: 		CPU0
Max Speed:		2594 MHz
No of Cores:		2
Logical Processors:	4

----------------------------------------- Online Volumes -----------------------------------------
C: (Windows )	Total: 135839870976 bytes		Free: 74018832384 bytes
D: (Temporary Storage  )	Total: 34357637120 bytes		Free: 32041562112 bytes

------------------------------------------ VSS details -------------------------------------------
vssadmin 1.1 - Volume Shadow Copy Service administrative command-line tool
(C) Copyright 2001-2013 Microsoft Corp.

Volume path: \\?\Volume{b50c82b7-0000-0000-0000-100000000000}\
    Volume name: \\?\Volume{b50c82b7-0000-0000-0000-100000000000}\
Volume path: D:\
    Volume name: \\?\Volume{0254c3eb-0000-0000-0000-100000000000}\
Volume path: C:\
    Volume name: \\?\Volume{b50c82b7-0000-0000-0000-501f00000000}\

-------------------------------------- Detailed Disks' Info --------------------------------------
  Disk ###  Status         Size     Free     Dyn  Gpt
  --------  -------------  -------  -------  ---  ---
  Disk 0    Online          127 GB  1024 KB         
  Disk 1    Online           32 GB      0 B         
Disk 0 is now the selected disk.
  Partition ###  Type              Size     Offset
  -------------  ----------------  -------  -------
  Partition 1    Primary            500 MB  1024 KB
  Partition 2    Primary            126 GB   501 MB

------------------------------------- Network Configuration --------------------------------------

Windows IP Configuration

   Host Name . . . . . . . . . . . . : ASP-OP-DPMKRE1
   Primary Dns Suffix  . . . . . . . : ASPIAL.com
   Node Type . . . . . . . . . . . . : Hybrid
   IP Routing Enabled. . . . . . . . : No
   WINS Proxy Enabled. . . . . . . . : No
   DNS Suffix Search List. . . . . . : ASPIAL.com
                                       reddog.microsoft.com

Ethernet adapter Ethernet 4:

   Connection-specific DNS Suffix  . : reddog.microsoft.com
   Description . . . . . . . . . . . : Microsoft Hyper-V Network Adapter #2
   Physical Address. . . . . . . . . : 00-22-48-55-B5-5F
   DHCP Enabled. . . . . . . . . . . : Yes
   Autoconfiguration Enabled . . . . : Yes
   IPv4 Address. . . . . . . . . . . : 172.21.9.7(Preferred) 
   Subnet Mask . . . . . . . . . . . : 255.255.255.0
   Lease Obtained. . . . . . . . . . : Thursday, February 13, 2025 11:18:49 PM
   Lease Expires . . . . . . . . . . : Saturday, April 18, 2161 12:15:09 AM
   Default Gateway . . . . . . . . . : 172.21.9.1
   DHCP Server . . . . . . . . . . . : 168.63.129.16
   DNS Servers . . . . . . . . . . . : 172.18.28.58
                                       172.22.4.6
   NetBIOS over Tcpip. . . . . . . . : Enabled

.................... Routing Table ....................
===========================================================================
Interface List
  9...00 22 48 55 b5 5f ......Microsoft Hyper-V Network Adapter #2
  1...........................Software Loopback Interface 1
===========================================================================

IPv4 Route Table
===========================================================================
Active Routes:
Network Destination        Netmask          Gateway       Interface  Metric
          0.0.0.0          0.0.0.0       172.21.9.1       172.21.9.7     10
        127.0.0.0        255.0.0.0         On-link         127.0.0.1    331
        127.0.0.1  255.255.255.255         On-link         127.0.0.1    331
  127.255.255.255  255.255.255.255         On-link         127.0.0.1    331
    168.63.129.16  255.255.255.255       172.21.9.1       172.21.9.7     11
  169.254.169.254  255.255.255.255       172.21.9.1       172.21.9.7     11
       172.21.9.0    255.255.255.0         On-link        172.21.9.7    266
       172.21.9.7  255.255.255.255         On-link        172.21.9.7    266
     172.21.9.255  255.255.255.255         On-link        172.21.9.7    266
        224.0.0.0        240.0.0.0         On-link         127.0.0.1    331
        224.0.0.0        240.0.0.0         On-link        172.21.9.7    266
  255.255.255.255  255.255.255.255         On-link         127.0.0.1    331
  255.255.255.255  255.255.255.255         On-link        172.21.9.7    266
===========================================================================
Persistent Routes:
  None

IPv6 Route Table
===========================================================================
Active Routes:
 If Metric Network Destination      Gateway
  1    331 ::1/128                  On-link
  1    331 ff00::/8                 On-link
===========================================================================
Persistent Routes:
  None

--------------------------------------- List of Local Users -----------------------------------

User accounts for \\ASP-OP-DPMKRE1

-------------------------------------------------------------------------------
azureadmin               DefaultAccount           Guest                    
The command completed successfully.

--------------------------------------- List of Local Groups -----------------------------------

Aliases for \\ASP-OP-DPMKRE1

-------------------------------------------------------------------------------
*Access Control Assistance Operators
*Administrators
*Backup Operators
*Certificate Service DCOM Access
*Cryptographic Operators
*Distributed COM Users
*Event Log Readers
*Guests
*Hyper-V Administrators
*IIS_IUSRS
*Network Configuration Operators
*Performance Log Users
*Performance Monitor Users
*Power Users
*Print Operators
*RDS Endpoint Servers
*RDS Management Servers
*RDS Remote Access Servers
*Remote Desktop Users
*Remote Management Users
*Replicator
*Storage Replica Administrators
*System Managed Accounts Group
*Users
The command completed successfully.

--------------------------------------- List of Local AdministratorGroups Member -----------------------------------
Alias name     administrators
Comment        Administrators have complete and unrestricted access to the computer/domain

Members

-------------------------------------------------------------------------------
ASPIAL\adam_chang
ASPIAL\Aspial_Local_Admin
ASPIAL\Domain Admins
ASPIAL\rick_liu
azureadmin
The command completed successfully.

--------------------------------------- List of Mountpoints-----------------------------------
Creates, deletes, or lists a volume mount point.

MOUNTVOL [drive:]path VolumeName
MOUNTVOL [drive:]path /D
MOUNTVOL [drive:]path /L
MOUNTVOL [drive:]path /P
MOUNTVOL /R
MOUNTVOL /N
MOUNTVOL /E

    path        Specifies the existing NTFS directory where the mount
                point will reside.
    VolumeName  Specifies the volume name that is the target of the mount
                point.
    /D          Removes the volume mount point from the specified directory.
    /L          Lists the mounted volume name for the specified directory.
    /P          Removes the volume mount point from the specified directory,
                dismounts the volume, and makes the volume not mountable.
                You can make the volume mountable again by creating a volume
                mount point.
    /R          Removes volume mount point directories and registry settings
                for volumes that are no longer in the system.
    /N          Disables automatic mounting of new volumes.
    /E          Re-enables automatic mounting of new volumes.

Possible values for VolumeName along with current mount points are:

    \\?\Volume{b50c82b7-0000-0000-0000-100000000000}\
        *** NO MOUNT POINTS ***

    \\?\Volume{0254c3eb-0000-0000-0000-100000000000}\
        D:\

    \\?\Volume{b50c82b7-0000-0000-0000-501f00000000}\
        C:\

--------------------------------------- Bitlocker Encryption-----------------------------------

SERVICE_NAME: BDESVC 
        TYPE               : 20  WIN32_SHARE_PROCESS  
        STATE              : 1  STOPPED 
        WIN32_EXIT_CODE    : 1077  (0x435)
        SERVICE_EXIT_CODE  : 0  (0x0)
        CHECKPOINT         : 0x0
        WAIT_HINT          : 0x0
--------------------------------------- Cluster Status-----------------------------------
[SC] EnumQueryServicesStatus:OpenService FAILED 1060:

The specified service does not exist as an installed service.

---------------------------------------- Services' Status ----------------------------------------
...............................................................
... Number of Automatically started Running services: 58 
... Number of Manually started Running services: 39 
... Number of Disabled services: 8 
...............................................................
Caption                                                                     ExitCode    StartMode  StartName                    State    Status  
Apache2.4                                                                   0           Auto       LocalSystem                  Running  OK      
Azure Network Watcher Agent                                                 0           Auto       LocalSystem                  Running  OK      
Base Filtering Engine                                                       0           Auto       NT AUTHORITY\LocalService    Running  OK      
Background Tasks Infrastructure Service                                     0           Auto       LocalSystem                  Running  OK      
Connected Devices Platform Service                                          2147500037  Auto       NT AUTHORITY\LocalService    Stopped  OK      
CoreMessaging                                                               0           Auto       NT AUTHORITY\LocalService    Running  OK      
Cryptographic Services                                                      0           Auto       NT Authority\NetworkService  Running  OK      
DCOM Server Process Launcher                                                0           Auto       LocalSystem                  Running  OK      
DHCP Client                                                                 0           Auto       NT Authority\LocalService    Running  OK      
Connected User Experiences and Telemetry                                    0           Auto       LocalSystem                  Running  OK      
DNS Client                                                                  0           Auto       NT AUTHORITY\NetworkService  Running  OK      
Diagnostic Policy Service                                                   0           Auto       NT AUTHORITY\LocalService    Running  OK      
Windows Event Log                                                           0           Auto       NT AUTHORITY\LocalService    Running  OK      
COM+ Event System                                                           0           Auto       NT AUTHORITY\LocalService    Running  OK      
Windows Font Cache Service                                                  0           Auto       NT AUTHORITY\LocalService    Running  OK      
Group Policy Client                                                         0           Auto       LocalSystem                  Running  OK      
Microsoft Monitoring Agent                                                  0           Auto       LocalSystem                  Running  OK      
IKE and AuthIP IPsec Keying Modules                                         0           Auto       LocalSystem                  Running  OK      
IP Helper                                                                   0           Auto       LocalSystem                  Running  OK      
IT Cloud Service                                                            0           Auto       LocalSystem                  Running  OK      
Server                                                                      0           Auto       LocalSystem                  Running  OK      
Workstation                                                                 0           Auto       NT AUTHORITY\NetworkService  Running  OK      
Local Session Manager                                                       0           Auto       LocalSystem                  Running  OK      
Downloaded Maps Manager                                                     0           Auto       NT AUTHORITY\NetworkService  Stopped  OK      
Windows Firewall                                                            0           Auto       NT Authority\LocalService    Running  OK      
Distributed Transaction Coordinator                                         0           Auto       NT AUTHORITY\NetworkService  Running  OK      
MySQL80                                                                     0           Auto       NT AUTHORITY\NetworkService  Running  OK      
MySQL Exporter Service                                                      0           Auto       LocalSystem                  Running  OK      
Netlogon                                                                    0           Auto       LocalSystem                  Running  OK      
Network Location Awareness                                                  0           Auto       NT AUTHORITY\NetworkService  Running  OK      
Network Store Interface Service                                             0           Auto       NT Authority\LocalService    Running  OK      
Program Compatibility Assistant Service                                     0           Auto       LocalSystem                  Running  OK      
postgresql-x64-11                                                           0           Auto       LocalSystem                  Running  OK      
Power                                                                       0           Auto       LocalSystem                  Running  OK      
User Profile Service                                                        0           Auto       LocalSystem                  Running  OK      
RdAgent                                                                     0           Auto       LocalSystem                  Running  OK      
Remote Registry                                                             0           Auto       NT AUTHORITY\LocalService    Stopped  OK      
RPC Endpoint Mapper                                                         0           Auto       NT AUTHORITY\NetworkService  Running  OK      
Remote Procedure Call (RPC)                                                 0           Auto       NT AUTHORITY\NetworkService  Running  OK      
Security Accounts Manager                                                   0           Auto       LocalSystem                  Running  OK      
Task Scheduler                                                              0           Auto       LocalSystem                  Running  OK      
System Event Notification Service                                           0           Auto       LocalSystem                  Running  OK      
Shell Hardware Detection                                                    0           Auto       LocalSystem                  Running  OK      
Print Spooler                                                               0           Auto       LocalSystem                  Running  OK      
Software Protection                                                         0           Auto       NT AUTHORITY\NetworkService  Stopped  OK      
System Events Broker                                                        0           Auto       LocalSystem                  Running  OK      
Themes                                                                      0           Auto       LocalSystem                  Running  OK      
Tile Data model server                                                      0           Auto       LocalSystem                  Running  OK      
Distributed Link Tracking Client                                            0           Auto       LocalSystem                  Running  OK      
User Access Logging Service                                                 0           Auto       LocalSystem                  Running  OK      
Updater Utility Service Components Controller                               0           Auto       LocalSystem                  Running  OK      
User Manager                                                                0           Auto       LocalSystem                  Running  OK      
Windows Time                                                                0           Auto       NT AUTHORITY\LocalService    Running  OK      
Windows Biometric Service                                                   0           Auto       LocalSystem                  Stopped  OK      
Windows Connection Manager                                                  0           Auto       NT Authority\LocalService    Running  OK      
Windows Defender Service                                                    0           Auto       LocalSystem                  Running  OK      
Windows Azure Guest Agent                                                   0           Auto       LocalSystem                  Running  OK      
Windows Management Instrumentation                                          0           Auto       localSystem                  Running  OK      
Windows Remote Management (WS-Management)                                   0           Auto       NT AUTHORITY\NetworkService  Running  OK      
Windows Push Notifications System Service                                   0           Auto       LocalSystem                  Running  OK      
Windows Search                                                              0           Auto       LocalSystem                  Running  OK      
Zabbix Agent 2                                                              0           Auto       LocalSystem                  Running  OK      
Google Updater Internal Service (GoogleUpdaterInternalService135.0.7023.0)  0           Auto       LocalSystem                  Stopped  OK      
Google Updater Service (GoogleUpdaterService135.0.7023.0)                   0           Auto       LocalSystem                  Stopped  OK      
CDPUserSvc_70e7ac40                                                         0           Auto                                    Running  OK      
Sync Host_70e7ac40                                                          1077        Auto                                    Stopped  OK      
Caption                                                          ExitCode  StartMode  StartName                    State    Status  
AllJoyn Router Service                                           1077      Manual     NT AUTHORITY\LocalService    Stopped  OK      
Application Layer Gateway Service                                1077      Manual     NT AUTHORITY\LocalService    Stopped  OK      
Application Identity                                             1077      Manual     NT Authority\LocalService    Stopped  OK      
Application Information                                          0         Manual     LocalSystem                  Running  OK      
Application Management                                           0         Manual     LocalSystem                  Running  OK      
App Readiness                                                    1077      Manual     LocalSystem                  Stopped  OK      
AppX Deployment Service (AppXSVC)                                0         Manual     LocalSystem                  Stopped  OK      
Windows Audio Endpoint Builder                                   1077      Manual     LocalSystem                  Stopped  OK      
Windows Audio                                                    1077      Manual     NT AUTHORITY\LocalService    Stopped  OK      
ActiveX Installer (AxInstSV)                                     1077      Manual     LocalSystem                  Stopped  OK      
BitLocker Drive Encryption Service                               1077      Manual     localSystem                  Stopped  OK      
Background Intelligent Transfer Service                          0         Manual     LocalSystem                  Stopped  OK      
Bluetooth Support Service                                        1077      Manual     NT AUTHORITY\LocalService    Stopped  OK      
Certificate Propagation                                          0         Manual     LocalSystem                  Running  OK      
Client License Service (ClipSVC)                                 0         Manual     LocalSystem                  Stopped  OK      
COM+ System Application                                          1077      Manual     LocalSystem                  Stopped  OK      
DataCollectionPublishingService                                  1077      Manual     LocalSystem                  Stopped  OK      
Optimize drives                                                  0         Manual     localSystem                  Stopped  OK      
Device Association Service                                       1077      Manual     LocalSystem                  Stopped  OK      
Device Install Service                                           1077      Manual     LocalSystem                  Stopped  OK      
DevQuery Background Discovery Broker                             1077      Manual     LocalSystem                  Stopped  OK      
Microsoft (R) Diagnostics Hub Standard Collector Service         1077      Manual     LocalSystem                  Stopped  OK      
Device Management Enrollment Service                             1077      Manual     LocalSystem                  Stopped  OK      
dmwappushsvc                                                     1077      Manual     LocalSystem                  Stopped  OK      
Wired AutoConfig                                                 1077      Manual     localSystem                  Stopped  OK      
Device Setup Manager                                             0         Manual     LocalSystem                  Stopped  OK      
Data Sharing Service                                             0         Manual     LocalSystem                  Running  OK      
Extensible Authentication Protocol                               1077      Manual     localSystem                  Stopped  OK      
Encrypting File System (EFS)                                     1077      Manual     LocalSystem                  Stopped  OK      
Embedded Mode                                                    1077      Manual     LocalSystem                  Stopped  OK      
Enterprise App Management Service                                1077      Manual     LocalSystem                  Stopped  OK      
Function Discovery Provider Host                                 0         Manual     NT AUTHORITY\LocalService    Stopped  OK      
Function Discovery Resource Publication                          1077      Manual     NT AUTHORITY\LocalService    Stopped  OK      
Windows Camera Frame Server                                      1077      Manual     NT AUTHORITY\LocalService    Stopped  OK      
Google Chrome Elevation Service (GoogleChromeElevationService)   1077      Manual     LocalSystem                  Stopped  OK      
Human Interface Device Service                                   1077      Manual     LocalSystem                  Stopped  OK      
HV Host Service                                                  1077      Manual     LocalSystem                  Stopped  OK      
Windows Mobile Hotspot Service                                   1077      Manual     NT Authority\LocalService    Stopped  OK      
CNG Key Isolation                                                0         Manual     LocalSystem                  Running  OK      
KDC Proxy Server service (KPS)                                   1077      Manual     NT AUTHORITY\NetworkService  Stopped  OK      
KtmRm for Distributed Transaction Coordinator                    1077      Manual     NT AUTHORITY\NetworkService  Stopped  OK      
Geolocation Service                                              0         Manual     LocalSystem                  Running  OK      
Windows License Manager Service                                  0         Manual     NT Authority\LocalService    Running  OK      
Link-Layer Topology Discovery Mapper                             1077      Manual     NT AUTHORITY\LocalService    Stopped  OK      
TCP/IP NetBIOS Helper                                            0         Manual     NT AUTHORITY\LocalService    Running  OK      
Microsoft Monitoring Agent Azure VM Extension Heartbeat Service  0         Manual     LocalSystem                  Running  OK      
Microsoft iSCSI Initiator Service                                1077      Manual     LocalSystem                  Stopped  OK      
Windows Installer                                                0         Manual     LocalSystem                  Stopped  OK      
Network Connectivity Assistant                                   0         Manual     LocalSystem                  Stopped  OK      
Network Connection Broker                                        0         Manual     LocalSystem                  Running  OK      
Network Connections                                              1077      Manual     LocalSystem                  Stopped  OK      
Network List Service                                             0         Manual     NT AUTHORITY\LocalService    Running  OK      
Network Setup Service                                            0         Manual     LocalSystem                  Stopped  OK      
Microsoft Passport Container                                     1077      Manual     NT AUTHORITY\LocalService    Stopped  OK      
Microsoft Passport                                               1077      Manual     LocalSystem                  Stopped  OK      
Performance Counter DLL Host                                     1077      Manual     NT AUTHORITY\LocalService    Stopped  OK      
Phone Service                                                    1077      Manual     NT Authority\LocalService    Stopped  OK      
Performance Logs & Alerts                                        0         Manual     NT AUTHORITY\LocalService    Running  OK      
Plug and Play                                                    0         Manual     LocalSystem                  Running  OK      
IPsec Policy Agent                                               0         Manual     NT Authority\NetworkService  Running  OK      
Printer Extensions and Notifications                             1077      Manual     LocalSystem                  Stopped  OK      
Quality Windows Audio Video Experience                           1077      Manual     NT AUTHORITY\LocalService    Stopped  OK      
Remote Access Auto Connection Manager                            1077      Manual     localSystem                  Stopped  OK      
Remote Access Connection Manager                                 1077      Manual     localSystem                  Stopped  OK      
Radio Management Service                                         1077      Manual     NT AUTHORITY\LocalService    Stopped  OK      
Remote Procedure Call (RPC) Locator                              1077      Manual     NT AUTHORITY\NetworkService  Stopped  OK      
Resultant Set of Policy Provider                                 1077      Manual     LocalSystem                  Stopped  OK      
Special Administration Console Helper                            0         Manual     LocalSystem                  Running  OK      
Smart Card Device Enumeration Service                            0         Manual     LocalSystem                  Running  OK      
Smart Card Removal Policy                                        1077      Manual     LocalSystem                  Stopped  OK      
Secondary Logon                                                  0         Manual     LocalSystem                  Running  OK      
Sensor Data Service                                              1077      Manual     LocalSystem                  Stopped  OK      
Sensor Service                                                   1077      Manual     LocalSystem                  Stopped  OK      
Sensor Monitoring Service                                        1077      Manual     NT AUTHORITY\LocalService    Stopped  OK      
Remote Desktop Configuration                                     0         Manual     localSystem                  Running  OK      
Internet Connection Sharing (ICS)                                1077      Manual     LocalSystem                  Stopped  OK      
Microsoft Storage Spaces SMP                                     0         Manual     NT AUTHORITY\NetworkService  Stopped  OK      
SNMP Trap                                                        1077      Manual     NT AUTHORITY\LocalService    Stopped  OK      
SSDP Discovery                                                   0         Manual     NT AUTHORITY\LocalService    Running  OK      
Secure Socket Tunneling Protocol Service                         1077      Manual     NT Authority\LocalService    Stopped  OK      
State Repository Service                                         0         Manual     LocalSystem                  Running  OK      
Windows Image Acquisition (WIA)                                  1077      Manual     NT Authority\LocalService    Stopped  OK      
Storage Service                                                  0         Manual     LocalSystem                  Running  OK      
Spot Verifier                                                    1077      Manual     LocalSystem                  Stopped  OK      
Microsoft Software Shadow Copy Provider                          0         Manual     LocalSystem                  Running  OK      
Superfetch                                                       1077      Manual     LocalSystem                  Stopped  OK      
Touch Keyboard and Handwriting Panel Service                     1077      Manual     LocalSystem                  Stopped  OK      
Telephony                                                        1077      Manual     NT AUTHORITY\NetworkService  Stopped  OK      
Remote Desktop Services                                          0         Manual     NT Authority\NetworkService  Running  OK      
Storage Tiers Management                                         1077      Manual     localSystem                  Stopped  OK      
Time Broker                                                      0         Manual     NT AUTHORITY\LocalService    Running  OK      
Windows Modules Installer                                        0         Manual     localSystem                  Running  OK      
Auto Time Zone Updater                                           0         Manual     NT AUTHORITY\LocalService    Stopped  OK      
Interactive Services Detection                                   1077      Manual     LocalSystem                  Stopped  OK      
Remote Desktop Services UserMode Port Redirector                 0         Manual     localSystem                  Running  OK      
UPnP Device Host                                                 1077      Manual     NT AUTHORITY\LocalService    Stopped  OK      
Update Orchestrator Service for Windows Update                   0         Manual     LocalSystem                  Running  OK      
Credential Manager                                               0         Manual     LocalSystem                  Running  OK      
Virtual Disk                                                     0         Manual     LocalSystem                  Running  OK      
Hyper-V Guest Service Interface                                  1077      Manual     LocalSystem                  Stopped  OK      
Hyper-V Heartbeat Service                                        0         Manual     LocalSystem                  Running  OK      
Hyper-V Data Exchange Service                                    0         Manual     LocalSystem                  Running  OK      
Hyper-V Remote Desktop Virtualization Service                    1077      Manual     LocalSystem                  Stopped  OK      
Hyper-V Guest Shutdown Service                                   0         Manual     LocalSystem                  Running  OK      
Hyper-V Time Synchronization Service                             0         Manual     NT AUTHORITY\LocalService    Running  OK      
Hyper-V PowerShell Direct Service                                1077      Manual     LocalSystem                  Stopped  OK      
Hyper-V Volume Shadow Copy Requestor                             1077      Manual     LocalSystem                  Stopped  OK      
Volume Shadow Copy                                               0         Manual     LocalSystem                  Running  OK      
WalletService                                                    1077      Manual     LocalSystem                  Stopped  OK      
Diagnostic Service Host                                          1077      Manual     NT AUTHORITY\LocalService    Stopped  OK      
Diagnostic System Host                                           0         Manual     LocalSystem                  Stopped  OK      
Windows Defender Network Inspection Service                      0         Manual     NT AUTHORITY\LocalService    Running  OK      
Windows Event Collector                                          1077      Manual     NT AUTHORITY\NetworkService  Stopped  OK      
Windows Encryption Provider Host Service                         1077      Manual     NT AUTHORITY\LocalService    Stopped  OK      
Problem Reports and Solutions Control Panel Support              1077      Manual     localSystem                  Stopped  OK      
Windows Error Reporting Service                                  1077      Manual     localSystem                  Stopped  OK      
Still Image Acquisition Events                                   1077      Manual     LocalSystem                  Stopped  OK      
WinHTTP Web Proxy Auto-Discovery Service                         0         Manual     NT AUTHORITY\LocalService    Running  OK      
Windows Insider Service                                          0         Manual     LocalSystem                  Stopped  OK      
Microsoft Account Sign-in Assistant                              0         Manual     LocalSystem                  Stopped  OK      
WMI Performance Adapter                                          0         Manual     localSystem                  Stopped  OK      
Portable Device Enumerator Service                               0         Manual     LocalSystem                  Running  OK      
Windows Update                                                   0         Manual     LocalSystem                  Running  OK      
Windows Driver Foundation - User-mode Driver Framework           0         Manual     LocalSystem                  Running  OK      
Xbox Live Auth Manager                                           1077      Manual     LocalSystem                  Stopped  OK      
Xbox Live Game Save                                              1077      Manual     LocalSystem                  Stopped  OK      
Contact Data_70e7ac40                                            1077      Manual                                  Stopped  OK      
User Data Storage_70e7ac40                                       1077      Manual                                  Stopped  OK      
User Data Access_70e7ac40                                        1077      Manual                                  Stopped  OK      
Windows Push Notifications User Service_70e7ac40                 1077      Manual                                  Stopped  OK      
Caption                                      ExitCode  StartMode  StartName                    State    Status  
Microsoft Monitoring Agent Audit Forwarding  1077      Disabled   NT AUTHORITY\NetworkService  Stopped  OK      
Microsoft App-V Client                       1077      Disabled   LocalSystem                  Stopped  OK      
Offline Files                                1077      Disabled   LocalSystem                  Stopped  OK      
Net.Tcp Port Sharing Service                 1077      Disabled   NT AUTHORITY\LocalService    Stopped  OK      
Routing and Remote Access                    1077      Disabled   localSystem                  Stopped  OK      
Smart Card                                   1077      Disabled   NT AUTHORITY\LocalService    Stopped  OK      
Microsoft Monitoring Agent APM               1077      Disabled   LocalSystem                  Stopped  OK      
User Experience Virtualization Service       1077      Disabled   LocalSystem                  Stopped  OK      

--------------------------------------- Short Names Check ----------------------------------------
 Volume in drive C is Windows
 Volume Serial Number is FEEE-F92D

 Directory of c:\

11/15/2024  08:47 AM    <DIR>                       $Recycle.Bin
12/06/2024  08:24 PM    <DIR>          447013~1     447013764fd1ca9043aeff9401
01/09/2024  11:20 AM    <DIR>                       Apache24
12/04/2023  11:18 AM    <DIR>          ASPIAL~1     AspialSSO
12/10/2024  06:11 PM    <DIR>          ASPIAL~2     AspialSSOPortal
11/21/2016  03:36 PM           389,408              bootmgr
07/16/2016  09:18 PM                 1              BOOTNXT
08/30/2024  09:52 AM    <DIR>          CANON_~1     Canon_ConnectPrinter
12/03/2023  01:25 AM    <JUNCTION>     DOCUME~1     Documents and Settings [C:\Users]
02/13/2025  11:18 PM    <DIR>          MYSQL_~1     mysql_exporter
04/25/2024  03:51 PM    <DIR>                       opt
12/16/2023  01:47 PM    <DIR>                       Packages
12/03/2023  12:00 AM    <DIR>                       PerfLogs
05/17/2024  04:14 PM    <DIR>                       php74
01/22/2024  04:17 PM    <DIR>                       php74Bak
02/13/2025  04:04 PM    <DIR>          PROGRA~1     Program Files
03/11/2025  06:08 AM    <DIR>          PROGRA~2     Program Files (x86)
03/11/2025  05:04 PM    <DIR>          PROGRA~3     ProgramData
12/03/2023  01:25 AM    <DIR>                       Recovery
03/28/2024  10:36 AM             5,329 SSOPOR~1.BAT ssoportallegacysetup-1.3.0_Live_HQ_v1.1.bat
04/16/2024  11:57 AM             5,908 SSOPOR~2.BAT ssoportallegacysetup-1.3.0_Live_HQ_v1.3.bat
02/13/2025  12:17 AM    <DIR>          SYSTEM~1     System Volume Information
02/13/2025  12:17 AM    <DIR>                       Temp
02/18/2025  03:24 PM    <DIR>          UDCACH~1     UDCACHED_LOG_BACKUP
12/10/2024  06:11 PM    <DIR>                       Users
12/06/2024  08:29 PM    <DIR>                       Windows
10/15/2024  07:00 PM    <DIR>          WINDOW~1     WindowsAzure
               4 File(s)        400,646 bytes
              23 Dir(s)  74,018,795,520 bytes free

------------------------------ 100 latest errors in System eventlog ------------------------------
Event[0]:
  Log Name: System
  Source: Microsoft-Windows-DistributedCOM
  Date: 2025-03-11T17:45:38.131
  Event ID: 10016
  Task: N/A
  Level: Error
  Opcode: Info
  Keyword: Classic
  User: S-1-5-18
  User Name: NT AUTHORITY\SYSTEM
  Computer: ASP-OP-DPMKRE1.ASPIAL.com
  Description: 
The application-specific permission settings do not grant Local Activation permission for the COM Server application with CLSID 
{8D8F4F83-3594-4F07-8369-FC3C3CAE4919}
 and APPID 
{F72671A9-012C-4725-9D2F-2A4D32D65169}
 to the user NT AUTHORITY\SYSTEM SID (S-1-5-18) from address LocalHost (Using LRPC) running in the application container Unavailable SID (Unavailable). This security permission can be modified using the Component Services administrative tool.

Event[1]:
  Log Name: System
  Source: Microsoft-Windows-DistributedCOM
  Date: 2025-03-11T01:29:23.565
  Event ID: 10016
  Task: N/A
  Level: Error
  Opcode: Info
  Keyword: Classic
  User: S-1-5-18
  User Name: NT AUTHORITY\SYSTEM
  Computer: ASP-OP-DPMKRE1.ASPIAL.com
  Description: 
The application-specific permission settings do not grant Local Activation permission for the COM Server application with CLSID 
{8D8F4F83-3594-4F07-8369-FC3C3CAE4919}
 and APPID 
{F72671A9-012C-4725-9D2F-2A4D32D65169}
 to the user NT AUTHORITY\SYSTEM SID (S-1-5-18) from address LocalHost (Using LRPC) running in the application container Unavailable SID (Unavailable). This security permission can be modified using the Component Services administrative tool.

Event[2]:
  Log Name: System
  Source: Microsoft-Windows-DistributedCOM
  Date: 2025-03-11T00:24:16.327
  Event ID: 10016
  Task: N/A
  Level: Error
  Opcode: Info
  Keyword: Classic
  User: S-1-5-18
  User Name: NT AUTHORITY\SYSTEM
  Computer: ASP-OP-DPMKRE1.ASPIAL.com
  Description: 
The application-specific permission settings do not grant Local Activation permission for the COM Server application with CLSID 
{8D8F4F83-3594-4F07-8369-FC3C3CAE4919}
 and APPID 
{F72671A9-012C-4725-9D2F-2A4D32D65169}
 to the user NT AUTHORITY\SYSTEM SID (S-1-5-18) from address LocalHost (Using LRPC) running in the application container Unavailable SID (Unavailable). This security permission can be modified using the Component Services administrative tool.

Event[3]:
  Log Name: System
  Source: Microsoft-Windows-DistributedCOM
  Date: 2025-03-10T19:11:56.596
  Event ID: 10016
  Task: N/A
  Level: Error
  Opcode: Info
  Keyword: Classic
  User: S-1-5-18
  User Name: NT AUTHORITY\SYSTEM
  Computer: ASP-OP-DPMKRE1.ASPIAL.com
  Description: 
The application-specific permission settings do not grant Local Activation permission for the COM Server application with CLSID 
{8D8F4F83-3594-4F07-8369-FC3C3CAE4919}
 and APPID 
{F72671A9-012C-4725-9D2F-2A4D32D65169}
 to the user NT AUTHORITY\SYSTEM SID (S-1-5-18) from address LocalHost (Using LRPC) running in the application container Unavailable SID (Unavailable). This security permission can be modified using the Component Services administrative tool.

Event[4]:
  Log Name: System
  Source: Microsoft-Windows-DistributedCOM
  Date: 2025-03-10T14:54:23.203
  Event ID: 10016
  Task: N/A
  Level: Error
  Opcode: Info
  Keyword: Classic
  User: S-1-5-18
  User Name: NT AUTHORITY\SYSTEM
  Computer: ASP-OP-DPMKRE1.ASPIAL.com
  Description: 
The application-specific permission settings do not grant Local Activation permission for the COM Server application with CLSID 
{8D8F4F83-3594-4F07-8369-FC3C3CAE4919}
 and APPID 
{F72671A9-012C-4725-9D2F-2A4D32D65169}
 to the user NT AUTHORITY\SYSTEM SID (S-1-5-18) from address LocalHost (Using LRPC) running in the application container Unavailable SID (Unavailable). This security permission can be modified using the Component Services administrative tool.

Event[5]:
  Log Name: System
  Source: Microsoft-Windows-DistributedCOM
  Date: 2025-03-06T15:41:29.705
  Event ID: 10016
  Task: N/A
  Level: Error
  Opcode: Info
  Keyword: Classic
  User: S-1-5-18
  User Name: NT AUTHORITY\SYSTEM
  Computer: ASP-OP-DPMKRE1.ASPIAL.com
  Description: 
The application-specific permission settings do not grant Local Activation permission for the COM Server application with CLSID 
{8D8F4F83-3594-4F07-8369-FC3C3CAE4919}
 and APPID 
{F72671A9-012C-4725-9D2F-2A4D32D65169}
 to the user NT AUTHORITY\SYSTEM SID (S-1-5-18) from address LocalHost (Using LRPC) running in the application container Unavailable SID (Unavailable). This security permission can be modified using the Component Services administrative tool.

Event[6]:
  Log Name: System
  Source: Microsoft-Windows-DistributedCOM
  Date: 2025-03-04T19:53:04.785
  Event ID: 10016
  Task: N/A
  Level: Error
  Opcode: Info
  Keyword: Classic
  User: S-1-5-18
  User Name: NT AUTHORITY\SYSTEM
  Computer: ASP-OP-DPMKRE1.ASPIAL.com
  Description: 
The application-specific permission settings do not grant Local Activation permission for the COM Server application with CLSID 
{8D8F4F83-3594-4F07-8369-FC3C3CAE4919}
 and APPID 
{F72671A9-012C-4725-9D2F-2A4D32D65169}
 to the user NT AUTHORITY\SYSTEM SID (S-1-5-18) from address LocalHost (Using LRPC) running in the application container Unavailable SID (Unavailable). This security permission can be modified using the Component Services administrative tool.

Event[7]:
  Log Name: System
  Source: Schannel
  Date: 2025-03-03T15:27:44.806
  Event ID: 36871
  Task: N/A
  Level: Error
  Opcode: Info
  Keyword: N/A
  User: S-1-5-18
  User Name: NT AUTHORITY\SYSTEM
  Computer: ASP-OP-DPMKRE1.ASPIAL.com
  Description: 
A fatal error occurred while creating a TLS client credential. The internal error state is 10013.

Event[8]:
  Log Name: System
  Source: Microsoft-Windows-DistributedCOM
  Date: 2025-02-26T11:48:09.723
  Event ID: 10016
  Task: N/A
  Level: Error
  Opcode: Info
  Keyword: Classic
  User: S-1-5-18
  User Name: NT AUTHORITY\SYSTEM
  Computer: ASP-OP-DPMKRE1.ASPIAL.com
  Description: 
The application-specific permission settings do not grant Local Activation permission for the COM Server application with CLSID 
{8D8F4F83-3594-4F07-8369-FC3C3CAE4919}
 and APPID 
{F72671A9-012C-4725-9D2F-2A4D32D65169}
 to the user NT AUTHORITY\SYSTEM SID (S-1-5-18) from address LocalHost (Using LRPC) running in the application container Unavailable SID (Unavailable). This security permission can be modified using the Component Services administrative tool.

Event[9]:
  Log Name: System
  Source: Microsoft-Windows-DistributedCOM
  Date: 2025-02-26T11:08:59.472
  Event ID: 10016
  Task: N/A
  Level: Error
  Opcode: Info
  Keyword: Classic
  User: S-1-5-18
  User Name: NT AUTHORITY\SYSTEM
  Computer: ASP-OP-DPMKRE1.ASPIAL.com
  Description: 
The application-specific permission settings do not grant Local Activation permission for the COM Server application with CLSID 
{8D8F4F83-3594-4F07-8369-FC3C3CAE4919}
 and APPID 
{F72671A9-012C-4725-9D2F-2A4D32D65169}
 to the user NT AUTHORITY\SYSTEM SID (S-1-5-18) from address LocalHost (Using LRPC) running in the application container Unavailable SID (Unavailable). This security permission can be modified using the Component Services administrative tool.

Event[10]:
  Log Name: System
  Source: NETLOGON
  Date: 2025-02-25T23:14:05.700
  Event ID: 5719
  Task: N/A
  Level: Error
  Opcode: Info
  Keyword: Classic
  User: N/A
  User Name: N/A
  Computer: ASP-OP-DPMKRE1.ASPIAL.com
  Description: 
This computer was not able to set up a secure session with a domain controller in domain ASPIAL due to the following: 
There are currently no logon servers available to service the logon request. 
This may lead to authentication problems. Make sure that this computer is connected to the network. If the problem persists, please contact your domain administrator.  

ADDITIONAL INFO 
If this computer is a domain controller for the specified domain, it sets up the secure session to the primary domain controller emulator in the specified domain. Otherwise, this computer sets up the secure session to any domain controller in the specified domain.

Event[11]:
  Log Name: System
  Source: Microsoft-Windows-DistributedCOM
  Date: 2025-02-25T13:54:05.041
  Event ID: 10016
  Task: N/A
  Level: Error
  Opcode: Info
  Keyword: Classic
  User: S-1-5-18
  User Name: NT AUTHORITY\SYSTEM
  Computer: ASP-OP-DPMKRE1.ASPIAL.com
  Description: 
The application-specific permission settings do not grant Local Activation permission for the COM Server application with CLSID 
{8D8F4F83-3594-4F07-8369-FC3C3CAE4919}
 and APPID 
{F72671A9-012C-4725-9D2F-2A4D32D65169}
 to the user NT AUTHORITY\SYSTEM SID (S-1-5-18) from address LocalHost (Using LRPC) running in the application container Unavailable SID (Unavailable). This security permission can be modified using the Component Services administrative tool.

