Event[68]:
  Log Name: System
  Source: Microsoft-Windows-DistributedCOM
  Date: 2025-03-11T11:06:00.636
  Event ID: 10016
  Task: N/A
  Level: Error
  Opcode: Info
  Keyword: Classic
  User: S-1-5-21-448539723-879983540-682003330-24134
  User Name: ASPIAL\punitha_siddarth.tw
  Computer: ASP-OP-UPMKR3.ASPIAL.com
  Description: 
The application-specific permission settings do not grant Local Activation permission for the COM Server application with CLSID 
{D63B10C5-BB46-4990-A94F-E40B9D520160}
 and APPID 
{9CA88EE3-ACB7-47C8-AFC4-AB702511C276}
 to the user ASPIAL\punitha_siddarth.tw SID (S-1-5-21-448539723-879983540-682003330-24134) from address LocalHost (Using LRPC) running in the application container Unavailable SID (Unavailable). This security permission can be modified using the Component Services administrative tool.

Event[69]:
  Log Name: System
  Source: Microsoft-Windows-DistributedCOM
  Date: 2025-03-11T11:05:50.731
  Event ID: 10016
  Task: N/A
  Level: Error
  Opcode: Info
  Keyword: Classic
  User: S-1-5-21-448539723-879983540-682003330-24134
  User Name: ASPIAL\punitha_siddarth.tw
  Computer: ASP-OP-UPMKR3.ASPIAL.com
  Description: 
The application-specific permission settings do not grant Local Activation permission for the COM Server application with CLSID 
{D63B10C5-BB46-4990-A94F-E40B9D520160}
 and APPID 
{9CA88EE3-ACB7-47C8-AFC4-AB702511C276}
 to the user ASPIAL\punitha_siddarth.tw SID (S-1-5-21-448539723-879983540-682003330-24134) from address LocalHost (Using LRPC) running in the application container Unavailable SID (Unavailable). This security permission can be modified using the Component Services administrative tool.

Event[70]:
  Log Name: System
  Source: Microsoft-Windows-DistributedCOM
  Date: 2025-03-11T11:05:50.731
  Event ID: 10016
  Task: N/A
  Level: Error
  Opcode: Info
  Keyword: Classic
  User: S-1-5-21-448539723-879983540-682003330-24134
  User Name: ASPIAL\punitha_siddarth.tw
  Computer: ASP-OP-UPMKR3.ASPIAL.com
  Description: 
The application-specific permission settings do not grant Local Activation permission for the COM Server application with CLSID 
{D63B10C5-BB46-4990-A94F-E40B9D520160}
 and APPID 
{9CA88EE3-ACB7-47C8-AFC4-AB702511C276}
 to the user ASPIAL\punitha_siddarth.tw SID (S-1-5-21-448539723-879983540-682003330-24134) from address LocalHost (Using LRPC) running in the application container Unavailable SID (Unavailable). This security permission can be modified using the Component Services administrative tool.

Event[71]:
  Log Name: System
  Source: Microsoft-Windows-DistributedCOM
  Date: 2025-03-11T11:05:40.740
  Event ID: 10016
  Task: N/A
  Level: Error
  Opcode: Info
  Keyword: Classic
  User: S-1-5-21-448539723-879983540-682003330-24134
  User Name: ASPIAL\punitha_siddarth.tw
  Computer: ASP-OP-UPMKR3.ASPIAL.com
  Description: 
The application-specific permission settings do not grant Local Activation permission for the COM Server application with CLSID 
{D63B10C5-BB46-4990-A94F-E40B9D520160}
 and APPID 
{9CA88EE3-ACB7-47C8-AFC4-AB702511C276}
 to the user ASPIAL\punitha_siddarth.tw SID (S-1-5-21-448539723-879983540-682003330-24134) from address LocalHost (Using LRPC) running in the application container Unavailable SID (Unavailable). This security permission can be modified using the Component Services administrative tool.

Event[72]:
  Log Name: System
  Source: Microsoft-Windows-DistributedCOM
  Date: 2025-03-11T11:05:40.599
  Event ID: 10016
  Task: N/A
  Level: Error
  Opcode: Info
  Keyword: Classic
  User: S-1-5-21-448539723-879983540-682003330-24134
  User Name: ASPIAL\punitha_siddarth.tw
  Computer: ASP-OP-UPMKR3.ASPIAL.com
  Description: 
The application-specific permission settings do not grant Local Activation permission for the COM Server application with CLSID 
{D63B10C5-BB46-4990-A94F-E40B9D520160}
 and APPID 
{9CA88EE3-ACB7-47C8-AFC4-AB702511C276}
 to the user ASPIAL\punitha_siddarth.tw SID (S-1-5-21-448539723-879983540-682003330-24134) from address LocalHost (Using LRPC) running in the application container Unavailable SID (Unavailable). This security permission can be modified using the Component Services administrative tool.

Event[73]:
  Log Name: System
  Source: Microsoft-Windows-DistributedCOM
  Date: 2025-03-11T11:05:31.505
  Event ID: 10016
  Task: N/A
  Level: Error
  Opcode: Info
  Keyword: Classic
  User: S-1-5-21-448539723-879983540-682003330-24134
  User Name: ASPIAL\punitha_siddarth.tw
  Computer: ASP-OP-UPMKR3.ASPIAL.com
  Description: 
The application-specific permission settings do not grant Local Activation permission for the COM Server application with CLSID 
{D63B10C5-BB46-4990-A94F-E40B9D520160}
 and APPID 
{9CA88EE3-ACB7-47C8-AFC4-AB702511C276}
 to the user ASPIAL\punitha_siddarth.tw SID (S-1-5-21-448539723-879983540-682003330-24134) from address LocalHost (Using LRPC) running in the application container Unavailable SID (Unavailable). This security permission can be modified using the Component Services administrative tool.

Event[74]:
  Log Name: System
  Source: Microsoft-Windows-DistributedCOM
  Date: 2025-03-11T11:05:30.653
  Event ID: 10016
  Task: N/A
  Level: Error
  Opcode: Info
  Keyword: Classic
  User: S-1-5-21-448539723-879983540-682003330-24134
  User Name: ASPIAL\punitha_siddarth.tw
  Computer: ASP-OP-UPMKR3.ASPIAL.com
  Description: 
The application-specific permission settings do not grant Local Activation permission for the COM Server application with CLSID 
{D63B10C5-BB46-4990-A94F-E40B9D520160}
 and APPID 
{9CA88EE3-ACB7-47C8-AFC4-AB702511C276}
 to the user ASPIAL\punitha_siddarth.tw SID (S-1-5-21-448539723-879983540-682003330-24134) from address LocalHost (Using LRPC) running in the application container Unavailable SID (Unavailable). This security permission can be modified using the Component Services administrative tool.

Event[75]:
  Log Name: System
  Source: Microsoft-Windows-DistributedCOM
  Date: 2025-03-11T11:05:30.528
  Event ID: 10016
  Task: N/A
  Level: Error
  Opcode: Info
  Keyword: Classic
  User: S-1-5-21-448539723-879983540-682003330-24134
  User Name: ASPIAL\punitha_siddarth.tw
  Computer: ASP-OP-UPMKR3.ASPIAL.com
  Description: 
The application-specific permission settings do not grant Local Activation permission for the COM Server application with CLSID 
{D63B10C5-BB46-4990-A94F-E40B9D520160}
 and APPID 
{9CA88EE3-ACB7-47C8-AFC4-AB702511C276}
 to the user ASPIAL\punitha_siddarth.tw SID (S-1-5-21-448539723-879983540-682003330-24134) from address LocalHost (Using LRPC) running in the application container Unavailable SID (Unavailable). This security permission can be modified using the Component Services administrative tool.

Event[76]:
  Log Name: System
  Source: Microsoft-Windows-DistributedCOM
  Date: 2025-03-11T11:05:20.815
  Event ID: 10016
  Task: N/A
  Level: Error
  Opcode: Info
  Keyword: Classic
  User: S-1-5-21-448539723-879983540-682003330-24134
  User Name: ASPIAL\punitha_siddarth.tw
  Computer: ASP-OP-UPMKR3.ASPIAL.com
  Description: 
The application-specific permission settings do not grant Local Activation permission for the COM Server application with CLSID 
{D63B10C5-BB46-4990-A94F-E40B9D520160}
 and APPID 
{9CA88EE3-ACB7-47C8-AFC4-AB702511C276}
 to the user ASPIAL\punitha_siddarth.tw SID (S-1-5-21-448539723-879983540-682003330-24134) from address LocalHost (Using LRPC) running in the application container Unavailable SID (Unavailable). This security permission can be modified using the Component Services administrative tool.

Event[77]:
  Log Name: System
  Source: Microsoft-Windows-DistributedCOM
  Date: 2025-03-11T11:05:20.658
  Event ID: 10016
  Task: N/A
  Level: Error
  Opcode: Info
  Keyword: Classic
  User: S-1-5-21-448539723-879983540-682003330-24134
  User Name: ASPIAL\punitha_siddarth.tw
  Computer: ASP-OP-UPMKR3.ASPIAL.com
  Description: 
The application-specific permission settings do not grant Local Activation permission for the COM Server application with CLSID 
{D63B10C5-BB46-4990-A94F-E40B9D520160}
 and APPID 
{9CA88EE3-ACB7-47C8-AFC4-AB702511C276}
 to the user ASPIAL\punitha_siddarth.tw SID (S-1-5-21-448539723-879983540-682003330-24134) from address LocalHost (Using LRPC) running in the application container Unavailable SID (Unavailable). This security permission can be modified using the Component Services administrative tool.

Event[78]:
  Log Name: System
  Source: Microsoft-Windows-DistributedCOM
  Date: 2025-03-11T11:05:11.603
  Event ID: 10016
  Task: N/A
  Level: Error
  Opcode: Info
  Keyword: Classic
  User: S-1-5-21-448539723-879983540-682003330-24134
  User Name: ASPIAL\punitha_siddarth.tw
  Computer: ASP-OP-UPMKR3.ASPIAL.com
  Description: 
The application-specific permission settings do not grant Local Activation permission for the COM Server application with CLSID 
{D63B10C5-BB46-4990-A94F-E40B9D520160}
 and APPID 
{9CA88EE3-ACB7-47C8-AFC4-AB702511C276}
 to the user ASPIAL\punitha_siddarth.tw SID (S-1-5-21-448539723-879983540-682003330-24134) from address LocalHost (Using LRPC) running in the application container Unavailable SID (Unavailable). This security permission can be modified using the Component Services administrative tool.

Event[79]:
  Log Name: System
  Source: Microsoft-Windows-DistributedCOM
  Date: 2025-03-11T11:05:10.703
  Event ID: 10016
  Task: N/A
  Level: Error
  Opcode: Info
  Keyword: Classic
  User: S-1-5-21-448539723-879983540-682003330-24134
  User Name: ASPIAL\punitha_siddarth.tw
  Computer: ASP-OP-UPMKR3.ASPIAL.com
  Description: 
The application-specific permission settings do not grant Local Activation permission for the COM Server application with CLSID 
{D63B10C5-BB46-4990-A94F-E40B9D520160}
 and APPID 
{9CA88EE3-ACB7-47C8-AFC4-AB702511C276}
 to the user ASPIAL\punitha_siddarth.tw SID (S-1-5-21-448539723-879983540-682003330-24134) from address LocalHost (Using LRPC) running in the application container Unavailable SID (Unavailable). This security permission can be modified using the Component Services administrative tool.

Event[80]:
  Log Name: System
  Source: Microsoft-Windows-DistributedCOM
  Date: 2025-03-11T11:05:10.688
  Event ID: 10016
  Task: N/A
  Level: Error
  Opcode: Info
  Keyword: Classic
  User: S-1-5-21-448539723-879983540-682003330-24134
  User Name: ASPIAL\punitha_siddarth.tw
  Computer: ASP-OP-UPMKR3.ASPIAL.com
  Description: 
The application-specific permission settings do not grant Local Activation permission for the COM Server application with CLSID 
{D63B10C5-BB46-4990-A94F-E40B9D520160}
 and APPID 
{9CA88EE3-ACB7-47C8-AFC4-AB702511C276}
 to the user ASPIAL\punitha_siddarth.tw SID (S-1-5-21-448539723-879983540-682003330-24134) from address LocalHost (Using LRPC) running in the application container Unavailable SID (Unavailable). This security permission can be modified using the Component Services administrative tool.

Event[81]:
  Log Name: System
  Source: Microsoft-Windows-DistributedCOM
  Date: 2025-03-11T11:05:01.512
  Event ID: 10016
  Task: N/A
  Level: Error
  Opcode: Info
  Keyword: Classic
  User: S-1-5-21-448539723-879983540-682003330-24134
  User Name: ASPIAL\punitha_siddarth.tw
  Computer: ASP-OP-UPMKR3.ASPIAL.com
  Description: 
The application-specific permission settings do not grant Local Activation permission for the COM Server application with CLSID 
{D63B10C5-BB46-4990-A94F-E40B9D520160}
 and APPID 
{9CA88EE3-ACB7-47C8-AFC4-AB702511C276}
 to the user ASPIAL\punitha_siddarth.tw SID (S-1-5-21-448539723-879983540-682003330-24134) from address LocalHost (Using LRPC) running in the application container Unavailable SID (Unavailable). This security permission can be modified using the Component Services administrative tool.

Event[82]:
  Log Name: System
  Source: Microsoft-Windows-DistributedCOM
  Date: 2025-03-11T11:05:00.661
  Event ID: 10016
  Task: N/A
  Level: Error
  Opcode: Info
  Keyword: Classic
  User: S-1-5-21-448539723-879983540-682003330-24134
  User Name: ASPIAL\punitha_siddarth.tw
  Computer: ASP-OP-UPMKR3.ASPIAL.com
  Description: 
The application-specific permission settings do not grant Local Activation permission for the COM Server application with CLSID 
{D63B10C5-BB46-4990-A94F-E40B9D520160}
 and APPID 
{9CA88EE3-ACB7-47C8-AFC4-AB702511C276}
 to the user ASPIAL\punitha_siddarth.tw SID (S-1-5-21-448539723-879983540-682003330-24134) from address LocalHost (Using LRPC) running in the application container Unavailable SID (Unavailable). This security permission can be modified using the Component Services administrative tool.

Event[83]:
  Log Name: System
  Source: Microsoft-Windows-DistributedCOM
  Date: 2025-03-11T11:05:00.629
  Event ID: 10016
  Task: N/A
  Level: Error
  Opcode: Info
  Keyword: Classic
  User: S-1-5-21-448539723-879983540-682003330-24134
  User Name: ASPIAL\punitha_siddarth.tw
  Computer: ASP-OP-UPMKR3.ASPIAL.com
  Description: 
The application-specific permission settings do not grant Local Activation permission for the COM Server application with CLSID 
{D63B10C5-BB46-4990-A94F-E40B9D520160}
 and APPID 
{9CA88EE3-ACB7-47C8-AFC4-AB702511C276}
 to the user ASPIAL\punitha_siddarth.tw SID (S-1-5-21-448539723-879983540-682003330-24134) from address LocalHost (Using LRPC) running in the application container Unavailable SID (Unavailable). This security permission can be modified using the Component Services administrative tool.

Event[84]:
  Log Name: System
  Source: Microsoft-Windows-DistributedCOM
  Date: 2025-03-11T11:04:50.716
  Event ID: 10016
  Task: N/A
  Level: Error
  Opcode: Info
  Keyword: Classic
  User: S-1-5-21-448539723-879983540-682003330-24134
  User Name: ASPIAL\punitha_siddarth.tw
  Computer: ASP-OP-UPMKR3.ASPIAL.com
  Description: 
The application-specific permission settings do not grant Local Activation permission for the COM Server application with CLSID 
{D63B10C5-BB46-4990-A94F-E40B9D520160}
 and APPID 
{9CA88EE3-ACB7-47C8-AFC4-AB702511C276}
 to the user ASPIAL\punitha_siddarth.tw SID (S-1-5-21-448539723-879983540-682003330-24134) from address LocalHost (Using LRPC) running in the application container Unavailable SID (Unavailable). This security permission can be modified using the Component Services administrative tool.

Event[85]:
  Log Name: System
  Source: Microsoft-Windows-DistributedCOM
  Date: 2025-03-11T11:04:50.716
  Event ID: 10016
  Task: N/A
  Level: Error
  Opcode: Info
  Keyword: Classic
  User: S-1-5-21-448539723-879983540-682003330-24134
  User Name: ASPIAL\punitha_siddarth.tw
  Computer: ASP-OP-UPMKR3.ASPIAL.com
  Description: 
The application-specific permission settings do not grant Local Activation permission for the COM Server application with CLSID 
{D63B10C5-BB46-4990-A94F-E40B9D520160}
 and APPID 
{9CA88EE3-ACB7-47C8-AFC4-AB702511C276}
 to the user ASPIAL\punitha_siddarth.tw SID (S-1-5-21-448539723-879983540-682003330-24134) from address LocalHost (Using LRPC) running in the application container Unavailable SID (Unavailable). This security permission can be modified using the Component Services administrative tool.

Event[86]:
  Log Name: System
  Source: Microsoft-Windows-DistributedCOM
  Date: 2025-03-11T11:04:40.734
  Event ID: 10016
  Task: N/A
  Level: Error
  Opcode: Info
  Keyword: Classic
  User: S-1-5-21-448539723-879983540-682003330-24134
  User Name: ASPIAL\punitha_siddarth.tw
  Computer: ASP-OP-UPMKR3.ASPIAL.com
  Description: 
The application-specific permission settings do not grant Local Activation permission for the COM Server application with CLSID 
{D63B10C5-BB46-4990-A94F-E40B9D520160}
 and APPID 
{9CA88EE3-ACB7-47C8-AFC4-AB702511C276}
 to the user ASPIAL\punitha_siddarth.tw SID (S-1-5-21-448539723-879983540-682003330-24134) from address LocalHost (Using LRPC) running in the application container Unavailable SID (Unavailable). This security permission can be modified using the Component Services administrative tool.

Event[87]:
  Log Name: System
  Source: Microsoft-Windows-DistributedCOM
  Date: 2025-03-11T11:04:40.593
  Event ID: 10016
  Task: N/A
  Level: Error
  Opcode: Info
  Keyword: Classic
  User: S-1-5-21-448539723-879983540-682003330-24134
  User Name: ASPIAL\punitha_siddarth.tw
  Computer: ASP-OP-UPMKR3.ASPIAL.com
  Description: 
The application-specific permission settings do not grant Local Activation permission for the COM Server application with CLSID 
{D63B10C5-BB46-4990-A94F-E40B9D520160}
 and APPID 
{9CA88EE3-ACB7-47C8-AFC4-AB702511C276}
 to the user ASPIAL\punitha_siddarth.tw SID (S-1-5-21-448539723-879983540-682003330-24134) from address LocalHost (Using LRPC) running in the application container Unavailable SID (Unavailable). This security permission can be modified using the Component Services administrative tool.

Event[88]:
  Log Name: System
  Source: Microsoft-Windows-DistributedCOM
  Date: 2025-03-11T11:04:31.508
  Event ID: 10016
  Task: N/A
  Level: Error
  Opcode: Info
  Keyword: Classic
  User: S-1-5-21-448539723-879983540-682003330-24134
  User Name: ASPIAL\punitha_siddarth.tw
  Computer: ASP-OP-UPMKR3.ASPIAL.com
  Description: 
The application-specific permission settings do not grant Local Activation permission for the COM Server application with CLSID 
{D63B10C5-BB46-4990-A94F-E40B9D520160}
 and APPID 
{9CA88EE3-ACB7-47C8-AFC4-AB702511C276}
 to the user ASPIAL\punitha_siddarth.tw SID (S-1-5-21-448539723-879983540-682003330-24134) from address LocalHost (Using LRPC) running in the application container Unavailable SID (Unavailable). This security permission can be modified using the Component Services administrative tool.

Event[89]:
  Log Name: System
  Source: Microsoft-Windows-DistributedCOM
  Date: 2025-03-11T11:04:30.642
  Event ID: 10016
  Task: N/A
  Level: Error
  Opcode: Info
  Keyword: Classic
  User: S-1-5-21-448539723-879983540-682003330-24134
  User Name: ASPIAL\punitha_siddarth.tw
  Computer: ASP-OP-UPMKR3.ASPIAL.com
  Description: 
The application-specific permission settings do not grant Local Activation permission for the COM Server application with CLSID 
{D63B10C5-BB46-4990-A94F-E40B9D520160}
 and APPID 
{9CA88EE3-ACB7-47C8-AFC4-AB702511C276}
 to the user ASPIAL\punitha_siddarth.tw SID (S-1-5-21-448539723-879983540-682003330-24134) from address LocalHost (Using LRPC) running in the application container Unavailable SID (Unavailable). This security permission can be modified using the Component Services administrative tool.

Event[90]:
  Log Name: System
  Source: Microsoft-Windows-DistributedCOM
  Date: 2025-03-11T11:04:30.517
  Event ID: 10016
  Task: N/A
  Level: Error
  Opcode: Info
  Keyword: Classic
  User: S-1-5-21-448539723-879983540-682003330-24134
  User Name: ASPIAL\punitha_siddarth.tw
  Computer: ASP-OP-UPMKR3.ASPIAL.com
  Description: 
The application-specific permission settings do not grant Local Activation permission for the COM Server application with CLSID 
{D63B10C5-BB46-4990-A94F-E40B9D520160}
 and APPID 
{9CA88EE3-ACB7-47C8-AFC4-AB702511C276}
 to the user ASPIAL\punitha_siddarth.tw SID (S-1-5-21-448539723-879983540-682003330-24134) from address LocalHost (Using LRPC) running in the application container Unavailable SID (Unavailable). This security permission can be modified using the Component Services administrative tool.

Event[91]:
  Log Name: System
  Source: Microsoft-Windows-DistributedCOM
  Date: 2025-03-11T11:04:20.803
  Event ID: 10016
  Task: N/A
  Level: Error
  Opcode: Info
  Keyword: Classic
  User: S-1-5-21-448539723-879983540-682003330-24134
  User Name: ASPIAL\punitha_siddarth.tw
  Computer: ASP-OP-UPMKR3.ASPIAL.com
  Description: 
The application-specific permission settings do not grant Local Activation permission for the COM Server application with CLSID 
{D63B10C5-BB46-4990-A94F-E40B9D520160}
 and APPID 
{9CA88EE3-ACB7-47C8-AFC4-AB702511C276}
 to the user ASPIAL\punitha_siddarth.tw SID (S-1-5-21-448539723-879983540-682003330-24134) from address LocalHost (Using LRPC) running in the application container Unavailable SID (Unavailable). This security permission can be modified using the Component Services administrative tool.

Event[92]:
  Log Name: System
  Source: Microsoft-Windows-DistributedCOM
  Date: 2025-03-11T11:04:20.646
  Event ID: 10016
  Task: N/A
  Level: Error
  Opcode: Info
  Keyword: Classic
  User: S-1-5-21-448539723-879983540-682003330-24134
  User Name: ASPIAL\punitha_siddarth.tw
  Computer: ASP-OP-UPMKR3.ASPIAL.com
  Description: 
The application-specific permission settings do not grant Local Activation permission for the COM Server application with CLSID 
{D63B10C5-BB46-4990-A94F-E40B9D520160}
 and APPID 
{9CA88EE3-ACB7-47C8-AFC4-AB702511C276}
 to the user ASPIAL\punitha_siddarth.tw SID (S-1-5-21-448539723-879983540-682003330-24134) from address LocalHost (Using LRPC) running in the application container Unavailable SID (Unavailable). This security permission can be modified using the Component Services administrative tool.

Event[93]:
  Log Name: System
  Source: Microsoft-Windows-DistributedCOM
  Date: 2025-03-11T11:04:15.576
  Event ID: 10016
  Task: N/A
  Level: Error
  Opcode: Info
  Keyword: Classic
  User: S-1-5-21-448539723-879983540-682003330-21520
  User Name: ASPIAL\rfid_admin
  Computer: ASP-OP-UPMKR3.ASPIAL.com
  Description: 
The application-specific permission settings do not grant Local Activation permission for the COM Server application with CLSID 
{D63B10C5-BB46-4990-A94F-E40B9D520160}
 and APPID 
{9CA88EE3-ACB7-47C8-AFC4-AB702511C276}
 to the user ASPIAL\rfid_admin SID (S-1-5-21-448539723-879983540-682003330-21520) from address LocalHost (Using LRPC) running in the application container Unavailable SID (Unavailable). This security permission can be modified using the Component Services administrative tool.

Event[94]:
  Log Name: System
  Source: Microsoft-Windows-DistributedCOM
  Date: 2025-03-11T11:04:11.600
  Event ID: 10016
  Task: N/A
  Level: Error
  Opcode: Info
  Keyword: Classic
  User: S-1-5-21-448539723-879983540-682003330-24134
  User Name: ASPIAL\punitha_siddarth.tw
  Computer: ASP-OP-UPMKR3.ASPIAL.com
  Description: 
The application-specific permission settings do not grant Local Activation permission for the COM Server application with CLSID 
{D63B10C5-BB46-4990-A94F-E40B9D520160}
 and APPID 
{9CA88EE3-ACB7-47C8-AFC4-AB702511C276}
 to the user ASPIAL\punitha_siddarth.tw SID (S-1-5-21-448539723-879983540-682003330-24134) from address LocalHost (Using LRPC) running in the application container Unavailable SID (Unavailable). This security permission can be modified using the Component Services administrative tool.

Event[95]:
  Log Name: System
  Source: Microsoft-Windows-DistributedCOM
  Date: 2025-03-11T11:04:10.674
  Event ID: 10016
  Task: N/A
  Level: Error
  Opcode: Info
  Keyword: Classic
  User: S-1-5-21-448539723-879983540-682003330-24134
  User Name: ASPIAL\punitha_siddarth.tw
  Computer: ASP-OP-UPMKR3.ASPIAL.com
  Description: 
The application-specific permission settings do not grant Local Activation permission for the COM Server application with CLSID 
{D63B10C5-BB46-4990-A94F-E40B9D520160}
 and APPID 
{9CA88EE3-ACB7-47C8-AFC4-AB702511C276}
 to the user ASPIAL\punitha_siddarth.tw SID (S-1-5-21-448539723-879983540-682003330-24134) from address LocalHost (Using LRPC) running in the application container Unavailable SID (Unavailable). This security permission can be modified using the Component Services administrative tool.

Event[96]:
  Log Name: System
  Source: Microsoft-Windows-DistributedCOM
  Date: 2025-03-11T11:04:10.674
  Event ID: 10016
  Task: N/A
  Level: Error
  Opcode: Info
  Keyword: Classic
  User: S-1-5-21-448539723-879983540-682003330-24134
  User Name: ASPIAL\punitha_siddarth.tw
  Computer: ASP-OP-UPMKR3.ASPIAL.com
  Description: 
The application-specific permission settings do not grant Local Activation permission for the COM Server application with CLSID 
{D63B10C5-BB46-4990-A94F-E40B9D520160}
 and APPID 
{9CA88EE3-ACB7-47C8-AFC4-AB702511C276}
 to the user ASPIAL\punitha_siddarth.tw SID (S-1-5-21-448539723-879983540-682003330-24134) from address LocalHost (Using LRPC) running in the application container Unavailable SID (Unavailable). This security permission can be modified using the Component Services administrative tool.

Event[97]:
  Log Name: System
  Source: Microsoft-Windows-DistributedCOM
  Date: 2025-03-11T11:04:01.504
  Event ID: 10016
  Task: N/A
  Level: Error
  Opcode: Info
  Keyword: Classic
  User: S-1-5-21-448539723-879983540-682003330-24134
  User Name: ASPIAL\punitha_siddarth.tw
  Computer: ASP-OP-UPMKR3.ASPIAL.com
  Description: 
The application-specific permission settings do not grant Local Activation permission for the COM Server application with CLSID 
{D63B10C5-BB46-4990-A94F-E40B9D520160}
 and APPID 
{9CA88EE3-ACB7-47C8-AFC4-AB702511C276}
 to the user ASPIAL\punitha_siddarth.tw SID (S-1-5-21-448539723-879983540-682003330-24134) from address LocalHost (Using LRPC) running in the application container Unavailable SID (Unavailable). This security permission can be modified using the Component Services administrative tool.

Event[98]:
  Log Name: System
  Source: Microsoft-Windows-DistributedCOM
  Date: 2025-03-11T11:04:00.666
  Event ID: 10016
  Task: N/A
  Level: Error
  Opcode: Info
  Keyword: Classic
  User: S-1-5-21-448539723-879983540-682003330-24134
  User Name: ASPIAL\punitha_siddarth.tw
  Computer: ASP-OP-UPMKR3.ASPIAL.com
  Description: 
The application-specific permission settings do not grant Local Activation permission for the COM Server application with CLSID 
{D63B10C5-BB46-4990-A94F-E40B9D520160}
 and APPID 
{9CA88EE3-ACB7-47C8-AFC4-AB702511C276}
 to the user ASPIAL\punitha_siddarth.tw SID (S-1-5-21-448539723-879983540-682003330-24134) from address LocalHost (Using LRPC) running in the application container Unavailable SID (Unavailable). This security permission can be modified using the Component Services administrative tool.

Event[99]:
  Log Name: System
  Source: Microsoft-Windows-DistributedCOM
  Date: 2025-03-11T11:04:00.619
  Event ID: 10016
  Task: N/A
  Level: Error
  Opcode: Info
  Keyword: Classic
  User: S-1-5-21-448539723-879983540-682003330-24134
  User Name: ASPIAL\punitha_siddarth.tw
  Computer: ASP-OP-UPMKR3.ASPIAL.com
  Description: 
The application-specific permission settings do not grant Local Activation permission for the COM Server application with CLSID 
{D63B10C5-BB46-4990-A94F-E40B9D520160}
 and APPID 
{9CA88EE3-ACB7-47C8-AFC4-AB702511C276}
 to the user ASPIAL\punitha_siddarth.tw SID (S-1-5-21-448539723-879983540-682003330-24134) from address LocalHost (Using LRPC) running in the application container Unavailable SID (Unavailable). This security permission can be modified using the Component Services administrative tool.


--------------------------- 100 latest errors in Application eventlog ----------------------------
Event[0]:
  Log Name: Application
  Source: Microsoft-Windows-COMRuntime
  Date: 2025-03-11T15:57:31.879
  Event ID: 10031
  Task: N/A
  Level: Error
  Opcode: Info
  Keyword: Classic
  User: N/A
  User Name: N/A
  Computer: ASP-OP-UPMKR3.ASPIAL.com
  Description: 
An unmarshaling policy check was performed when unmarshaling a custom marshaled object and the class {45FB4600-E6E8-4928-B25E-50476FF79425} was rejected

Event[1]:
  Log Name: Application
  Source: Microsoft-Windows-COMRuntime
  Date: 2025-03-11T15:56:42.087
  Event ID: 10031
  Task: N/A
  Level: Error
  Opcode: Info
  Keyword: Classic
  User: N/A
  User Name: N/A
  Computer: ASP-OP-UPMKR3.ASPIAL.com
  Description: 
An unmarshaling policy check was performed when unmarshaling a custom marshaled object and the class {45FB4600-E6E8-4928-B25E-50476FF79425} was rejected

Event[2]:
  Log Name: Application
  Source: Microsoft-Windows-COMRuntime
  Date: 2025-03-11T14:58:37.803
  Event ID: 10031
  Task: N/A
  Level: Error
  Opcode: Info
  Keyword: Classic
  User: N/A
  User Name: N/A
  Computer: ASP-OP-UPMKR3.ASPIAL.com
  Description: 
An unmarshaling policy check was performed when unmarshaling a custom marshaled object and the class {45FB4600-E6E8-4928-B25E-50476FF79425} was rejected

Event[3]:
  Log Name: Application
  Source: Microsoft-Windows-COMRuntime
  Date: 2025-03-11T14:58:37.803
  Event ID: 10031
  Task: N/A
  Level: Error
  Opcode: Info
  Keyword: Classic
  User: N/A
  User Name: N/A
  Computer: ASP-OP-UPMKR3.ASPIAL.com
  Description: 
An unmarshaling policy check was performed when unmarshaling a custom marshaled object and the class {45FB4600-E6E8-4928-B25E-50476FF79425} was rejected

Event[4]:
  Log Name: Application
  Source: Microsoft-Windows-COMRuntime
  Date: 2025-03-11T13:58:37.705
  Event ID: 10031
  Task: N/A
  Level: Error
  Opcode: Info
  Keyword: Classic
  User: N/A
  User Name: N/A
  Computer: ASP-OP-UPMKR3.ASPIAL.com
  Description: 
An unmarshaling policy check was performed when unmarshaling a custom marshaled object and the class {45FB4600-E6E8-4928-B25E-50476FF79425} was rejected

Event[5]:
  Log Name: Application
  Source: Microsoft-Windows-COMRuntime
  Date: 2025-03-11T13:58:37.705
  Event ID: 10031
  Task: N/A
  Level: Error
  Opcode: Info
  Keyword: Classic
  User: N/A
  User Name: N/A
  Computer: ASP-OP-UPMKR3.ASPIAL.com
  Description: 
An unmarshaling policy check was performed when unmarshaling a custom marshaled object and the class {45FB4600-E6E8-4928-B25E-50476FF79425} was rejected

Event[6]:
  Log Name: Application
  Source: Microsoft-Windows-COMRuntime
  Date: 2025-03-11T12:58:37.672
  Event ID: 10031
  Task: N/A
  Level: Error
  Opcode: Info
  Keyword: Classic
  User: N/A
  User Name: N/A
  Computer: ASP-OP-UPMKR3.ASPIAL.com
  Description: 
An unmarshaling policy check was performed when unmarshaling a custom marshaled object and the class {45FB4600-E6E8-4928-B25E-50476FF79425} was rejected

Event[7]:
  Log Name: Application
  Source: Microsoft-Windows-COMRuntime
  Date: 2025-03-11T12:45:37.490
  Event ID: 10031
  Task: N/A
  Level: Error
  Opcode: Info
  Keyword: Classic
  User: N/A
  User Name: N/A
  Computer: ASP-OP-UPMKR3.ASPIAL.com
  Description: 
An unmarshaling policy check was performed when unmarshaling a custom marshaled object and the class {45FB4600-E6E8-4928-B25E-50476FF79425} was rejected

Event[8]:
  Log Name: Application
  Source: Microsoft-Windows-COMRuntime
  Date: 2025-03-11T11:58:37.638
  Event ID: 10031
  Task: N/A
  Level: Error
  Opcode: Info
  Keyword: Classic
  User: N/A
  User Name: N/A
  Computer: ASP-OP-UPMKR3.ASPIAL.com
  Description: 
An unmarshaling policy check was performed when unmarshaling a custom marshaled object and the class {45FB4600-E6E8-4928-B25E-50476FF79425} was rejected

Event[9]:
  Log Name: Application
  Source: Microsoft-Windows-COMRuntime
  Date: 2025-03-11T11:56:42.160
  Event ID: 10031
  Task: N/A
  Level: Error
  Opcode: Info
  Keyword: Classic
  User: N/A
  User Name: N/A
  Computer: ASP-OP-UPMKR3.ASPIAL.com
  Description: 
An unmarshaling policy check was performed when unmarshaling a custom marshaled object and the class {45FB4600-E6E8-4928-B25E-50476FF79425} was rejected

Event[10]:
  Log Name: Application
  Source: Microsoft-Windows-COMRuntime
  Date: 2025-03-11T10:58:37.572
  Event ID: 10031
  Task: N/A
  Level: Error
  Opcode: Info
  Keyword: Classic
  User: N/A
  User Name: N/A
  Computer: ASP-OP-UPMKR3.ASPIAL.com
  Description: 
An unmarshaling policy check was performed when unmarshaling a custom marshaled object and the class {45FB4600-E6E8-4928-B25E-50476FF79425} was rejected

Event[11]:
  Log Name: Application
  Source: Microsoft-Windows-COMRuntime
  Date: 2025-03-11T10:54:38.853
  Event ID: 10031
  Task: N/A
  Level: Error
  Opcode: Info
  Keyword: Classic
  User: N/A
  User Name: N/A
  Computer: ASP-OP-UPMKR3.ASPIAL.com
  Description: 
An unmarshaling policy check was performed when unmarshaling a custom marshaled object and the class {45FB4600-E6E8-4928-B25E-50476FF79425} was rejected

Event[12]:
  Log Name: Application
  Source: Microsoft-Windows-COMRuntime
  Date: 2025-03-11T09:58:37.521
  Event ID: 10031
  Task: N/A
  Level: Error
  Opcode: Info
  Keyword: Classic
  User: N/A
  User Name: N/A
  Computer: ASP-OP-UPMKR3.ASPIAL.com
  Description: 
An unmarshaling policy check was performed when unmarshaling a custom marshaled object and the class {45FB4600-E6E8-4928-B25E-50476FF79425} was rejected

Event[13]:
  Log Name: Application
  Source: Microsoft-Windows-COMRuntime
  Date: 2025-03-11T09:58:37.521
  Event ID: 10031
  Task: N/A
  Level: Error
  Opcode: Info
  Keyword: Classic
  User: N/A
  User Name: N/A
  Computer: ASP-OP-UPMKR3.ASPIAL.com
  Description: 
An unmarshaling policy check was performed when unmarshaling a custom marshaled object and the class {45FB4600-E6E8-4928-B25E-50476FF79425} was rejected

Event[14]:
  Log Name: Application
  Source: Microsoft-Windows-COMRuntime
  Date: 2025-03-11T08:58:37.492
  Event ID: 10031
  Task: N/A
  Level: Error
  Opcode: Info
  Keyword: Classic
  User: N/A
  User Name: N/A
  Computer: ASP-OP-UPMKR3.ASPIAL.com
  Description: 
An unmarshaling policy check was performed when unmarshaling a custom marshaled object and the class {45FB4600-E6E8-4928-B25E-50476FF79425} was rejected

Event[15]:
  Log Name: Application
  Source: Microsoft-Windows-COMRuntime
  Date: 2025-03-11T08:47:39.024
  Event ID: 10031
  Task: N/A
  Level: Error
  Opcode: Info
  Keyword: Classic
  User: N/A
  User Name: N/A
  Computer: ASP-OP-UPMKR3.ASPIAL.com
  Description: 
An unmarshaling policy check was performed when unmarshaling a custom marshaled object and the class {45FB4600-E6E8-4928-B25E-50476FF79425} was rejected

Event[16]:
  Log Name: Application
  Source: Microsoft-Windows-COMRuntime
  Date: 2025-03-11T07:57:47.578
  Event ID: 10031
  Task: N/A
  Level: Error
  Opcode: Info
  Keyword: Classic
  User: N/A
  User Name: N/A
  Computer: ASP-OP-UPMKR3.ASPIAL.com
  Description: 
An unmarshaling policy check was performed when unmarshaling a custom marshaled object and the class {45FB4600-E6E8-4928-B25E-50476FF79425} was rejected

Event[17]:
  Log Name: Application
  Source: pgagent-pg11
  Date: 2025-03-11T07:56:26.070
  Event ID: 0
  Task: N/A
  Level: Error
  Opcode: Info
  Keyword: Classic
  User: N/A
  User Name: N/A
  Computer: ASP-OP-UPMKR3.ASPIAL.com
  Description: 
Couldn't find the function 'pgagent_schema_version' - please run pgagent_upgrade.sql.

Event[18]:
  Log Name: Application
  Source: pgagent-pg11
  Date: 2025-03-11T07:56:26.070
  Event ID: 0
  Task: N/A
  Level: Error
  Opcode: Info
  Keyword: Classic
  User: N/A
  User Name: N/A
  Computer: ASP-OP-UPMKR3.ASPIAL.com
  Description: 
Could not find the table 'pgagent.pga_job'. Have you run pgagent.sql on this database?

Event[19]:
  Log Name: Application
  Source: Microsoft-Windows-Perflib
  Date: 2025-03-11T07:56:25.789
  Event ID: 1008
  Task: N/A
  Level: Error
  Opcode: N/A
  Keyword: Classic
  User: N/A
  User Name: N/A
  Computer: ASP-OP-UPMKR3.ASPIAL.com
  Description: 
The Open Procedure for service "BITS" in DLL "C:\Windows\System32\bitsperf.dll" failed. Performance data for this service will not be available. The first four bytes (DWORD) of the Data section contains the error code.

Event[20]:
  Log Name: Application
  Source: Microsoft-Windows-COMRuntime
  Date: 2025-03-10T15:58:31.674
  Event ID: 10031
  Task: N/A
  Level: Error
  Opcode: Info
  Keyword: Classic
  User: N/A
  User Name: N/A
  Computer: ASP-OP-UPMKR3.ASPIAL.com
  Description: 
An unmarshaling policy check was performed when unmarshaling a custom marshaled object and the class {45FB4600-E6E8-4928-B25E-50476FF79425} was rejected

Event[21]:
  Log Name: Application
  Source: Microsoft-Windows-COMRuntime
  Date: 2025-03-10T15:56:36.100
  Event ID: 10031
  Task: N/A
  Level: Error
  Opcode: Info
  Keyword: Classic
  User: N/A
  User Name: N/A
  Computer: ASP-OP-UPMKR3.ASPIAL.com
  Description: 
An unmarshaling policy check was performed when unmarshaling a custom marshaled object and the class {45FB4600-E6E8-4928-B25E-50476FF79425} was rejected

Event[22]:
  Log Name: Application
  Source: Microsoft-Windows-COMRuntime
  Date: 2025-03-10T14:58:31.630
  Event ID: 10031
  Task: N/A
  Level: Error
  Opcode: Info
  Keyword: Classic
  User: N/A
  User Name: N/A
  Computer: ASP-OP-UPMKR3.ASPIAL.com
  Description: 
An unmarshaling policy check was performed when unmarshaling a custom marshaled object and the class {45FB4600-E6E8-4928-B25E-50476FF79425} was rejected

Event[23]:
  Log Name: Application
  Source: Microsoft-Windows-COMRuntime
  Date: 2025-03-10T14:49:32.060
  Event ID: 10031
  Task: N/A
  Level: Error
  Opcode: Info
  Keyword: Classic
  User: N/A
  User Name: N/A
  Computer: ASP-OP-UPMKR3.ASPIAL.com
  Description: 
An unmarshaling policy check was performed when unmarshaling a custom marshaled object and the class {45FB4600-E6E8-4928-B25E-50476FF79425} was rejected

Event[24]:
  Log Name: Application
  Source: Microsoft-Windows-COMRuntime
  Date: 2025-03-10T13:58:31.587
  Event ID: 10031
  Task: N/A
  Level: Error
  Opcode: Info
  Keyword: Classic
  User: N/A
  User Name: N/A
  Computer: ASP-OP-UPMKR3.ASPIAL.com
  Description: 
An unmarshaling policy check was performed when unmarshaling a custom marshaled object and the class {45FB4600-E6E8-4928-B25E-50476FF79425} was rejected

Event[25]:
  Log Name: Application
  Source: Microsoft-Windows-COMRuntime
  Date: 2025-03-10T13:31:32.228
  Event ID: 10031
  Task: N/A
  Level: Error
  Opcode: Info
  Keyword: Classic
  User: N/A
  User Name: N/A
  Computer: ASP-OP-UPMKR3.ASPIAL.com
  Description: 
An unmarshaling policy check was performed when unmarshaling a custom marshaled object and the class {45FB4600-E6E8-4928-B25E-50476FF79425} was rejected

Event[26]:
  Log Name: Application
  Source: Microsoft-Windows-COMRuntime
  Date: 2025-03-10T12:58:31.498
  Event ID: 10031
  Task: N/A
  Level: Error
  Opcode: Info
  Keyword: Classic
  User: N/A
  User Name: N/A
  Computer: ASP-OP-UPMKR3.ASPIAL.com
  Description: 
An unmarshaling policy check was performed when unmarshaling a custom marshaled object and the class {45FB4600-E6E8-4928-B25E-50476FF79425} was rejected

Event[27]:
  Log Name: Application
  Source: Microsoft-Windows-COMRuntime
  Date: 2025-03-10T12:56:36.079
  Event ID: 10031
  Task: N/A
  Level: Error
  Opcode: Info
  Keyword: Classic
  User: N/A
  User Name: N/A
  Computer: ASP-OP-UPMKR3.ASPIAL.com
  Description: 
An unmarshaling policy check was performed when unmarshaling a custom marshaled object and the class {45FB4600-E6E8-4928-B25E-50476FF79425} was rejected

Event[28]:
  Log Name: Application
  Source: Microsoft-Windows-COMRuntime
  Date: 2025-03-10T11:58:31.476
  Event ID: 10031
  Task: N/A
  Level: Error
  Opcode: Info
  Keyword: Classic
  User: N/A
  User Name: N/A
  Computer: ASP-OP-UPMKR3.ASPIAL.com
  Description: 
An unmarshaling policy check was performed when unmarshaling a custom marshaled object and the class {45FB4600-E6E8-4928-B25E-50476FF79425} was rejected

Event[29]:
  Log Name: Application
  Source: Microsoft-Windows-COMRuntime
  Date: 2025-03-10T11:49:32.353
  Event ID: 10031
  Task: N/A
  Level: Error
  Opcode: Info
  Keyword: Classic
  User: N/A
  User Name: N/A
  Computer: ASP-OP-UPMKR3.ASPIAL.com
  Description: 
An unmarshaling policy check was performed when unmarshaling a custom marshaled object and the class {45FB4600-E6E8-4928-B25E-50476FF79425} was rejected

Event[30]:
  Log Name: Application
  Source: Microsoft-Windows-COMRuntime
  Date: 2025-03-10T10:58:31.430
  Event ID: 10031
  Task: N/A
  Level: Error
  Opcode: Info
  Keyword: Classic
  User: N/A
  User Name: N/A
  Computer: ASP-OP-UPMKR3.ASPIAL.com
  Description: 
An unmarshaling policy check was performed when unmarshaling a custom marshaled object and the class {45FB4600-E6E8-4928-B25E-50476FF79425} was rejected

Event[31]:
  Log Name: Application
  Source: Microsoft-Windows-COMRuntime
  Date: 2025-03-10T10:38:32.699
  Event ID: 10031
  Task: N/A
  Level: Error
  Opcode: Info
  Keyword: Classic
  User: N/A
  User Name: N/A
  Computer: ASP-OP-UPMKR3.ASPIAL.com
  Description: 
An unmarshaling policy check was performed when unmarshaling a custom marshaled object and the class {45FB4600-E6E8-4928-B25E-50476FF79425} was rejected

Event[32]:
  Log Name: Application
  Source: Microsoft-Windows-COMRuntime
  Date: 2025-03-10T09:58:31.355
  Event ID: 10031
  Task: N/A
  Level: Error
  Opcode: Info
  Keyword: Classic
  User: N/A
  User Name: N/A
  Computer: ASP-OP-UPMKR3.ASPIAL.com
  Description: 
An unmarshaling policy check was performed when unmarshaling a custom marshaled object and the class {45FB4600-E6E8-4928-B25E-50476FF79425} was rejected

Event[33]:
  Log Name: Application
  Source: Microsoft-Windows-COMRuntime
  Date: 2025-03-10T09:58:31.355
  Event ID: 10031
  Task: N/A
  Level: Error
  Opcode: Info
  Keyword: Classic
  User: N/A
  User Name: N/A
  Computer: ASP-OP-UPMKR3.ASPIAL.com
  Description: 
An unmarshaling policy check was performed when unmarshaling a custom marshaled object and the class {45FB4600-E6E8-4928-B25E-50476FF79425} was rejected

Event[34]:
  Log Name: Application
  Source: Microsoft-Windows-COMRuntime
  Date: 2025-03-10T08:58:31.259
  Event ID: 10031
  Task: N/A
  Level: Error
  Opcode: Info
  Keyword: Classic
  User: N/A
  User Name: N/A
  Computer: ASP-OP-UPMKR3.ASPIAL.com
  Description: 
An unmarshaling policy check was performed when unmarshaling a custom marshaled object and the class {45FB4600-E6E8-4928-B25E-50476FF79425} was rejected

Event[35]:
  Log Name: Application
  Source: Microsoft-Windows-COMRuntime
  Date: 2025-03-10T08:45:32.481
  Event ID: 10031
  Task: N/A
  Level: Error
  Opcode: Info
  Keyword: Classic
  User: N/A
  User Name: N/A
  Computer: ASP-OP-UPMKR3.ASPIAL.com
  Description: 
An unmarshaling policy check was performed when unmarshaling a custom marshaled object and the class {45FB4600-E6E8-4928-B25E-50476FF79425} was rejected

Event[36]:
  Log Name: Application
  Source: Microsoft-Windows-Defrag
  Date: 2025-03-10T08:06:42.636
  Event ID: 257
  Task: N/A
  Level: Error
  Opcode: N/A
  Keyword: Classic
  User: N/A
  User Name: N/A
  Computer: ASP-OP-UPMKR3.ASPIAL.com
  Description: 
The volume (C:) was not optimized because an error was encountered: Neither Slab Consolidation nor Slab Analysis will run if slabs are less than 8 MB. (0x8900002D)

Event[37]:
  Log Name: Application
  Source: Microsoft-Windows-Defrag
  Date: 2025-03-10T08:06:35.335
  Event ID: 257
  Task: N/A
  Level: Error
  Opcode: N/A
  Keyword: Classic
  User: N/A
  User Name: N/A
  Computer: ASP-OP-UPMKR3.ASPIAL.com
  Description: 
The volume DATA (D:) was not optimized because an error was encountered: Neither Slab Consolidation nor Slab Analysis will run if slabs are less than 8 MB. (0x8900002D)

Event[38]:
  Log Name: Application
  Source: Microsoft-Windows-Defrag
  Date: 2025-03-10T08:06:34.579
  Event ID: 257
  Task: N/A
  Level: Error
  Opcode: N/A
  Keyword: Classic
  User: N/A
  User Name: N/A
  Computer: ASP-OP-UPMKR3.ASPIAL.com
  Description: 
The volume Temporary Storage (E:) was not optimized because an error was encountered: Neither Slab Consolidation nor Slab Analysis will run if slabs are less than 8 MB. (0x8900002D)

Event[39]:
  Log Name: Application
  Source: Microsoft-Windows-Defrag
  Date: 2025-03-10T08:06:33.925
  Event ID: 257
  Task: N/A
  Level: Error
  Opcode: N/A
  Keyword: Classic
  User: N/A
  User Name: N/A
  Computer: ASP-OP-UPMKR3.ASPIAL.com
  Description: 
The volume System Reserved was not optimized because an error was encountered: Neither Slab Consolidation nor Slab Analysis will run if slabs are less than 8 MB. (0x8900002D)

Event[40]:
  Log Name: Application
  Source: Microsoft-Windows-COMRuntime
  Date: 2025-03-10T07:57:28.994
  Event ID: 10031
  Task: N/A
  Level: Error
  Opcode: Info
  Keyword: Classic
  User: N/A
  User Name: N/A
  Computer: ASP-OP-UPMKR3.ASPIAL.com
  Description: 
An unmarshaling policy check was performed when unmarshaling a custom marshaled object and the class {45FB4600-E6E8-4928-B25E-50476FF79425} was rejected

Event[41]:
  Log Name: Application
  Source: Microsoft-Windows-Perflib
  Date: 2025-03-10T07:56:21.242
  Event ID: 1008
  Task: N/A
  Level: Error
  Opcode: N/A
  Keyword: Classic
  User: N/A
  User Name: N/A
  Computer: ASP-OP-UPMKR3.ASPIAL.com
  Description: 
The Open Procedure for service "BITS" in DLL "C:\Windows\System32\bitsperf.dll" failed. Performance data for this service will not be available. The first four bytes (DWORD) of the Data section contains the error code.

Event[42]:
  Log Name: Application
  Source: pgagent-pg11
  Date: 2025-03-10T07:56:21.226
  Event ID: 0
  Task: N/A
  Level: Error
  Opcode: Info
  Keyword: Classic
  User: N/A
  User Name: N/A
  Computer: ASP-OP-UPMKR3.ASPIAL.com
  Description: 
Could not find the table 'pgagent.pga_job'. Have you run pgagent.sql on this database?

Event[43]:
  Log Name: Application
  Source: Microsoft-Windows-COMRuntime
  Date: 2025-03-07T15:58:37.741
  Event ID: 10031
  Task: N/A
  Level: Error
  Opcode: Info
  Keyword: Classic
  User: N/A
  User Name: N/A
  Computer: ASP-OP-UPMKR3.ASPIAL.com
  Description: 
An unmarshaling policy check was performed when unmarshaling a custom marshaled object and the class {45FB4600-E6E8-4928-B25E-50476FF79425} was rejected

Event[44]:
  Log Name: Application
  Source: Microsoft-Windows-COMRuntime
  Date: 2025-03-07T15:28:38.187
  Event ID: 10031
  Task: N/A
  Level: Error
  Opcode: Info
  Keyword: Classic
  User: N/A
  User Name: N/A
  Computer: ASP-OP-UPMKR3.ASPIAL.com
  Description: 
An unmarshaling policy check was performed when unmarshaling a custom marshaled object and the class {45FB4600-E6E8-4928-B25E-50476FF79425} was rejected

Event[45]:
  Log Name: Application
  Source: Microsoft-Windows-COMRuntime
  Date: 2025-03-07T14:57:38.979
  Event ID: 10031
  Task: N/A
  Level: Error
  Opcode: Info
  Keyword: Classic
  User: N/A
  User Name: N/A
  Computer: ASP-OP-UPMKR3.ASPIAL.com
  Description: 
An unmarshaling policy check was performed when unmarshaling a custom marshaled object and the class {45FB4600-E6E8-4928-B25E-50476FF79425} was rejected

Event[46]:
  Log Name: Application
  Source: Microsoft-Windows-COMRuntime
  Date: 2025-03-07T14:35:38.797
  Event ID: 10031
  Task: N/A
  Level: Error
  Opcode: Info
  Keyword: Classic
  User: N/A
  User Name: N/A
  Computer: ASP-OP-UPMKR3.ASPIAL.com
  Description: 
An unmarshaling policy check was performed when unmarshaling a custom marshaled object and the class {45FB4600-E6E8-4928-B25E-50476FF79425} was rejected

Event[47]:
  Log Name: Application
  Source: Microsoft-Windows-COMRuntime
  Date: 2025-03-07T13:58:37.676
  Event ID: 10031
  Task: N/A
  Level: Error
  Opcode: Info
  Keyword: Classic
  User: N/A
  User Name: N/A
  Computer: ASP-OP-UPMKR3.ASPIAL.com
  Description: 
An unmarshaling policy check was performed when unmarshaling a custom marshaled object and the class {45FB4600-E6E8-4928-B25E-50476FF79425} was rejected

Event[48]:
  Log Name: Application
  Source: Microsoft-Windows-COMRuntime
  Date: 2025-03-07T13:33:38.711
  Event ID: 10031
  Task: N/A
  Level: Error
  Opcode: Info
  Keyword: Classic
  User: N/A
  User Name: N/A
  Computer: ASP-OP-UPMKR3.ASPIAL.com
  Description: 
An unmarshaling policy check was performed when unmarshaling a custom marshaled object and the class {45FB4600-E6E8-4928-B25E-50476FF79425} was rejected

Event[49]:
  Log Name: Application
  Source: Microsoft-Windows-COMRuntime
  Date: 2025-03-07T12:58:37.577
  Event ID: 10031
  Task: N/A
  Level: Error
  Opcode: Info
  Keyword: Classic
  User: N/A
  User Name: N/A
  Computer: ASP-OP-UPMKR3.ASPIAL.com
  Description: 
An unmarshaling policy check was performed when unmarshaling a custom marshaled object and the class {45FB4600-E6E8-4928-B25E-50476FF79425} was rejected

Event[50]:
  Log Name: Application
  Source: Microsoft-Windows-COMRuntime
  Date: 2025-03-07T12:58:37.577
  Event ID: 10031
  Task: N/A
  Level: Error
  Opcode: Info
  Keyword: Classic
  User: N/A
  User Name: N/A
  Computer: ASP-OP-UPMKR3.ASPIAL.com
  Description: 
An unmarshaling policy check was performed when unmarshaling a custom marshaled object and the class {45FB4600-E6E8-4928-B25E-50476FF79425} was rejected

